2025-01-29 20:35:38,834 - root - INFO - Starting OpenNeuro Desktop Application
2025-01-29 20:35:38,936 - botocore.credentials - INFO - Found credentials in shared credentials file: ~/.aws/credentials
2025-01-29 20:41:29,894 - datalad.core.distributed.clone - INFO - Attempting a clone into /Users/janinegraser/PycharmProjects/openneuro_preprocessing_API/openneuro_app/temp/ds005691
2025-01-29 20:41:29,906 - datalad.core.distributed.clone - INFO - Attempting to clone from https://github.com/OpenNeuroDatasets/ds005691 to /Users/janinegraser/PycharmProjects/openneuro_preprocessing_API/openneuro_app/temp/ds005691
2025-01-29 20:41:30,531 - datalad.gitrepo - INFO - Start enumerating objects
2025-01-29 20:41:30,533 - datalad.gitrepo - INFO - Finished enumerating objects
2025-01-29 20:41:30,534 - datalad.gitrepo - INFO - Start counting objects
2025-01-29 20:41:30,534 - datalad.gitrepo - INFO - remote: Counting objects:   0% (1/376)
2025-01-29 20:41:30,534 - datalad.gitrepo - INFO - remote: Counting objects:   1% (4/376)
2025-01-29 20:41:30,535 - datalad.gitrepo - INFO - remote: Counting objects:   2% (8/376)
2025-01-29 20:41:30,535 - datalad.gitrepo - INFO - remote: Counting objects:   3% (12/376)
2025-01-29 20:41:30,535 - datalad.gitrepo - INFO - remote: Counting objects:   4% (16/376)
2025-01-29 20:41:30,535 - datalad.gitrepo - INFO - remote: Counting objects:   5% (19/376)
2025-01-29 20:41:30,535 - datalad.gitrepo - INFO - remote: Counting objects:   6% (23/376)
2025-01-29 20:41:30,535 - datalad.gitrepo - INFO - remote: Counting objects:   7% (27/376)
2025-01-29 20:41:30,535 - datalad.gitrepo - INFO - remote: Counting objects:   8% (31/376)
2025-01-29 20:41:30,535 - datalad.gitrepo - INFO - remote: Counting objects:   9% (34/376)
2025-01-29 20:41:30,535 - datalad.gitrepo - INFO - remote: Counting objects:  10% (38/376)
2025-01-29 20:41:30,535 - datalad.gitrepo - INFO - remote: Counting objects:  11% (42/376)
2025-01-29 20:41:30,535 - datalad.gitrepo - INFO - remote: Counting objects:  12% (46/376)
2025-01-29 20:41:30,535 - datalad.gitrepo - INFO - remote: Counting objects:  13% (49/376)
2025-01-29 20:41:30,535 - datalad.gitrepo - INFO - remote: Counting objects:  14% (53/376)
2025-01-29 20:41:30,535 - datalad.gitrepo - INFO - remote: Counting objects:  15% (57/376)
2025-01-29 20:41:30,535 - datalad.gitrepo - INFO - remote: Counting objects:  16% (61/376)
2025-01-29 20:41:30,535 - datalad.gitrepo - INFO - remote: Counting objects:  17% (64/376)
2025-01-29 20:41:30,535 - datalad.gitrepo - INFO - remote: Counting objects:  18% (68/376)
2025-01-29 20:41:30,535 - datalad.gitrepo - INFO - remote: Counting objects:  19% (72/376)
2025-01-29 20:41:30,535 - datalad.gitrepo - INFO - remote: Counting objects:  20% (76/376)
2025-01-29 20:41:30,536 - datalad.gitrepo - INFO - remote: Counting objects:  21% (79/376)
2025-01-29 20:41:30,536 - datalad.gitrepo - INFO - remote: Counting objects:  22% (83/376)
2025-01-29 20:41:30,536 - datalad.gitrepo - INFO - remote: Counting objects:  23% (87/376)
2025-01-29 20:41:30,536 - datalad.gitrepo - INFO - remote: Counting objects:  24% (91/376)
2025-01-29 20:41:30,536 - datalad.gitrepo - INFO - remote: Counting objects:  25% (94/376)
2025-01-29 20:41:30,536 - datalad.gitrepo - INFO - remote: Counting objects:  26% (98/376)
2025-01-29 20:41:30,536 - datalad.gitrepo - INFO - remote: Counting objects:  27% (102/376)
2025-01-29 20:41:30,536 - datalad.gitrepo - INFO - remote: Counting objects:  28% (106/376)
2025-01-29 20:41:30,536 - datalad.gitrepo - INFO - remote: Counting objects:  29% (110/376)
2025-01-29 20:41:30,536 - datalad.gitrepo - INFO - remote: Counting objects:  30% (113/376)
2025-01-29 20:41:30,536 - datalad.gitrepo - INFO - remote: Counting objects:  31% (117/376)
2025-01-29 20:41:30,536 - datalad.gitrepo - INFO - remote: Counting objects:  32% (121/376)
2025-01-29 20:41:30,536 - datalad.gitrepo - INFO - remote: Counting objects:  33% (125/376)
2025-01-29 20:41:30,536 - datalad.gitrepo - INFO - remote: Counting objects:  34% (128/376)
2025-01-29 20:41:30,536 - datalad.gitrepo - INFO - remote: Counting objects:  35% (132/376)
2025-01-29 20:41:30,536 - datalad.gitrepo - INFO - remote: Counting objects:  36% (136/376)
2025-01-29 20:41:30,536 - datalad.gitrepo - INFO - remote: Counting objects:  37% (140/376)
2025-01-29 20:41:30,536 - datalad.gitrepo - INFO - remote: Counting objects:  38% (143/376)
2025-01-29 20:41:30,536 - datalad.gitrepo - INFO - remote: Counting objects:  39% (147/376)
2025-01-29 20:41:30,536 - datalad.gitrepo - INFO - remote: Counting objects:  40% (151/376)
2025-01-29 20:41:30,536 - datalad.gitrepo - INFO - remote: Counting objects:  41% (155/376)
2025-01-29 20:41:30,536 - datalad.gitrepo - INFO - remote: Counting objects:  42% (158/376)
2025-01-29 20:41:30,536 - datalad.gitrepo - INFO - remote: Counting objects:  43% (162/376)
2025-01-29 20:41:30,536 - datalad.gitrepo - INFO - remote: Counting objects:  44% (166/376)
2025-01-29 20:41:30,537 - datalad.gitrepo - INFO - remote: Counting objects:  45% (170/376)
2025-01-29 20:41:30,537 - datalad.gitrepo - INFO - remote: Counting objects:  46% (173/376)
2025-01-29 20:41:30,537 - datalad.gitrepo - INFO - remote: Counting objects:  47% (177/376)
2025-01-29 20:41:30,537 - datalad.gitrepo - INFO - remote: Counting objects:  48% (181/376)
2025-01-29 20:41:30,537 - datalad.gitrepo - INFO - remote: Counting objects:  49% (185/376)
2025-01-29 20:41:30,537 - datalad.gitrepo - INFO - remote: Counting objects:  50% (188/376)
2025-01-29 20:41:30,537 - datalad.gitrepo - INFO - remote: Counting objects:  51% (192/376)
2025-01-29 20:41:30,537 - datalad.gitrepo - INFO - remote: Counting objects:  52% (196/376)
2025-01-29 20:41:30,537 - datalad.gitrepo - INFO - remote: Counting objects:  53% (200/376)
2025-01-29 20:41:30,537 - datalad.gitrepo - INFO - remote: Counting objects:  54% (204/376)
2025-01-29 20:41:30,537 - datalad.gitrepo - INFO - remote: Counting objects:  55% (207/376)
2025-01-29 20:41:30,537 - datalad.gitrepo - INFO - remote: Counting objects:  56% (211/376)
2025-01-29 20:41:30,537 - datalad.gitrepo - INFO - remote: Counting objects:  57% (215/376)
2025-01-29 20:41:30,537 - datalad.gitrepo - INFO - remote: Counting objects:  58% (219/376)
2025-01-29 20:41:30,537 - datalad.gitrepo - INFO - remote: Counting objects:  59% (222/376)
2025-01-29 20:41:30,537 - datalad.gitrepo - INFO - remote: Counting objects:  60% (226/376)
2025-01-29 20:41:30,537 - datalad.gitrepo - INFO - remote: Counting objects:  61% (230/376)
2025-01-29 20:41:30,537 - datalad.gitrepo - INFO - remote: Counting objects:  62% (234/376)
2025-01-29 20:41:30,537 - datalad.gitrepo - INFO - remote: Counting objects:  63% (237/376)
2025-01-29 20:41:30,537 - datalad.gitrepo - INFO - remote: Counting objects:  64% (241/376)
2025-01-29 20:41:30,537 - datalad.gitrepo - INFO - remote: Counting objects:  65% (245/376)
2025-01-29 20:41:30,537 - datalad.gitrepo - INFO - remote: Counting objects:  66% (249/376)
2025-01-29 20:41:30,537 - datalad.gitrepo - INFO - remote: Counting objects:  67% (252/376)
2025-01-29 20:41:30,537 - datalad.gitrepo - INFO - remote: Counting objects:  68% (256/376)
2025-01-29 20:41:30,537 - datalad.gitrepo - INFO - remote: Counting objects:  69% (260/376)
2025-01-29 20:41:30,538 - datalad.gitrepo - INFO - remote: Counting objects:  70% (264/376)
2025-01-29 20:41:30,538 - datalad.gitrepo - INFO - remote: Counting objects:  71% (267/376)
2025-01-29 20:41:30,538 - datalad.gitrepo - INFO - remote: Counting objects:  72% (271/376)
2025-01-29 20:41:30,538 - datalad.gitrepo - INFO - remote: Counting objects:  73% (275/376)
2025-01-29 20:41:30,538 - datalad.gitrepo - INFO - remote: Counting objects:  74% (279/376)
2025-01-29 20:41:30,538 - datalad.gitrepo - INFO - remote: Counting objects:  75% (282/376)
2025-01-29 20:41:30,538 - datalad.gitrepo - INFO - remote: Counting objects:  76% (286/376)
2025-01-29 20:41:30,538 - datalad.gitrepo - INFO - remote: Counting objects:  77% (290/376)
2025-01-29 20:41:30,538 - datalad.gitrepo - INFO - remote: Counting objects:  78% (294/376)
2025-01-29 20:41:30,538 - datalad.gitrepo - INFO - remote: Counting objects:  79% (298/376)
2025-01-29 20:41:30,538 - datalad.gitrepo - INFO - remote: Counting objects:  80% (301/376)
2025-01-29 20:41:30,538 - datalad.gitrepo - INFO - remote: Counting objects:  81% (305/376)
2025-01-29 20:41:30,538 - datalad.gitrepo - INFO - remote: Counting objects:  82% (309/376)
2025-01-29 20:41:30,538 - datalad.gitrepo - INFO - remote: Counting objects:  83% (313/376)
2025-01-29 20:41:30,538 - datalad.gitrepo - INFO - remote: Counting objects:  84% (316/376)
2025-01-29 20:41:30,538 - datalad.gitrepo - INFO - remote: Counting objects:  85% (320/376)
2025-01-29 20:41:30,538 - datalad.gitrepo - INFO - remote: Counting objects:  86% (324/376)
2025-01-29 20:41:30,538 - datalad.gitrepo - INFO - remote: Counting objects:  87% (328/376)
2025-01-29 20:41:30,538 - datalad.gitrepo - INFO - remote: Counting objects:  88% (331/376)
2025-01-29 20:41:30,538 - datalad.gitrepo - INFO - remote: Counting objects:  89% (335/376)
2025-01-29 20:41:30,538 - datalad.gitrepo - INFO - remote: Counting objects:  90% (339/376)
2025-01-29 20:41:30,538 - datalad.gitrepo - INFO - remote: Counting objects:  91% (343/376)
2025-01-29 20:41:30,538 - datalad.gitrepo - INFO - remote: Counting objects:  92% (346/376)
2025-01-29 20:41:30,538 - datalad.gitrepo - INFO - remote: Counting objects:  93% (350/376)
2025-01-29 20:41:30,538 - datalad.gitrepo - INFO - remote: Counting objects:  94% (354/376)
2025-01-29 20:41:30,538 - datalad.gitrepo - INFO - remote: Counting objects:  95% (358/376)
2025-01-29 20:41:30,539 - datalad.gitrepo - INFO - remote: Counting objects:  96% (361/376)
2025-01-29 20:41:30,539 - datalad.gitrepo - INFO - remote: Counting objects:  97% (365/376)
2025-01-29 20:41:30,539 - datalad.gitrepo - INFO - remote: Counting objects:  98% (369/376)
2025-01-29 20:41:30,539 - datalad.gitrepo - INFO - remote: Counting objects:  99% (373/376)
2025-01-29 20:41:30,539 - datalad.gitrepo - INFO - remote: Counting objects: 100% (376/376)
2025-01-29 20:41:30,539 - datalad.gitrepo - INFO - remote: Counting objects: 100% (376/376), done.
2025-01-29 20:41:30,539 - datalad.gitrepo - INFO - Finished counting objects
2025-01-29 20:41:30,539 - datalad.gitrepo - INFO - Start compressing objects
2025-01-29 20:41:30,539 - datalad.gitrepo - INFO - remote: Compressing objects:   0% (1/239)
2025-01-29 20:41:30,539 - datalad.gitrepo - INFO - remote: Compressing objects:   1% (3/239)
2025-01-29 20:41:30,539 - datalad.gitrepo - INFO - remote: Compressing objects:   2% (5/239)
2025-01-29 20:41:30,539 - datalad.gitrepo - INFO - remote: Compressing objects:   3% (8/239)
2025-01-29 20:41:30,539 - datalad.gitrepo - INFO - remote: Compressing objects:   4% (10/239)
2025-01-29 20:41:30,539 - datalad.gitrepo - INFO - remote: Compressing objects:   5% (12/239)
2025-01-29 20:41:30,539 - datalad.gitrepo - INFO - remote: Compressing objects:   6% (15/239)
2025-01-29 20:41:30,539 - datalad.gitrepo - INFO - remote: Compressing objects:   7% (17/239)
2025-01-29 20:41:30,539 - datalad.gitrepo - INFO - remote: Compressing objects:   8% (20/239)
2025-01-29 20:41:30,539 - datalad.gitrepo - INFO - remote: Compressing objects:   9% (22/239)
2025-01-29 20:41:30,540 - datalad.gitrepo - INFO - remote: Compressing objects:  10% (24/239)
2025-01-29 20:41:30,540 - datalad.gitrepo - INFO - remote: Compressing objects:  11% (27/239)
2025-01-29 20:41:30,540 - datalad.gitrepo - INFO - remote: Compressing objects:  12% (29/239)
2025-01-29 20:41:30,540 - datalad.gitrepo - INFO - remote: Compressing objects:  13% (32/239)
2025-01-29 20:41:30,540 - datalad.gitrepo - INFO - remote: Compressing objects:  14% (34/239)
2025-01-29 20:41:30,540 - datalad.gitrepo - INFO - remote: Compressing objects:  15% (36/239)
2025-01-29 20:41:30,540 - datalad.gitrepo - INFO - remote: Compressing objects:  16% (39/239)
2025-01-29 20:41:30,540 - datalad.gitrepo - INFO - remote: Compressing objects:  17% (41/239)
2025-01-29 20:41:30,540 - datalad.gitrepo - INFO - remote: Compressing objects:  18% (44/239)
2025-01-29 20:41:30,540 - datalad.gitrepo - INFO - remote: Compressing objects:  19% (46/239)
2025-01-29 20:41:30,540 - datalad.gitrepo - INFO - remote: Compressing objects:  20% (48/239)
2025-01-29 20:41:30,540 - datalad.gitrepo - INFO - remote: Compressing objects:  21% (51/239)
2025-01-29 20:41:30,540 - datalad.gitrepo - INFO - remote: Compressing objects:  22% (53/239)
2025-01-29 20:41:30,540 - datalad.gitrepo - INFO - remote: Compressing objects:  23% (55/239)
2025-01-29 20:41:30,540 - datalad.gitrepo - INFO - remote: Compressing objects:  24% (58/239)
2025-01-29 20:41:30,540 - datalad.gitrepo - INFO - remote: Compressing objects:  25% (60/239)
2025-01-29 20:41:30,540 - datalad.gitrepo - INFO - remote: Compressing objects:  26% (63/239)
2025-01-29 20:41:30,540 - datalad.gitrepo - INFO - remote: Compressing objects:  27% (65/239)
2025-01-29 20:41:30,540 - datalad.gitrepo - INFO - remote: Compressing objects:  28% (67/239)
2025-01-29 20:41:30,540 - datalad.gitrepo - INFO - remote: Compressing objects:  29% (70/239)
2025-01-29 20:41:30,540 - datalad.gitrepo - INFO - remote: Compressing objects:  30% (72/239)
2025-01-29 20:41:30,540 - datalad.gitrepo - INFO - remote: Compressing objects:  31% (75/239)
2025-01-29 20:41:30,540 - datalad.gitrepo - INFO - remote: Compressing objects:  32% (77/239)
2025-01-29 20:41:30,540 - datalad.gitrepo - INFO - remote: Compressing objects:  33% (79/239)
2025-01-29 20:41:30,540 - datalad.gitrepo - INFO - remote: Compressing objects:  34% (82/239)
2025-01-29 20:41:30,541 - datalad.gitrepo - INFO - remote: Compressing objects:  35% (84/239)
2025-01-29 20:41:30,541 - datalad.gitrepo - INFO - remote: Compressing objects:  36% (87/239)
2025-01-29 20:41:30,541 - datalad.gitrepo - INFO - remote: Compressing objects:  37% (89/239)
2025-01-29 20:41:30,541 - datalad.gitrepo - INFO - remote: Compressing objects:  38% (91/239)
2025-01-29 20:41:30,541 - datalad.gitrepo - INFO - remote: Compressing objects:  39% (94/239)
2025-01-29 20:41:30,541 - datalad.gitrepo - INFO - remote: Compressing objects:  40% (96/239)
2025-01-29 20:41:30,541 - datalad.gitrepo - INFO - remote: Compressing objects:  41% (98/239)
2025-01-29 20:41:30,541 - datalad.gitrepo - INFO - remote: Compressing objects:  42% (101/239)
2025-01-29 20:41:30,541 - datalad.gitrepo - INFO - remote: Compressing objects:  43% (103/239)
2025-01-29 20:41:30,541 - datalad.gitrepo - INFO - remote: Compressing objects:  44% (106/239)
2025-01-29 20:41:30,541 - datalad.gitrepo - INFO - remote: Compressing objects:  45% (108/239)
2025-01-29 20:41:30,541 - datalad.gitrepo - INFO - remote: Compressing objects:  46% (110/239)
2025-01-29 20:41:30,541 - datalad.gitrepo - INFO - remote: Compressing objects:  47% (113/239)
2025-01-29 20:41:30,541 - datalad.gitrepo - INFO - remote: Compressing objects:  48% (115/239)
2025-01-29 20:41:30,541 - datalad.gitrepo - INFO - remote: Compressing objects:  49% (118/239)
2025-01-29 20:41:30,541 - datalad.gitrepo - INFO - remote: Compressing objects:  50% (120/239)
2025-01-29 20:41:30,541 - datalad.gitrepo - INFO - remote: Compressing objects:  51% (122/239)
2025-01-29 20:41:30,541 - datalad.gitrepo - INFO - remote: Compressing objects:  52% (125/239)
2025-01-29 20:41:30,541 - datalad.gitrepo - INFO - remote: Compressing objects:  53% (127/239)
2025-01-29 20:41:30,541 - datalad.gitrepo - INFO - remote: Compressing objects:  54% (130/239)
2025-01-29 20:41:30,541 - datalad.gitrepo - INFO - remote: Compressing objects:  55% (132/239)
2025-01-29 20:41:30,541 - datalad.gitrepo - INFO - remote: Compressing objects:  56% (134/239)
2025-01-29 20:41:30,541 - datalad.gitrepo - INFO - remote: Compressing objects:  57% (137/239)
2025-01-29 20:41:30,541 - datalad.gitrepo - INFO - remote: Compressing objects:  58% (139/239)
2025-01-29 20:41:30,541 - datalad.gitrepo - INFO - remote: Compressing objects:  59% (142/239)
2025-01-29 20:41:30,541 - datalad.gitrepo - INFO - remote: Compressing objects:  60% (144/239)
2025-01-29 20:41:30,542 - datalad.gitrepo - INFO - remote: Compressing objects:  61% (146/239)
2025-01-29 20:41:30,542 - datalad.gitrepo - INFO - remote: Compressing objects:  62% (149/239)
2025-01-29 20:41:30,542 - datalad.gitrepo - INFO - remote: Compressing objects:  63% (151/239)
2025-01-29 20:41:30,542 - datalad.gitrepo - INFO - remote: Compressing objects:  64% (153/239)
2025-01-29 20:41:30,542 - datalad.gitrepo - INFO - remote: Compressing objects:  65% (156/239)
2025-01-29 20:41:30,542 - datalad.gitrepo - INFO - remote: Compressing objects:  66% (158/239)
2025-01-29 20:41:30,542 - datalad.gitrepo - INFO - remote: Compressing objects:  67% (161/239)
2025-01-29 20:41:30,542 - datalad.gitrepo - INFO - remote: Compressing objects:  68% (163/239)
2025-01-29 20:41:30,542 - datalad.gitrepo - INFO - remote: Compressing objects:  69% (165/239)
2025-01-29 20:41:30,542 - datalad.gitrepo - INFO - remote: Compressing objects:  70% (168/239)
2025-01-29 20:41:30,542 - datalad.gitrepo - INFO - remote: Compressing objects:  71% (170/239)
2025-01-29 20:41:30,542 - datalad.gitrepo - INFO - remote: Compressing objects:  72% (173/239)
2025-01-29 20:41:30,542 - datalad.gitrepo - INFO - remote: Compressing objects:  73% (175/239)
2025-01-29 20:41:30,542 - datalad.gitrepo - INFO - remote: Compressing objects:  74% (177/239)
2025-01-29 20:41:30,542 - datalad.gitrepo - INFO - remote: Compressing objects:  75% (180/239)
2025-01-29 20:41:30,542 - datalad.gitrepo - INFO - remote: Compressing objects:  76% (182/239)
2025-01-29 20:41:30,542 - datalad.gitrepo - INFO - remote: Compressing objects:  77% (185/239)
2025-01-29 20:41:30,542 - datalad.gitrepo - INFO - remote: Compressing objects:  78% (187/239)
2025-01-29 20:41:30,542 - datalad.gitrepo - INFO - remote: Compressing objects:  79% (189/239)
2025-01-29 20:41:30,542 - datalad.gitrepo - INFO - remote: Compressing objects:  80% (192/239)
2025-01-29 20:41:30,542 - datalad.gitrepo - INFO - remote: Compressing objects:  81% (194/239)
2025-01-29 20:41:30,542 - datalad.gitrepo - INFO - remote: Compressing objects:  82% (196/239)
2025-01-29 20:41:30,542 - datalad.gitrepo - INFO - remote: Compressing objects:  83% (199/239)
2025-01-29 20:41:30,543 - datalad.gitrepo - INFO - remote: Compressing objects:  84% (201/239)
2025-01-29 20:41:30,543 - datalad.gitrepo - INFO - remote: Compressing objects:  85% (204/239)
2025-01-29 20:41:30,543 - datalad.gitrepo - INFO - remote: Compressing objects:  86% (206/239)
2025-01-29 20:41:30,543 - datalad.gitrepo - INFO - remote: Compressing objects:  87% (208/239)
2025-01-29 20:41:30,543 - datalad.gitrepo - INFO - remote: Compressing objects:  88% (211/239)
2025-01-29 20:41:30,543 - datalad.gitrepo - INFO - remote: Compressing objects:  89% (213/239)
2025-01-29 20:41:30,543 - datalad.gitrepo - INFO - remote: Compressing objects:  90% (216/239)
2025-01-29 20:41:30,543 - datalad.gitrepo - INFO - remote: Compressing objects:  91% (218/239)
2025-01-29 20:41:30,543 - datalad.gitrepo - INFO - remote: Compressing objects:  92% (220/239)
2025-01-29 20:41:30,543 - datalad.gitrepo - INFO - remote: Compressing objects:  93% (223/239)
2025-01-29 20:41:30,543 - datalad.gitrepo - INFO - remote: Compressing objects:  94% (225/239)
2025-01-29 20:41:30,543 - datalad.gitrepo - INFO - remote: Compressing objects:  95% (228/239)
2025-01-29 20:41:30,543 - datalad.gitrepo - INFO - remote: Compressing objects:  96% (230/239)
2025-01-29 20:41:30,543 - datalad.gitrepo - INFO - remote: Compressing objects:  97% (232/239)
2025-01-29 20:41:30,543 - datalad.gitrepo - INFO - remote: Compressing objects:  98% (235/239)
2025-01-29 20:41:30,543 - datalad.gitrepo - INFO - remote: Compressing objects:  99% (237/239)
2025-01-29 20:41:30,544 - datalad.gitrepo - INFO - remote: Compressing objects: 100% (239/239)
2025-01-29 20:41:30,544 - datalad.gitrepo - INFO - remote: Compressing objects: 100% (239/239), done.
2025-01-29 20:41:30,544 - datalad.gitrepo - INFO - Finished compressing objects
2025-01-29 20:41:30,549 - datalad.gitrepo - INFO - Start receiving objects
2025-01-29 20:41:30,550 - datalad.gitrepo - INFO - Receiving objects:   0% (1/376)
2025-01-29 20:41:30,550 - datalad.gitrepo - INFO - Receiving objects:   1% (4/376)
2025-01-29 20:41:30,550 - datalad.gitrepo - INFO - Receiving objects:   2% (8/376)
2025-01-29 20:41:30,550 - datalad.gitrepo - INFO - Receiving objects:   3% (12/376)
2025-01-29 20:41:30,550 - datalad.gitrepo - INFO - Receiving objects:   4% (16/376)
2025-01-29 20:41:30,550 - datalad.gitrepo - INFO - Receiving objects:   5% (19/376)
2025-01-29 20:41:30,551 - datalad.gitrepo - INFO - Receiving objects:   6% (23/376)
2025-01-29 20:41:30,551 - datalad.gitrepo - INFO - Receiving objects:   7% (27/376)
2025-01-29 20:41:30,551 - datalad.gitrepo - INFO - Receiving objects:   8% (31/376)
2025-01-29 20:41:30,551 - datalad.gitrepo - INFO - Receiving objects:   9% (34/376)
2025-01-29 20:41:30,551 - datalad.gitrepo - INFO - Receiving objects:  10% (38/376)
2025-01-29 20:41:30,551 - datalad.gitrepo - INFO - Receiving objects:  11% (42/376)
2025-01-29 20:41:30,551 - datalad.gitrepo - INFO - Receiving objects:  12% (46/376)
2025-01-29 20:41:30,551 - datalad.gitrepo - INFO - Receiving objects:  13% (49/376)
2025-01-29 20:41:30,552 - datalad.gitrepo - INFO - Receiving objects:  14% (53/376)
2025-01-29 20:41:30,552 - datalad.gitrepo - INFO - Receiving objects:  15% (57/376)
2025-01-29 20:41:30,552 - datalad.gitrepo - INFO - Receiving objects:  16% (61/376)
2025-01-29 20:41:30,552 - datalad.gitrepo - INFO - Receiving objects:  17% (64/376)
2025-01-29 20:41:30,552 - datalad.gitrepo - INFO - Receiving objects:  18% (68/376)
2025-01-29 20:41:30,552 - datalad.gitrepo - INFO - Receiving objects:  19% (72/376)
2025-01-29 20:41:30,552 - datalad.gitrepo - INFO - Receiving objects:  20% (76/376)
2025-01-29 20:41:30,552 - datalad.gitrepo - INFO - Receiving objects:  21% (79/376)
2025-01-29 20:41:30,552 - datalad.gitrepo - INFO - Receiving objects:  22% (83/376)
2025-01-29 20:41:30,552 - datalad.gitrepo - INFO - Receiving objects:  23% (87/376)
2025-01-29 20:41:30,552 - datalad.gitrepo - INFO - Receiving objects:  24% (91/376)
2025-01-29 20:41:30,552 - datalad.gitrepo - INFO - Receiving objects:  25% (94/376)
2025-01-29 20:41:30,552 - datalad.gitrepo - INFO - Receiving objects:  26% (98/376)
2025-01-29 20:41:30,552 - datalad.gitrepo - INFO - Receiving objects:  27% (102/376)
2025-01-29 20:41:30,552 - datalad.gitrepo - INFO - Receiving objects:  28% (106/376)
2025-01-29 20:41:30,552 - datalad.gitrepo - INFO - Receiving objects:  29% (110/376)
2025-01-29 20:41:30,552 - datalad.gitrepo - INFO - Receiving objects:  30% (113/376)
2025-01-29 20:41:30,553 - datalad.gitrepo - INFO - Receiving objects:  31% (117/376)
2025-01-29 20:41:30,553 - datalad.gitrepo - INFO - Receiving objects:  32% (121/376)
2025-01-29 20:41:30,553 - datalad.gitrepo - INFO - Receiving objects:  33% (125/376)
2025-01-29 20:41:30,553 - datalad.gitrepo - INFO - Receiving objects:  34% (128/376)
2025-01-29 20:41:30,553 - datalad.gitrepo - INFO - Receiving objects:  35% (132/376)
2025-01-29 20:41:30,553 - datalad.gitrepo - INFO - Receiving objects:  36% (136/376)
2025-01-29 20:41:30,553 - datalad.gitrepo - INFO - Receiving objects:  37% (140/376)
2025-01-29 20:41:30,553 - datalad.gitrepo - INFO - Receiving objects:  38% (143/376)
2025-01-29 20:41:30,553 - datalad.gitrepo - INFO - Receiving objects:  39% (147/376)
2025-01-29 20:41:30,553 - datalad.gitrepo - INFO - Receiving objects:  40% (151/376)
2025-01-29 20:41:30,553 - datalad.gitrepo - INFO - Receiving objects:  41% (155/376)
2025-01-29 20:41:30,553 - datalad.gitrepo - INFO - Receiving objects:  42% (158/376)
2025-01-29 20:41:30,553 - datalad.gitrepo - INFO - Receiving objects:  43% (162/376)
2025-01-29 20:41:30,553 - datalad.gitrepo - INFO - Receiving objects:  44% (166/376)
2025-01-29 20:41:30,553 - datalad.gitrepo - INFO - Receiving objects:  45% (170/376)
2025-01-29 20:41:30,553 - datalad.gitrepo - INFO - Receiving objects:  46% (173/376)
2025-01-29 20:41:30,553 - datalad.gitrepo - INFO - Receiving objects:  47% (177/376)
2025-01-29 20:41:30,553 - datalad.gitrepo - INFO - Receiving objects:  48% (181/376)
2025-01-29 20:41:30,553 - datalad.gitrepo - INFO - Receiving objects:  49% (185/376)
2025-01-29 20:41:30,553 - datalad.gitrepo - INFO - Receiving objects:  50% (188/376)
2025-01-29 20:41:30,553 - datalad.gitrepo - INFO - Receiving objects:  51% (192/376)
2025-01-29 20:41:30,553 - datalad.gitrepo - INFO - Receiving objects:  52% (196/376)
2025-01-29 20:41:30,553 - datalad.gitrepo - INFO - Receiving objects:  53% (200/376)
2025-01-29 20:41:30,554 - datalad.gitrepo - INFO - Receiving objects:  54% (204/376)
2025-01-29 20:41:30,554 - datalad.gitrepo - INFO - Receiving objects:  55% (207/376)
2025-01-29 20:41:30,554 - datalad.gitrepo - INFO - Receiving objects:  56% (211/376)
2025-01-29 20:41:30,554 - datalad.gitrepo - INFO - Receiving objects:  57% (215/376)
2025-01-29 20:41:30,554 - datalad.gitrepo - INFO - Receiving objects:  58% (219/376)
2025-01-29 20:41:30,554 - datalad.gitrepo - INFO - Receiving objects:  59% (222/376)
2025-01-29 20:41:30,566 - datalad.gitrepo - INFO - Receiving objects:  60% (226/376)
2025-01-29 20:41:30,566 - datalad.gitrepo - INFO - Receiving objects:  61% (230/376)
2025-01-29 20:41:30,566 - datalad.gitrepo - INFO - Receiving objects:  62% (234/376)
2025-01-29 20:41:30,566 - datalad.gitrepo - INFO - Receiving objects:  63% (237/376)
2025-01-29 20:41:30,566 - datalad.gitrepo - INFO - Receiving objects:  64% (241/376)
2025-01-29 20:41:30,567 - datalad.gitrepo - INFO - Receiving objects:  65% (245/376)
2025-01-29 20:41:30,567 - datalad.gitrepo - INFO - Receiving objects:  66% (249/376)
2025-01-29 20:41:30,567 - datalad.gitrepo - INFO - Receiving objects:  67% (252/376)
2025-01-29 20:41:30,567 - datalad.gitrepo - INFO - Receiving objects:  68% (256/376)
2025-01-29 20:41:30,567 - datalad.gitrepo - INFO - Receiving objects:  69% (260/376)
2025-01-29 20:41:30,567 - datalad.gitrepo - INFO - Receiving objects:  70% (264/376)
2025-01-29 20:41:30,567 - datalad.gitrepo - INFO - Receiving objects:  71% (267/376)
2025-01-29 20:41:30,567 - datalad.gitrepo - INFO - Receiving objects:  72% (271/376)
2025-01-29 20:41:30,567 - datalad.gitrepo - INFO - Receiving objects:  73% (275/376)
2025-01-29 20:41:30,567 - datalad.gitrepo - INFO - Receiving objects:  74% (279/376)
2025-01-29 20:41:30,567 - datalad.gitrepo - INFO - Receiving objects:  75% (282/376)
2025-01-29 20:41:30,567 - datalad.gitrepo - INFO - Receiving objects:  76% (286/376)
2025-01-29 20:41:30,567 - datalad.gitrepo - INFO - Receiving objects:  77% (290/376)
2025-01-29 20:41:30,567 - datalad.gitrepo - INFO - Receiving objects:  78% (294/376)
2025-01-29 20:41:30,567 - datalad.gitrepo - INFO - Receiving objects:  79% (298/376)
2025-01-29 20:41:30,567 - datalad.gitrepo - INFO - Receiving objects:  80% (301/376)
2025-01-29 20:41:30,567 - datalad.gitrepo - INFO - Receiving objects:  81% (305/376)
2025-01-29 20:41:30,567 - datalad.gitrepo - INFO - Receiving objects:  82% (309/376)
2025-01-29 20:41:30,567 - datalad.gitrepo - INFO - Receiving objects:  83% (313/376)
2025-01-29 20:41:30,567 - datalad.gitrepo - INFO - Receiving objects:  84% (316/376)
2025-01-29 20:41:30,568 - datalad.gitrepo - INFO - Receiving objects:  85% (320/376)
2025-01-29 20:41:30,568 - datalad.gitrepo - INFO - Receiving objects:  86% (324/376)
2025-01-29 20:41:30,568 - datalad.gitrepo - INFO - Receiving objects:  87% (328/376)
2025-01-29 20:41:30,568 - datalad.gitrepo - INFO - Receiving objects:  88% (331/376)
2025-01-29 20:41:30,568 - datalad.gitrepo - INFO - Receiving objects:  89% (335/376)
2025-01-29 20:41:30,568 - datalad.gitrepo - INFO - Receiving objects:  90% (339/376)
2025-01-29 20:41:30,570 - datalad.gitrepo - INFO - Receiving objects:  91% (343/376)
2025-01-29 20:41:30,584 - datalad.gitrepo - INFO - Receiving objects:  92% (346/376)
2025-01-29 20:41:30,585 - datalad.gitrepo - INFO - Receiving objects:  93% (350/376)
2025-01-29 20:41:30,586 - datalad.gitrepo - INFO - Receiving objects:  94% (354/376)
2025-01-29 20:41:30,586 - datalad.gitrepo - INFO - Receiving objects:  95% (358/376)
2025-01-29 20:41:30,590 - datalad.gitrepo - INFO - Receiving objects:  96% (361/376)
2025-01-29 20:41:30,591 - datalad.gitrepo - INFO - Receiving objects:  97% (365/376)
2025-01-29 20:41:30,591 - datalad.gitrepo - INFO - Receiving objects:  98% (369/376)
2025-01-29 20:41:30,591 - datalad.gitrepo - INFO - Receiving objects:  99% (373/376)
2025-01-29 20:41:30,591 - datalad.gitrepo - INFO - Receiving objects: 100% (376/376)
2025-01-29 20:41:30,591 - datalad.gitrepo - INFO - Receiving objects: 100% (376/376), 188.80 KiB | 4.39 MiB/s, done.
2025-01-29 20:41:30,591 - datalad.gitrepo - INFO - Finished receiving objects
2025-01-29 20:41:30,592 - datalad.gitrepo - INFO - Start resolving deltas
2025-01-29 20:41:30,592 - datalad.gitrepo - INFO - Resolving deltas:   0% (0/54)
2025-01-29 20:41:30,592 - datalad.gitrepo - INFO - Resolving deltas:   1% (1/54)
2025-01-29 20:41:30,592 - datalad.gitrepo - INFO - Resolving deltas:   7% (4/54)
2025-01-29 20:41:30,592 - datalad.gitrepo - INFO - Resolving deltas:   9% (5/54)
2025-01-29 20:41:30,593 - datalad.gitrepo - INFO - Resolving deltas:  11% (6/54)
2025-01-29 20:41:30,593 - datalad.gitrepo - INFO - Resolving deltas:  12% (7/54)
2025-01-29 20:41:30,593 - datalad.gitrepo - INFO - Resolving deltas:  14% (8/54)
2025-01-29 20:41:30,593 - datalad.gitrepo - INFO - Resolving deltas:  18% (10/54)
2025-01-29 20:41:30,593 - datalad.gitrepo - INFO - Resolving deltas:  20% (11/54)
2025-01-29 20:41:30,593 - datalad.gitrepo - INFO - Resolving deltas:  22% (12/54)
2025-01-29 20:41:30,593 - datalad.gitrepo - INFO - Resolving deltas:  24% (13/54)
2025-01-29 20:41:30,593 - datalad.gitrepo - INFO - Resolving deltas:  25% (14/54)
2025-01-29 20:41:30,593 - datalad.gitrepo - INFO - Resolving deltas:  27% (15/54)
2025-01-29 20:41:30,593 - datalad.gitrepo - INFO - Resolving deltas:  31% (17/54)
2025-01-29 20:41:30,593 - datalad.gitrepo - INFO - Resolving deltas:  33% (18/54)
2025-01-29 20:41:30,593 - datalad.gitrepo - INFO - Resolving deltas:  35% (19/54)
2025-01-29 20:41:30,593 - datalad.gitrepo - INFO - Resolving deltas:  38% (21/54)
2025-01-29 20:41:30,593 - datalad.gitrepo - INFO - Resolving deltas:  40% (22/54)
2025-01-29 20:41:30,593 - datalad.gitrepo - INFO - Resolving deltas:  44% (24/54)
2025-01-29 20:41:30,593 - datalad.gitrepo - INFO - Resolving deltas:  48% (26/54)
2025-01-29 20:41:30,593 - datalad.gitrepo - INFO - Resolving deltas:  50% (27/54)
2025-01-29 20:41:30,593 - datalad.gitrepo - INFO - Resolving deltas:  51% (28/54)
2025-01-29 20:41:30,593 - datalad.gitrepo - INFO - Resolving deltas:  53% (29/54)
2025-01-29 20:41:30,593 - datalad.gitrepo - INFO - Resolving deltas:  55% (30/54)
2025-01-29 20:41:30,594 - datalad.gitrepo - INFO - Resolving deltas:  57% (31/54)
2025-01-29 20:41:30,594 - datalad.gitrepo - INFO - Resolving deltas:  59% (32/54)
2025-01-29 20:41:30,594 - datalad.gitrepo - INFO - Resolving deltas:  61% (33/54)
2025-01-29 20:41:30,594 - datalad.gitrepo - INFO - Resolving deltas:  66% (36/54)
2025-01-29 20:41:30,594 - datalad.gitrepo - INFO - Resolving deltas:  68% (37/54)
2025-01-29 20:41:30,594 - datalad.gitrepo - INFO - Resolving deltas:  70% (38/54)
2025-01-29 20:41:30,594 - datalad.gitrepo - INFO - Resolving deltas:  74% (40/54)
2025-01-29 20:41:30,594 - datalad.gitrepo - INFO - Resolving deltas:  75% (41/54)
2025-01-29 20:41:30,594 - datalad.gitrepo - INFO - Resolving deltas:  77% (42/54)
2025-01-29 20:41:30,594 - datalad.gitrepo - INFO - Resolving deltas:  79% (43/54)
2025-01-29 20:41:30,594 - datalad.gitrepo - INFO - Resolving deltas:  81% (44/54)
2025-01-29 20:41:30,594 - datalad.gitrepo - INFO - Resolving deltas:  83% (45/54)
2025-01-29 20:41:30,594 - datalad.gitrepo - INFO - Resolving deltas:  85% (46/54)
2025-01-29 20:41:30,594 - datalad.gitrepo - INFO - Resolving deltas:  87% (47/54)
2025-01-29 20:41:30,594 - datalad.gitrepo - INFO - Resolving deltas:  88% (48/54)
2025-01-29 20:41:30,594 - datalad.gitrepo - INFO - Resolving deltas:  90% (49/54)
2025-01-29 20:41:30,594 - datalad.gitrepo - INFO - Resolving deltas:  92% (50/54)
2025-01-29 20:41:30,594 - datalad.gitrepo - INFO - Resolving deltas:  94% (51/54)
2025-01-29 20:41:30,594 - datalad.gitrepo - INFO - Resolving deltas:  96% (52/54)
2025-01-29 20:41:30,594 - datalad.gitrepo - INFO - Resolving deltas:  98% (53/54)
2025-01-29 20:41:30,594 - datalad.gitrepo - INFO - Resolving deltas: 100% (54/54)
2025-01-29 20:41:30,594 - datalad.gitrepo - INFO - Resolving deltas: 100% (54/54), done.
2025-01-29 20:41:30,594 - datalad.gitrepo - INFO - Finished resolving deltas
2025-01-29 20:41:30,620 - datalad.core.distributed.clone - INFO - Completed clone attempts for Dataset(/Users/janinegraser/PycharmProjects/openneuro_preprocessing_API/openneuro_app/temp/ds005691)
2025-01-29 20:41:31,605 - datalad.annex - INFO    - Remote origin not usable by git-annex; setting annex-ignore
2025-01-29 20:41:31,635 - datalad.annex - INFO    - https://github.com/OpenNeuroDatasets/ds005691/config download failed: Not Found
2025-01-29 20:41:31,751 - datalad - INFO - Clear progress bars
2025-01-29 20:41:31,751 - datalad - INFO - Refresh progress bars
2025-01-29 20:50:47,920 - root - INFO - Application closed normally
