2025-01-30 03:05:19,406 - root - INFO - Starting OpenNeuro Desktop Application
2025-01-30 03:05:19,449 - botocore.credentials - INFO - Found credentials in shared credentials file: ~/.aws/credentials
2025-01-30 03:05:23,019 - datalad.core.distributed.clone - INFO - Attempting a clone into /Users/janinegraser/PycharmProjects/openneuro_preprocessing_API/openneuro_app/temp/ds005691
2025-01-30 03:05:23,029 - datalad.core.distributed.clone - INFO - Attempting to clone from https://github.com/OpenNeuroDatasets/ds005691.git to /Users/janinegraser/PycharmProjects/openneuro_preprocessing_API/openneuro_app/temp/ds005691
2025-01-30 03:05:23,572 - datalad.gitrepo - INFO - Start enumerating objects
2025-01-30 03:05:23,574 - datalad.gitrepo - INFO - Finished enumerating objects
2025-01-30 03:05:23,574 - datalad.gitrepo - INFO - Start counting objects
2025-01-30 03:05:23,574 - datalad.gitrepo - INFO - remote: Counting objects:   0% (1/376)
2025-01-30 03:05:23,575 - datalad.gitrepo - INFO - remote: Counting objects:   1% (4/376)
2025-01-30 03:05:23,575 - datalad.gitrepo - INFO - remote: Counting objects:   2% (8/376)
2025-01-30 03:05:23,575 - datalad.gitrepo - INFO - remote: Counting objects:   3% (12/376)
2025-01-30 03:05:23,575 - datalad.gitrepo - INFO - remote: Counting objects:   4% (16/376)
2025-01-30 03:05:23,575 - datalad.gitrepo - INFO - remote: Counting objects:   5% (19/376)
2025-01-30 03:05:23,575 - datalad.gitrepo - INFO - remote: Counting objects:   6% (23/376)
2025-01-30 03:05:23,575 - datalad.gitrepo - INFO - remote: Counting objects:   7% (27/376)
2025-01-30 03:05:23,575 - datalad.gitrepo - INFO - remote: Counting objects:   8% (31/376)
2025-01-30 03:05:23,575 - datalad.gitrepo - INFO - remote: Counting objects:   9% (34/376)
2025-01-30 03:05:23,575 - datalad.gitrepo - INFO - remote: Counting objects:  10% (38/376)
2025-01-30 03:05:23,575 - datalad.gitrepo - INFO - remote: Counting objects:  11% (42/376)
2025-01-30 03:05:23,575 - datalad.gitrepo - INFO - remote: Counting objects:  12% (46/376)
2025-01-30 03:05:23,576 - datalad.gitrepo - INFO - remote: Counting objects:  13% (49/376)
2025-01-30 03:05:23,576 - datalad.gitrepo - INFO - remote: Counting objects:  14% (53/376)
2025-01-30 03:05:23,576 - datalad.gitrepo - INFO - remote: Counting objects:  15% (57/376)
2025-01-30 03:05:23,576 - datalad.gitrepo - INFO - remote: Counting objects:  16% (61/376)
2025-01-30 03:05:23,576 - datalad.gitrepo - INFO - remote: Counting objects:  17% (64/376)
2025-01-30 03:05:23,576 - datalad.gitrepo - INFO - remote: Counting objects:  18% (68/376)
2025-01-30 03:05:23,576 - datalad.gitrepo - INFO - remote: Counting objects:  19% (72/376)
2025-01-30 03:05:23,576 - datalad.gitrepo - INFO - remote: Counting objects:  20% (76/376)
2025-01-30 03:05:23,576 - datalad.gitrepo - INFO - remote: Counting objects:  21% (79/376)
2025-01-30 03:05:23,576 - datalad.gitrepo - INFO - remote: Counting objects:  22% (83/376)
2025-01-30 03:05:23,576 - datalad.gitrepo - INFO - remote: Counting objects:  23% (87/376)
2025-01-30 03:05:23,576 - datalad.gitrepo - INFO - remote: Counting objects:  24% (91/376)
2025-01-30 03:05:23,576 - datalad.gitrepo - INFO - remote: Counting objects:  25% (94/376)
2025-01-30 03:05:23,576 - datalad.gitrepo - INFO - remote: Counting objects:  26% (98/376)
2025-01-30 03:05:23,576 - datalad.gitrepo - INFO - remote: Counting objects:  27% (102/376)
2025-01-30 03:05:23,576 - datalad.gitrepo - INFO - remote: Counting objects:  28% (106/376)
2025-01-30 03:05:23,577 - datalad.gitrepo - INFO - remote: Counting objects:  29% (110/376)
2025-01-30 03:05:23,577 - datalad.gitrepo - INFO - remote: Counting objects:  30% (113/376)
2025-01-30 03:05:23,577 - datalad.gitrepo - INFO - remote: Counting objects:  31% (117/376)
2025-01-30 03:05:23,577 - datalad.gitrepo - INFO - remote: Counting objects:  32% (121/376)
2025-01-30 03:05:23,577 - datalad.gitrepo - INFO - remote: Counting objects:  33% (125/376)
2025-01-30 03:05:23,577 - datalad.gitrepo - INFO - remote: Counting objects:  34% (128/376)
2025-01-30 03:05:23,577 - datalad.gitrepo - INFO - remote: Counting objects:  35% (132/376)
2025-01-30 03:05:23,577 - datalad.gitrepo - INFO - remote: Counting objects:  36% (136/376)
2025-01-30 03:05:23,577 - datalad.gitrepo - INFO - remote: Counting objects:  37% (140/376)
2025-01-30 03:05:23,577 - datalad.gitrepo - INFO - remote: Counting objects:  38% (143/376)
2025-01-30 03:05:23,577 - datalad.gitrepo - INFO - remote: Counting objects:  39% (147/376)
2025-01-30 03:05:23,577 - datalad.gitrepo - INFO - remote: Counting objects:  40% (151/376)
2025-01-30 03:05:23,577 - datalad.gitrepo - INFO - remote: Counting objects:  41% (155/376)
2025-01-30 03:05:23,577 - datalad.gitrepo - INFO - remote: Counting objects:  42% (158/376)
2025-01-30 03:05:23,577 - datalad.gitrepo - INFO - remote: Counting objects:  43% (162/376)
2025-01-30 03:05:23,577 - datalad.gitrepo - INFO - remote: Counting objects:  44% (166/376)
2025-01-30 03:05:23,577 - datalad.gitrepo - INFO - remote: Counting objects:  45% (170/376)
2025-01-30 03:05:23,577 - datalad.gitrepo - INFO - remote: Counting objects:  46% (173/376)
2025-01-30 03:05:23,577 - datalad.gitrepo - INFO - remote: Counting objects:  47% (177/376)
2025-01-30 03:05:23,578 - datalad.gitrepo - INFO - remote: Counting objects:  48% (181/376)
2025-01-30 03:05:23,578 - datalad.gitrepo - INFO - remote: Counting objects:  49% (185/376)
2025-01-30 03:05:23,578 - datalad.gitrepo - INFO - remote: Counting objects:  50% (188/376)
2025-01-30 03:05:23,578 - datalad.gitrepo - INFO - remote: Counting objects:  51% (192/376)
2025-01-30 03:05:23,578 - datalad.gitrepo - INFO - remote: Counting objects:  52% (196/376)
2025-01-30 03:05:23,578 - datalad.gitrepo - INFO - remote: Counting objects:  53% (200/376)
2025-01-30 03:05:23,578 - datalad.gitrepo - INFO - remote: Counting objects:  54% (204/376)
2025-01-30 03:05:23,578 - datalad.gitrepo - INFO - remote: Counting objects:  55% (207/376)
2025-01-30 03:05:23,578 - datalad.gitrepo - INFO - remote: Counting objects:  56% (211/376)
2025-01-30 03:05:23,578 - datalad.gitrepo - INFO - remote: Counting objects:  57% (215/376)
2025-01-30 03:05:23,578 - datalad.gitrepo - INFO - remote: Counting objects:  58% (219/376)
2025-01-30 03:05:23,578 - datalad.gitrepo - INFO - remote: Counting objects:  59% (222/376)
2025-01-30 03:05:23,578 - datalad.gitrepo - INFO - remote: Counting objects:  60% (226/376)
2025-01-30 03:05:23,578 - datalad.gitrepo - INFO - remote: Counting objects:  61% (230/376)
2025-01-30 03:05:23,578 - datalad.gitrepo - INFO - remote: Counting objects:  62% (234/376)
2025-01-30 03:05:23,578 - datalad.gitrepo - INFO - remote: Counting objects:  63% (237/376)
2025-01-30 03:05:23,578 - datalad.gitrepo - INFO - remote: Counting objects:  64% (241/376)
2025-01-30 03:05:23,578 - datalad.gitrepo - INFO - remote: Counting objects:  65% (245/376)
2025-01-30 03:05:23,578 - datalad.gitrepo - INFO - remote: Counting objects:  66% (249/376)
2025-01-30 03:05:23,578 - datalad.gitrepo - INFO - remote: Counting objects:  67% (252/376)
2025-01-30 03:05:23,578 - datalad.gitrepo - INFO - remote: Counting objects:  68% (256/376)
2025-01-30 03:05:23,579 - datalad.gitrepo - INFO - remote: Counting objects:  69% (260/376)
2025-01-30 03:05:23,579 - datalad.gitrepo - INFO - remote: Counting objects:  70% (264/376)
2025-01-30 03:05:23,579 - datalad.gitrepo - INFO - remote: Counting objects:  71% (267/376)
2025-01-30 03:05:23,579 - datalad.gitrepo - INFO - remote: Counting objects:  72% (271/376)
2025-01-30 03:05:23,579 - datalad.gitrepo - INFO - remote: Counting objects:  73% (275/376)
2025-01-30 03:05:23,579 - datalad.gitrepo - INFO - remote: Counting objects:  74% (279/376)
2025-01-30 03:05:23,579 - datalad.gitrepo - INFO - remote: Counting objects:  75% (282/376)
2025-01-30 03:05:23,579 - datalad.gitrepo - INFO - remote: Counting objects:  76% (286/376)
2025-01-30 03:05:23,579 - datalad.gitrepo - INFO - remote: Counting objects:  77% (290/376)
2025-01-30 03:05:23,579 - datalad.gitrepo - INFO - remote: Counting objects:  78% (294/376)
2025-01-30 03:05:23,579 - datalad.gitrepo - INFO - remote: Counting objects:  79% (298/376)
2025-01-30 03:05:23,579 - datalad.gitrepo - INFO - remote: Counting objects:  80% (301/376)
2025-01-30 03:05:23,579 - datalad.gitrepo - INFO - remote: Counting objects:  81% (305/376)
2025-01-30 03:05:23,579 - datalad.gitrepo - INFO - remote: Counting objects:  82% (309/376)
2025-01-30 03:05:23,579 - datalad.gitrepo - INFO - remote: Counting objects:  83% (313/376)
2025-01-30 03:05:23,579 - datalad.gitrepo - INFO - remote: Counting objects:  84% (316/376)
2025-01-30 03:05:23,579 - datalad.gitrepo - INFO - remote: Counting objects:  85% (320/376)
2025-01-30 03:05:23,579 - datalad.gitrepo - INFO - remote: Counting objects:  86% (324/376)
2025-01-30 03:05:23,579 - datalad.gitrepo - INFO - remote: Counting objects:  87% (328/376)
2025-01-30 03:05:23,579 - datalad.gitrepo - INFO - remote: Counting objects:  88% (331/376)
2025-01-30 03:05:23,580 - datalad.gitrepo - INFO - remote: Counting objects:  89% (335/376)
2025-01-30 03:05:23,580 - datalad.gitrepo - INFO - remote: Counting objects:  90% (339/376)
2025-01-30 03:05:23,580 - datalad.gitrepo - INFO - remote: Counting objects:  91% (343/376)
2025-01-30 03:05:23,580 - datalad.gitrepo - INFO - remote: Counting objects:  92% (346/376)
2025-01-30 03:05:23,580 - datalad.gitrepo - INFO - remote: Counting objects:  93% (350/376)
2025-01-30 03:05:23,580 - datalad.gitrepo - INFO - remote: Counting objects:  94% (354/376)
2025-01-30 03:05:23,580 - datalad.gitrepo - INFO - remote: Counting objects:  95% (358/376)
2025-01-30 03:05:23,580 - datalad.gitrepo - INFO - remote: Counting objects:  96% (361/376)
2025-01-30 03:05:23,580 - datalad.gitrepo - INFO - remote: Counting objects:  97% (365/376)
2025-01-30 03:05:23,580 - datalad.gitrepo - INFO - remote: Counting objects:  98% (369/376)
2025-01-30 03:05:23,580 - datalad.gitrepo - INFO - remote: Counting objects:  99% (373/376)
2025-01-30 03:05:23,580 - datalad.gitrepo - INFO - remote: Counting objects: 100% (376/376)
2025-01-30 03:05:23,580 - datalad.gitrepo - INFO - remote: Counting objects: 100% (376/376), done.
2025-01-30 03:05:23,580 - datalad.gitrepo - INFO - Finished counting objects
2025-01-30 03:05:23,580 - datalad.gitrepo - INFO - Start compressing objects
2025-01-30 03:05:23,581 - datalad.gitrepo - INFO - remote: Compressing objects:   0% (1/239)
2025-01-30 03:05:23,581 - datalad.gitrepo - INFO - remote: Compressing objects:   1% (3/239)
2025-01-30 03:05:23,581 - datalad.gitrepo - INFO - remote: Compressing objects:   2% (5/239)
2025-01-30 03:05:23,581 - datalad.gitrepo - INFO - remote: Compressing objects:   3% (8/239)
2025-01-30 03:05:23,581 - datalad.gitrepo - INFO - remote: Compressing objects:   4% (10/239)
2025-01-30 03:05:23,581 - datalad.gitrepo - INFO - remote: Compressing objects:   5% (12/239)
2025-01-30 03:05:23,581 - datalad.gitrepo - INFO - remote: Compressing objects:   6% (15/239)
2025-01-30 03:05:23,581 - datalad.gitrepo - INFO - remote: Compressing objects:   7% (17/239)
2025-01-30 03:05:23,581 - datalad.gitrepo - INFO - remote: Compressing objects:   8% (20/239)
2025-01-30 03:05:23,581 - datalad.gitrepo - INFO - remote: Compressing objects:   9% (22/239)
2025-01-30 03:05:23,581 - datalad.gitrepo - INFO - remote: Compressing objects:  10% (24/239)
2025-01-30 03:05:23,581 - datalad.gitrepo - INFO - remote: Compressing objects:  11% (27/239)
2025-01-30 03:05:23,581 - datalad.gitrepo - INFO - remote: Compressing objects:  12% (29/239)
2025-01-30 03:05:23,581 - datalad.gitrepo - INFO - remote: Compressing objects:  13% (32/239)
2025-01-30 03:05:23,581 - datalad.gitrepo - INFO - remote: Compressing objects:  14% (34/239)
2025-01-30 03:05:23,581 - datalad.gitrepo - INFO - remote: Compressing objects:  15% (36/239)
2025-01-30 03:05:23,581 - datalad.gitrepo - INFO - remote: Compressing objects:  16% (39/239)
2025-01-30 03:05:23,581 - datalad.gitrepo - INFO - remote: Compressing objects:  17% (41/239)
2025-01-30 03:05:23,581 - datalad.gitrepo - INFO - remote: Compressing objects:  18% (44/239)
2025-01-30 03:05:23,581 - datalad.gitrepo - INFO - remote: Compressing objects:  19% (46/239)
2025-01-30 03:05:23,582 - datalad.gitrepo - INFO - remote: Compressing objects:  20% (48/239)
2025-01-30 03:05:23,582 - datalad.gitrepo - INFO - remote: Compressing objects:  21% (51/239)
2025-01-30 03:05:23,582 - datalad.gitrepo - INFO - remote: Compressing objects:  22% (53/239)
2025-01-30 03:05:23,582 - datalad.gitrepo - INFO - remote: Compressing objects:  23% (55/239)
2025-01-30 03:05:23,582 - datalad.gitrepo - INFO - remote: Compressing objects:  24% (58/239)
2025-01-30 03:05:23,582 - datalad.gitrepo - INFO - remote: Compressing objects:  25% (60/239)
2025-01-30 03:05:23,582 - datalad.gitrepo - INFO - remote: Compressing objects:  26% (63/239)
2025-01-30 03:05:23,582 - datalad.gitrepo - INFO - remote: Compressing objects:  27% (65/239)
2025-01-30 03:05:23,582 - datalad.gitrepo - INFO - remote: Compressing objects:  28% (67/239)
2025-01-30 03:05:23,582 - datalad.gitrepo - INFO - remote: Compressing objects:  29% (70/239)
2025-01-30 03:05:23,582 - datalad.gitrepo - INFO - remote: Compressing objects:  30% (72/239)
2025-01-30 03:05:23,582 - datalad.gitrepo - INFO - remote: Compressing objects:  31% (75/239)
2025-01-30 03:05:23,582 - datalad.gitrepo - INFO - remote: Compressing objects:  32% (77/239)
2025-01-30 03:05:23,582 - datalad.gitrepo - INFO - remote: Compressing objects:  33% (79/239)
2025-01-30 03:05:23,583 - datalad.gitrepo - INFO - remote: Compressing objects:  34% (82/239)
2025-01-30 03:05:23,583 - datalad.gitrepo - INFO - remote: Compressing objects:  35% (84/239)
2025-01-30 03:05:23,583 - datalad.gitrepo - INFO - remote: Compressing objects:  36% (87/239)
2025-01-30 03:05:23,583 - datalad.gitrepo - INFO - remote: Compressing objects:  37% (89/239)
2025-01-30 03:05:23,583 - datalad.gitrepo - INFO - remote: Compressing objects:  38% (91/239)
2025-01-30 03:05:23,583 - datalad.gitrepo - INFO - remote: Compressing objects:  39% (94/239)
2025-01-30 03:05:23,583 - datalad.gitrepo - INFO - remote: Compressing objects:  40% (96/239)
2025-01-30 03:05:23,583 - datalad.gitrepo - INFO - remote: Compressing objects:  41% (98/239)
2025-01-30 03:05:23,583 - datalad.gitrepo - INFO - remote: Compressing objects:  42% (101/239)
2025-01-30 03:05:23,583 - datalad.gitrepo - INFO - remote: Compressing objects:  43% (103/239)
2025-01-30 03:05:23,583 - datalad.gitrepo - INFO - remote: Compressing objects:  44% (106/239)
2025-01-30 03:05:23,583 - datalad.gitrepo - INFO - remote: Compressing objects:  45% (108/239)
2025-01-30 03:05:23,583 - datalad.gitrepo - INFO - remote: Compressing objects:  46% (110/239)
2025-01-30 03:05:23,583 - datalad.gitrepo - INFO - remote: Compressing objects:  47% (113/239)
2025-01-30 03:05:23,584 - datalad.gitrepo - INFO - remote: Compressing objects:  48% (115/239)
2025-01-30 03:05:23,584 - datalad.gitrepo - INFO - remote: Compressing objects:  49% (118/239)
2025-01-30 03:05:23,584 - datalad.gitrepo - INFO - remote: Compressing objects:  50% (120/239)
2025-01-30 03:05:23,584 - datalad.gitrepo - INFO - remote: Compressing objects:  51% (122/239)
2025-01-30 03:05:23,584 - datalad.gitrepo - INFO - remote: Compressing objects:  52% (125/239)
2025-01-30 03:05:23,584 - datalad.gitrepo - INFO - remote: Compressing objects:  53% (127/239)
2025-01-30 03:05:23,584 - datalad.gitrepo - INFO - remote: Compressing objects:  54% (130/239)
2025-01-30 03:05:23,584 - datalad.gitrepo - INFO - remote: Compressing objects:  55% (132/239)
2025-01-30 03:05:23,584 - datalad.gitrepo - INFO - remote: Compressing objects:  56% (134/239)
2025-01-30 03:05:23,584 - datalad.gitrepo - INFO - remote: Compressing objects:  57% (137/239)
2025-01-30 03:05:23,584 - datalad.gitrepo - INFO - remote: Compressing objects:  58% (139/239)
2025-01-30 03:05:23,584 - datalad.gitrepo - INFO - remote: Compressing objects:  59% (142/239)
2025-01-30 03:05:23,584 - datalad.gitrepo - INFO - remote: Compressing objects:  60% (144/239)
2025-01-30 03:05:23,584 - datalad.gitrepo - INFO - remote: Compressing objects:  61% (146/239)
2025-01-30 03:05:23,584 - datalad.gitrepo - INFO - remote: Compressing objects:  62% (149/239)
2025-01-30 03:05:23,584 - datalad.gitrepo - INFO - remote: Compressing objects:  63% (151/239)
2025-01-30 03:05:23,584 - datalad.gitrepo - INFO - remote: Compressing objects:  64% (153/239)
2025-01-30 03:05:23,584 - datalad.gitrepo - INFO - remote: Compressing objects:  65% (156/239)
2025-01-30 03:05:23,584 - datalad.gitrepo - INFO - remote: Compressing objects:  66% (158/239)
2025-01-30 03:05:23,584 - datalad.gitrepo - INFO - remote: Compressing objects:  67% (161/239)
2025-01-30 03:05:23,584 - datalad.gitrepo - INFO - remote: Compressing objects:  68% (163/239)
2025-01-30 03:05:23,585 - datalad.gitrepo - INFO - remote: Compressing objects:  69% (165/239)
2025-01-30 03:05:23,585 - datalad.gitrepo - INFO - remote: Compressing objects:  70% (168/239)
2025-01-30 03:05:23,585 - datalad.gitrepo - INFO - remote: Compressing objects:  71% (170/239)
2025-01-30 03:05:23,585 - datalad.gitrepo - INFO - remote: Compressing objects:  72% (173/239)
2025-01-30 03:05:23,585 - datalad.gitrepo - INFO - remote: Compressing objects:  73% (175/239)
2025-01-30 03:05:23,585 - datalad.gitrepo - INFO - remote: Compressing objects:  74% (177/239)
2025-01-30 03:05:23,585 - datalad.gitrepo - INFO - remote: Compressing objects:  75% (180/239)
2025-01-30 03:05:23,585 - datalad.gitrepo - INFO - remote: Compressing objects:  76% (182/239)
2025-01-30 03:05:23,585 - datalad.gitrepo - INFO - remote: Compressing objects:  77% (185/239)
2025-01-30 03:05:23,585 - datalad.gitrepo - INFO - remote: Compressing objects:  78% (187/239)
2025-01-30 03:05:23,585 - datalad.gitrepo - INFO - remote: Compressing objects:  79% (189/239)
2025-01-30 03:05:23,585 - datalad.gitrepo - INFO - remote: Compressing objects:  80% (192/239)
2025-01-30 03:05:23,585 - datalad.gitrepo - INFO - remote: Compressing objects:  81% (194/239)
2025-01-30 03:05:23,585 - datalad.gitrepo - INFO - remote: Compressing objects:  82% (196/239)
2025-01-30 03:05:23,585 - datalad.gitrepo - INFO - remote: Compressing objects:  83% (199/239)
2025-01-30 03:05:23,585 - datalad.gitrepo - INFO - remote: Compressing objects:  84% (201/239)
2025-01-30 03:05:23,585 - datalad.gitrepo - INFO - remote: Compressing objects:  85% (204/239)
2025-01-30 03:05:23,585 - datalad.gitrepo - INFO - remote: Compressing objects:  86% (206/239)
2025-01-30 03:05:23,585 - datalad.gitrepo - INFO - remote: Compressing objects:  87% (208/239)
2025-01-30 03:05:23,585 - datalad.gitrepo - INFO - remote: Compressing objects:  88% (211/239)
2025-01-30 03:05:23,585 - datalad.gitrepo - INFO - remote: Compressing objects:  89% (213/239)
2025-01-30 03:05:23,585 - datalad.gitrepo - INFO - remote: Compressing objects:  90% (216/239)
2025-01-30 03:05:23,585 - datalad.gitrepo - INFO - remote: Compressing objects:  91% (218/239)
2025-01-30 03:05:23,585 - datalad.gitrepo - INFO - remote: Compressing objects:  92% (220/239)
2025-01-30 03:05:23,585 - datalad.gitrepo - INFO - remote: Compressing objects:  93% (223/239)
2025-01-30 03:05:23,586 - datalad.gitrepo - INFO - remote: Compressing objects:  94% (225/239)
2025-01-30 03:05:23,586 - datalad.gitrepo - INFO - remote: Compressing objects:  95% (228/239)
2025-01-30 03:05:23,586 - datalad.gitrepo - INFO - remote: Compressing objects:  96% (230/239)
2025-01-30 03:05:23,586 - datalad.gitrepo - INFO - remote: Compressing objects:  97% (232/239)
2025-01-30 03:05:23,586 - datalad.gitrepo - INFO - remote: Compressing objects:  98% (235/239)
2025-01-30 03:05:23,586 - datalad.gitrepo - INFO - remote: Compressing objects:  99% (237/239)
2025-01-30 03:05:23,586 - datalad.gitrepo - INFO - remote: Compressing objects: 100% (239/239)
2025-01-30 03:05:23,586 - datalad.gitrepo - INFO - remote: Compressing objects: 100% (239/239), done.
2025-01-30 03:05:23,586 - datalad.gitrepo - INFO - Finished compressing objects
2025-01-30 03:05:23,589 - datalad.gitrepo - INFO - Start receiving objects
2025-01-30 03:05:23,589 - datalad.gitrepo - INFO - Receiving objects:   0% (1/376)
2025-01-30 03:05:23,589 - datalad.gitrepo - INFO - Receiving objects:   1% (4/376)
2025-01-30 03:05:23,589 - datalad.gitrepo - INFO - Receiving objects:   2% (8/376)
2025-01-30 03:05:23,589 - datalad.gitrepo - INFO - Receiving objects:   3% (12/376)
2025-01-30 03:05:23,590 - datalad.gitrepo - INFO - Receiving objects:   4% (16/376)
2025-01-30 03:05:23,590 - datalad.gitrepo - INFO - Receiving objects:   5% (19/376)
2025-01-30 03:05:23,590 - datalad.gitrepo - INFO - Receiving objects:   6% (23/376)
2025-01-30 03:05:23,590 - datalad.gitrepo - INFO - Receiving objects:   7% (27/376)
2025-01-30 03:05:23,590 - datalad.gitrepo - INFO - Receiving objects:   8% (31/376)
2025-01-30 03:05:23,590 - datalad.gitrepo - INFO - Receiving objects:   9% (34/376)
2025-01-30 03:05:23,590 - datalad.gitrepo - INFO - Receiving objects:  10% (38/376)
2025-01-30 03:05:23,590 - datalad.gitrepo - INFO - Receiving objects:  11% (42/376)
2025-01-30 03:05:23,590 - datalad.gitrepo - INFO - Receiving objects:  12% (46/376)
2025-01-30 03:05:23,590 - datalad.gitrepo - INFO - Receiving objects:  13% (49/376)
2025-01-30 03:05:23,590 - datalad.gitrepo - INFO - Receiving objects:  14% (53/376)
2025-01-30 03:05:23,590 - datalad.gitrepo - INFO - Receiving objects:  15% (57/376)
2025-01-30 03:05:23,591 - datalad.gitrepo - INFO - Receiving objects:  16% (61/376)
2025-01-30 03:05:23,591 - datalad.gitrepo - INFO - Receiving objects:  17% (64/376)
2025-01-30 03:05:23,591 - datalad.gitrepo - INFO - Receiving objects:  18% (68/376)
2025-01-30 03:05:23,591 - datalad.gitrepo - INFO - Receiving objects:  19% (72/376)
2025-01-30 03:05:23,591 - datalad.gitrepo - INFO - Receiving objects:  20% (76/376)
2025-01-30 03:05:23,591 - datalad.gitrepo - INFO - Receiving objects:  21% (79/376)
2025-01-30 03:05:23,591 - datalad.gitrepo - INFO - Receiving objects:  22% (83/376)
2025-01-30 03:05:23,591 - datalad.gitrepo - INFO - Receiving objects:  23% (87/376)
2025-01-30 03:05:23,591 - datalad.gitrepo - INFO - Receiving objects:  24% (91/376)
2025-01-30 03:05:23,591 - datalad.gitrepo - INFO - Receiving objects:  25% (94/376)
2025-01-30 03:05:23,591 - datalad.gitrepo - INFO - Receiving objects:  26% (98/376)
2025-01-30 03:05:23,591 - datalad.gitrepo - INFO - Receiving objects:  27% (102/376)
2025-01-30 03:05:23,591 - datalad.gitrepo - INFO - Receiving objects:  28% (106/376)
2025-01-30 03:05:23,591 - datalad.gitrepo - INFO - Receiving objects:  29% (110/376)
2025-01-30 03:05:23,591 - datalad.gitrepo - INFO - Receiving objects:  30% (113/376)
2025-01-30 03:05:23,592 - datalad.gitrepo - INFO - Receiving objects:  31% (117/376)
2025-01-30 03:05:23,592 - datalad.gitrepo - INFO - Receiving objects:  32% (121/376)
2025-01-30 03:05:23,592 - datalad.gitrepo - INFO - Receiving objects:  33% (125/376)
2025-01-30 03:05:23,592 - datalad.gitrepo - INFO - Receiving objects:  34% (128/376)
2025-01-30 03:05:23,592 - datalad.gitrepo - INFO - Receiving objects:  35% (132/376)
2025-01-30 03:05:23,592 - datalad.gitrepo - INFO - Receiving objects:  36% (136/376)
2025-01-30 03:05:23,592 - datalad.gitrepo - INFO - Receiving objects:  37% (140/376)
2025-01-30 03:05:23,592 - datalad.gitrepo - INFO - Receiving objects:  38% (143/376)
2025-01-30 03:05:23,592 - datalad.gitrepo - INFO - Receiving objects:  39% (147/376)
2025-01-30 03:05:23,592 - datalad.gitrepo - INFO - Receiving objects:  40% (151/376)
2025-01-30 03:05:23,592 - datalad.gitrepo - INFO - Receiving objects:  41% (155/376)
2025-01-30 03:05:23,592 - datalad.gitrepo - INFO - Receiving objects:  42% (158/376)
2025-01-30 03:05:23,592 - datalad.gitrepo - INFO - Receiving objects:  43% (162/376)
2025-01-30 03:05:23,592 - datalad.gitrepo - INFO - Receiving objects:  44% (166/376)
2025-01-30 03:05:23,592 - datalad.gitrepo - INFO - Receiving objects:  45% (170/376)
2025-01-30 03:05:23,592 - datalad.gitrepo - INFO - Receiving objects:  46% (173/376)
2025-01-30 03:05:23,592 - datalad.gitrepo - INFO - Receiving objects:  47% (177/376)
2025-01-30 03:05:23,592 - datalad.gitrepo - INFO - Receiving objects:  48% (181/376)
2025-01-30 03:05:23,592 - datalad.gitrepo - INFO - Receiving objects:  49% (185/376)
2025-01-30 03:05:23,592 - datalad.gitrepo - INFO - Receiving objects:  50% (188/376)
2025-01-30 03:05:23,592 - datalad.gitrepo - INFO - Receiving objects:  51% (192/376)
2025-01-30 03:05:23,592 - datalad.gitrepo - INFO - Receiving objects:  52% (196/376)
2025-01-30 03:05:23,592 - datalad.gitrepo - INFO - Receiving objects:  53% (200/376)
2025-01-30 03:05:23,592 - datalad.gitrepo - INFO - Receiving objects:  54% (204/376)
2025-01-30 03:05:23,592 - datalad.gitrepo - INFO - Receiving objects:  55% (207/376)
2025-01-30 03:05:23,592 - datalad.gitrepo - INFO - Receiving objects:  56% (211/376)
2025-01-30 03:05:23,593 - datalad.gitrepo - INFO - Receiving objects:  57% (215/376)
2025-01-30 03:05:23,593 - datalad.gitrepo - INFO - Receiving objects:  58% (219/376)
2025-01-30 03:05:23,593 - datalad.gitrepo - INFO - Receiving objects:  59% (222/376)
2025-01-30 03:05:23,604 - datalad.gitrepo - INFO - Receiving objects:  60% (226/376)
2025-01-30 03:05:23,605 - datalad.gitrepo - INFO - Receiving objects:  61% (230/376)
2025-01-30 03:05:23,605 - datalad.gitrepo - INFO - Receiving objects:  62% (234/376)
2025-01-30 03:05:23,605 - datalad.gitrepo - INFO - Receiving objects:  63% (237/376)
2025-01-30 03:05:23,605 - datalad.gitrepo - INFO - Receiving objects:  64% (241/376)
2025-01-30 03:05:23,605 - datalad.gitrepo - INFO - Receiving objects:  65% (245/376)
2025-01-30 03:05:23,605 - datalad.gitrepo - INFO - Receiving objects:  66% (249/376)
2025-01-30 03:05:23,605 - datalad.gitrepo - INFO - Receiving objects:  67% (252/376)
2025-01-30 03:05:23,605 - datalad.gitrepo - INFO - Receiving objects:  68% (256/376)
2025-01-30 03:05:23,605 - datalad.gitrepo - INFO - Receiving objects:  69% (260/376)
2025-01-30 03:05:23,605 - datalad.gitrepo - INFO - Receiving objects:  70% (264/376)
2025-01-30 03:05:23,605 - datalad.gitrepo - INFO - Receiving objects:  71% (267/376)
2025-01-30 03:05:23,605 - datalad.gitrepo - INFO - Receiving objects:  72% (271/376)
2025-01-30 03:05:23,605 - datalad.gitrepo - INFO - Receiving objects:  73% (275/376)
2025-01-30 03:05:23,605 - datalad.gitrepo - INFO - Receiving objects:  74% (279/376)
2025-01-30 03:05:23,605 - datalad.gitrepo - INFO - Receiving objects:  75% (282/376)
2025-01-30 03:05:23,606 - datalad.gitrepo - INFO - Receiving objects:  76% (286/376)
2025-01-30 03:05:23,606 - datalad.gitrepo - INFO - Receiving objects:  77% (290/376)
2025-01-30 03:05:23,606 - datalad.gitrepo - INFO - Receiving objects:  78% (294/376)
2025-01-30 03:05:23,606 - datalad.gitrepo - INFO - Receiving objects:  79% (298/376)
2025-01-30 03:05:23,606 - datalad.gitrepo - INFO - Receiving objects:  80% (301/376)
2025-01-30 03:05:23,606 - datalad.gitrepo - INFO - Receiving objects:  81% (305/376)
2025-01-30 03:05:23,606 - datalad.gitrepo - INFO - Receiving objects:  82% (309/376)
2025-01-30 03:05:23,606 - datalad.gitrepo - INFO - Receiving objects:  83% (313/376)
2025-01-30 03:05:23,609 - datalad.gitrepo - INFO - Receiving objects:  84% (316/376)
2025-01-30 03:05:23,609 - datalad.gitrepo - INFO - Receiving objects:  85% (320/376)
2025-01-30 03:05:23,610 - datalad.gitrepo - INFO - Receiving objects:  86% (324/376)
2025-01-30 03:05:23,610 - datalad.gitrepo - INFO - Receiving objects:  87% (328/376)
2025-01-30 03:05:23,610 - datalad.gitrepo - INFO - Receiving objects:  88% (331/376)
2025-01-30 03:05:23,610 - datalad.gitrepo - INFO - Receiving objects:  89% (335/376)
2025-01-30 03:05:23,610 - datalad.gitrepo - INFO - Receiving objects:  90% (339/376)
2025-01-30 03:05:23,611 - datalad.gitrepo - INFO - Receiving objects:  91% (343/376)
2025-01-30 03:05:23,623 - datalad.gitrepo - INFO - Receiving objects:  92% (346/376)
2025-01-30 03:05:23,628 - datalad.gitrepo - INFO - Receiving objects:  93% (350/376)
2025-01-30 03:05:23,628 - datalad.gitrepo - INFO - Receiving objects:  94% (354/376)
2025-01-30 03:05:23,631 - datalad.gitrepo - INFO - Receiving objects:  95% (358/376)
2025-01-30 03:05:23,632 - datalad.gitrepo - INFO - Receiving objects:  96% (361/376)
2025-01-30 03:05:23,633 - datalad.gitrepo - INFO - Receiving objects:  97% (365/376)
2025-01-30 03:05:23,633 - datalad.gitrepo - INFO - Receiving objects:  98% (369/376)
2025-01-30 03:05:23,633 - datalad.gitrepo - INFO - Receiving objects:  99% (373/376)
2025-01-30 03:05:23,634 - datalad.gitrepo - INFO - Receiving objects: 100% (376/376)
2025-01-30 03:05:23,634 - datalad.gitrepo - INFO - Receiving objects: 100% (376/376), 188.80 KiB | 4.10 MiB/s, done.
2025-01-30 03:05:23,634 - datalad.gitrepo - INFO - Finished receiving objects
2025-01-30 03:05:23,634 - datalad.gitrepo - INFO - Start resolving deltas
2025-01-30 03:05:23,634 - datalad.gitrepo - INFO - Resolving deltas:   0% (0/54)
2025-01-30 03:05:23,634 - datalad.gitrepo - INFO - Resolving deltas:   1% (1/54)
2025-01-30 03:05:23,634 - datalad.gitrepo - INFO - Resolving deltas:   3% (2/54)
2025-01-30 03:05:23,634 - datalad.gitrepo - INFO - Resolving deltas:   5% (3/54)
2025-01-30 03:05:23,635 - datalad.gitrepo - INFO - Resolving deltas:   7% (4/54)
2025-01-30 03:05:23,635 - datalad.gitrepo - INFO - Resolving deltas:   9% (5/54)
2025-01-30 03:05:23,635 - datalad.gitrepo - INFO - Resolving deltas:  11% (6/54)
2025-01-30 03:05:23,635 - datalad.gitrepo - INFO - Resolving deltas:  14% (8/54)
2025-01-30 03:05:23,635 - datalad.gitrepo - INFO - Resolving deltas:  16% (9/54)
2025-01-30 03:05:23,635 - datalad.gitrepo - INFO - Resolving deltas:  20% (11/54)
2025-01-30 03:05:23,635 - datalad.gitrepo - INFO - Resolving deltas:  22% (12/54)
2025-01-30 03:05:23,635 - datalad.gitrepo - INFO - Resolving deltas:  24% (13/54)
2025-01-30 03:05:23,635 - datalad.gitrepo - INFO - Resolving deltas:  25% (14/54)
2025-01-30 03:05:23,635 - datalad.gitrepo - INFO - Resolving deltas:  29% (16/54)
2025-01-30 03:05:23,635 - datalad.gitrepo - INFO - Resolving deltas:  31% (17/54)
2025-01-30 03:05:23,635 - datalad.gitrepo - INFO - Resolving deltas:  33% (18/54)
2025-01-30 03:05:23,635 - datalad.gitrepo - INFO - Resolving deltas:  35% (19/54)
2025-01-30 03:05:23,635 - datalad.gitrepo - INFO - Resolving deltas:  37% (20/54)
2025-01-30 03:05:23,635 - datalad.gitrepo - INFO - Resolving deltas:  38% (21/54)
2025-01-30 03:05:23,635 - datalad.gitrepo - INFO - Resolving deltas:  40% (22/54)
2025-01-30 03:05:23,635 - datalad.gitrepo - INFO - Resolving deltas:  42% (23/54)
2025-01-30 03:05:23,635 - datalad.gitrepo - INFO - Resolving deltas:  44% (24/54)
2025-01-30 03:05:23,635 - datalad.gitrepo - INFO - Resolving deltas:  46% (25/54)
2025-01-30 03:05:23,635 - datalad.gitrepo - INFO - Resolving deltas:  48% (26/54)
2025-01-30 03:05:23,635 - datalad.gitrepo - INFO - Resolving deltas:  50% (27/54)
2025-01-30 03:05:23,635 - datalad.gitrepo - INFO - Resolving deltas:  51% (28/54)
2025-01-30 03:05:23,636 - datalad.gitrepo - INFO - Resolving deltas:  55% (30/54)
2025-01-30 03:05:23,636 - datalad.gitrepo - INFO - Resolving deltas:  57% (31/54)
2025-01-30 03:05:23,636 - datalad.gitrepo - INFO - Resolving deltas:  59% (32/54)
2025-01-30 03:05:23,636 - datalad.gitrepo - INFO - Resolving deltas:  64% (35/54)
2025-01-30 03:05:23,636 - datalad.gitrepo - INFO - Resolving deltas:  66% (36/54)
2025-01-30 03:05:23,636 - datalad.gitrepo - INFO - Resolving deltas:  68% (37/54)
2025-01-30 03:05:23,636 - datalad.gitrepo - INFO - Resolving deltas:  72% (39/54)
2025-01-30 03:05:23,636 - datalad.gitrepo - INFO - Resolving deltas:  75% (41/54)
2025-01-30 03:05:23,636 - datalad.gitrepo - INFO - Resolving deltas:  77% (42/54)
2025-01-30 03:05:23,636 - datalad.gitrepo - INFO - Resolving deltas:  79% (43/54)
2025-01-30 03:05:23,636 - datalad.gitrepo - INFO - Resolving deltas:  81% (44/54)
2025-01-30 03:05:23,636 - datalad.gitrepo - INFO - Resolving deltas:  83% (45/54)
2025-01-30 03:05:23,636 - datalad.gitrepo - INFO - Resolving deltas:  85% (46/54)
2025-01-30 03:05:23,636 - datalad.gitrepo - INFO - Resolving deltas:  87% (47/54)
2025-01-30 03:05:23,636 - datalad.gitrepo - INFO - Resolving deltas:  88% (48/54)
2025-01-30 03:05:23,636 - datalad.gitrepo - INFO - Resolving deltas:  90% (49/54)
2025-01-30 03:05:23,636 - datalad.gitrepo - INFO - Resolving deltas:  92% (50/54)
2025-01-30 03:05:23,636 - datalad.gitrepo - INFO - Resolving deltas:  94% (51/54)
2025-01-30 03:05:23,636 - datalad.gitrepo - INFO - Resolving deltas:  96% (52/54)
2025-01-30 03:05:23,636 - datalad.gitrepo - INFO - Resolving deltas:  98% (53/54)
2025-01-30 03:05:23,636 - datalad.gitrepo - INFO - Resolving deltas: 100% (54/54)
2025-01-30 03:05:23,636 - datalad.gitrepo - INFO - Resolving deltas: 100% (54/54), done.
2025-01-30 03:05:23,636 - datalad.gitrepo - INFO - Finished resolving deltas
2025-01-30 03:05:23,662 - datalad.core.distributed.clone - INFO - Completed clone attempts for Dataset(/Users/janinegraser/PycharmProjects/openneuro_preprocessing_API/openneuro_app/temp/ds005691)
2025-01-30 03:05:24,623 - datalad.annex - INFO    - Remote origin not usable by git-annex; setting annex-ignore
2025-01-30 03:05:24,655 - datalad.annex - INFO    - https://github.com/OpenNeuroDatasets/ds005691.git/config download failed: Not Found
2025-01-30 03:05:24,844 - datalad.distribution.get - INFO    - Ensuring presence of Dataset(/Users/janinegraser/PycharmProjects/openneuro_preprocessing_API/openneuro_app/temp/ds005691) to get /Users/janinegraser/PycharmProjects/openneuro_preprocessing_API/openneuro_app/temp/ds005691
2025-01-30 03:05:24,844 - datalad.distribution.get - INFO - Installing: starting
2025-01-30 03:05:24,846 - datalad.distribution.get - INFO - Installing: done
2025-01-30 03:05:25,870 - datalad.annex - INFO - Start annex operation
2025-01-30 03:05:26,599 - datalad.annex - INFO - Start annex action: {'command': 'get', 'file': 'sub-01/ieeg/sub-01_task-countingDeviants_ieeg.eeg', 'input': ['.'], 'key': 'SHA256E-s81376400--06a1bc84d260a6af4600e027bd84d0208c6245309506a94e8ccfe9c9e377aa62.eeg', 'note': 'from s3-PUBLIC...'}
2025-01-30 03:05:26,603 - datalad.annex - INFO - 0.02%
2025-01-30 03:05:26,603 - datalad.annex - INFO - 0.02%
2025-01-30 03:05:26,707 - datalad.annex - INFO - 0.04%
2025-01-30 03:05:26,708 - datalad.annex - INFO - 0.04%
2025-01-30 03:05:26,813 - datalad.annex - INFO - 0.11%
2025-01-30 03:05:26,815 - datalad.annex - INFO - 0.11%
2025-01-30 03:05:26,915 - datalad.annex - INFO - 0.23%
2025-01-30 03:05:26,916 - datalad.annex - INFO - 0.23%
2025-01-30 03:05:27,028 - datalad.annex - INFO - 0.51%
2025-01-30 03:05:27,029 - datalad.annex - INFO - 0.51%
2025-01-30 03:05:27,126 - datalad.annex - INFO - 0.83%
2025-01-30 03:05:27,127 - datalad.annex - INFO - 0.83%
2025-01-30 03:05:27,241 - datalad.annex - INFO - 1.69%
2025-01-30 03:05:27,242 - datalad.annex - INFO - 1.69%
2025-01-30 03:05:27,357 - datalad.annex - INFO - 3.41%
2025-01-30 03:05:27,358 - datalad.annex - INFO - 3.41%
2025-01-30 03:05:27,470 - datalad.annex - INFO - 6.85%
2025-01-30 03:05:27,470 - datalad.annex - INFO - 6.85%
2025-01-30 03:05:27,570 - datalad.annex - INFO - 10.86%
2025-01-30 03:05:27,570 - datalad.annex - INFO - 10.86%
2025-01-30 03:05:27,671 - datalad.annex - INFO - 13.8%
2025-01-30 03:05:27,671 - datalad.annex - INFO - 13.8%
2025-01-30 03:05:27,771 - datalad.annex - INFO - 16.92%
2025-01-30 03:05:27,771 - datalad.annex - INFO - 16.92%
2025-01-30 03:05:27,871 - datalad.annex - INFO - 20.74%
2025-01-30 03:05:27,872 - datalad.annex - INFO - 20.74%
2025-01-30 03:05:27,972 - datalad.annex - INFO - 23.8%
2025-01-30 03:05:27,972 - datalad.annex - INFO - 23.8%
2025-01-30 03:05:28,072 - datalad.annex - INFO - 26.76%
2025-01-30 03:05:28,073 - datalad.annex - INFO - 26.76%
2025-01-30 03:05:28,173 - datalad.annex - INFO - 29.8%
2025-01-30 03:05:28,173 - datalad.annex - INFO - 29.8%
2025-01-30 03:05:28,273 - datalad.annex - INFO - 32.48%
2025-01-30 03:05:28,273 - datalad.annex - INFO - 32.48%
2025-01-30 03:05:28,373 - datalad.annex - INFO - 36.29%
2025-01-30 03:05:28,374 - datalad.annex - INFO - 36.29%
2025-01-30 03:05:28,474 - datalad.annex - INFO - 39.63%
2025-01-30 03:05:28,475 - datalad.annex - INFO - 39.63%
2025-01-30 03:05:28,575 - datalad.annex - INFO - 42.71%
2025-01-30 03:05:28,575 - datalad.annex - INFO - 42.71%
2025-01-30 03:05:28,675 - datalad.annex - INFO - 45.85%
2025-01-30 03:05:28,675 - datalad.annex - INFO - 45.85%
2025-01-30 03:05:28,775 - datalad.annex - INFO - 48.89%
2025-01-30 03:05:28,775 - datalad.annex - INFO - 48.89%
2025-01-30 03:05:28,875 - datalad.annex - INFO - 52.43%
2025-01-30 03:05:28,875 - datalad.annex - INFO - 52.43%
2025-01-30 03:05:28,976 - datalad.annex - INFO - 55.88%
2025-01-30 03:05:28,976 - datalad.annex - INFO - 55.88%
2025-01-30 03:05:29,076 - datalad.annex - INFO - 59.46%
2025-01-30 03:05:29,077 - datalad.annex - INFO - 59.46%
2025-01-30 03:05:29,176 - datalad.annex - INFO - 62.44%
2025-01-30 03:05:29,177 - datalad.annex - INFO - 62.44%
2025-01-30 03:05:29,277 - datalad.annex - INFO - 65.42%
2025-01-30 03:05:29,277 - datalad.annex - INFO - 65.42%
2025-01-30 03:05:29,377 - datalad.annex - INFO - 68.54%
2025-01-30 03:05:29,377 - datalad.annex - INFO - 68.54%
2025-01-30 03:05:29,487 - datalad.annex - INFO - 72.02%
2025-01-30 03:05:29,487 - datalad.annex - INFO - 72.02%
2025-01-30 03:05:29,599 - datalad.annex - INFO - 75.41%
2025-01-30 03:05:29,599 - datalad.annex - INFO - 75.41%
2025-01-30 03:05:29,699 - datalad.annex - INFO - 79.03%
2025-01-30 03:05:29,699 - datalad.annex - INFO - 79.03%
2025-01-30 03:05:29,799 - datalad.annex - INFO - 82.03%
2025-01-30 03:05:29,799 - datalad.annex - INFO - 82.03%
2025-01-30 03:05:29,899 - datalad.annex - INFO - 85.01%
2025-01-30 03:05:29,900 - datalad.annex - INFO - 85.01%
2025-01-30 03:05:30,000 - datalad.annex - INFO - 88.09%
2025-01-30 03:05:30,000 - datalad.annex - INFO - 88.09%
2025-01-30 03:05:30,105 - datalad.annex - INFO - 91.13%
2025-01-30 03:05:30,105 - datalad.annex - INFO - 91.13%
2025-01-30 03:05:30,220 - datalad.annex - INFO - 94.75%
2025-01-30 03:05:30,220 - datalad.annex - INFO - 94.75%
2025-01-30 03:05:30,332 - datalad.annex - INFO - 98.14%
2025-01-30 03:05:30,332 - datalad.annex - INFO - 98.14%
2025-01-30 03:05:30,378 - datalad.annex - INFO - Finished annex action: {'command': 'get', 'file': 'sub-01/ieeg/sub-01_task-countingDeviants_ieeg.eeg', 'input': ['.'], 'key': 'SHA256E-s81376400--06a1bc84d260a6af4600e027bd84d0208c6245309506a94e8ccfe9c9e377aa62.eeg', 'note': 'from s3-PUBLIC...'}
2025-01-30 03:05:30,378 - datalad.annex - INFO - Start annex action: {'command': 'get', 'file': 'sub-01/ieeg/sub-01_task-countingDeviants_ieeg.eeg', 'input': ['.'], 'key': 'SHA256E-s81376400--06a1bc84d260a6af4600e027bd84d0208c6245309506a94e8ccfe9c9e377aa62.eeg', 'note': 'from s3-PUBLIC...'}
2025-01-30 03:05:30,378 - datalad.annex - INFO - 100%
2025-01-30 03:05:30,438 - datalad.annex - INFO - Finished annex action: None
2025-01-30 03:05:30,438 - datalad.annex - INFO - sub-01/ieeg/sub-01_task-countingDeviants_ieeg.eeg
2025-01-30 03:05:30,572 - datalad.annex - INFO - Start annex action: {'command': 'get', 'file': 'sub-01/ieeg/sub-01_task-countingDeviants_ieeg.vhdr', 'input': ['.'], 'key': 'SHA256E-s2220--2f7e846bd46d2df668f90c4e291996767a42511c30c1d392458982f242096e4c.vhdr', 'note': 'from s3-PUBLIC...'}
2025-01-30 03:05:30,572 - datalad.annex - INFO - 100%
2025-01-30 03:05:30,572 - datalad.annex - INFO - Finished annex action: {'command': 'get', 'file': 'sub-01/ieeg/sub-01_task-countingDeviants_ieeg.vhdr', 'input': ['.'], 'key': 'SHA256E-s2220--2f7e846bd46d2df668f90c4e291996767a42511c30c1d392458982f242096e4c.vhdr', 'note': 'from s3-PUBLIC...'}
2025-01-30 03:05:30,576 - datalad.annex - INFO - sub-01/ieeg/sub-01_task-countingDeviants_ieeg.vhdr
2025-01-30 03:05:30,707 - datalad.annex - INFO - Start annex action: {'command': 'get', 'file': 'sub-01/ieeg/sub-01_task-countingDeviants_ieeg.vmrk', 'input': ['.'], 'key': 'SHA256E-s60481--1987828c4c4a2c23d6531210ad6b7f4a3c560bfce5a028da138b8d2f1ae69e3c.vmrk', 'note': 'from s3-PUBLIC...'}
2025-01-30 03:05:30,707 - datalad.annex - INFO - 27.09%
2025-01-30 03:05:30,707 - datalad.annex - INFO - 27.09%
2025-01-30 03:05:30,710 - datalad.annex - INFO - Finished annex action: {'command': 'get', 'file': 'sub-01/ieeg/sub-01_task-countingDeviants_ieeg.vmrk', 'input': ['.'], 'key': 'SHA256E-s60481--1987828c4c4a2c23d6531210ad6b7f4a3c560bfce5a028da138b8d2f1ae69e3c.vmrk', 'note': 'from s3-PUBLIC...'}
2025-01-30 03:05:30,710 - datalad.annex - INFO - Start annex action: {'command': 'get', 'file': 'sub-01/ieeg/sub-01_task-countingDeviants_ieeg.vmrk', 'input': ['.'], 'key': 'SHA256E-s60481--1987828c4c4a2c23d6531210ad6b7f4a3c560bfce5a028da138b8d2f1ae69e3c.vmrk', 'note': 'from s3-PUBLIC...'}
2025-01-30 03:05:30,711 - datalad.annex - INFO - 100%
2025-01-30 03:05:30,714 - datalad.annex - INFO - Finished annex action: None
2025-01-30 03:05:30,714 - datalad.annex - INFO - sub-01/ieeg/sub-01_task-countingDeviants_ieeg.vmrk
2025-01-30 03:05:30,932 - datalad.annex - INFO - Start annex action: {'command': 'get', 'file': 'sub-02/ieeg/sub-02_task-countingDeviants_ieeg.eeg', 'input': ['.'], 'key': 'SHA256E-s96570600--85af3a55f8e6690b6514f03074d020ad3aaf1e4ac9b251dcdf70441cc1151168.eeg', 'note': 'from s3-PUBLIC...'}
2025-01-30 03:05:30,932 - datalad.annex - INFO - 0.02%
2025-01-30 03:05:30,932 - datalad.annex - INFO - 0.02%
2025-01-30 03:05:31,032 - datalad.annex - INFO - 3.43%
2025-01-30 03:05:31,032 - datalad.annex - INFO - 3.43%
2025-01-30 03:05:31,132 - datalad.annex - INFO - 5.98%
2025-01-30 03:05:31,132 - datalad.annex - INFO - 5.98%
2025-01-30 03:05:31,232 - datalad.annex - INFO - 8.59%
2025-01-30 03:05:31,232 - datalad.annex - INFO - 8.59%
2025-01-30 03:05:31,332 - datalad.annex - INFO - 11.22%
2025-01-30 03:05:31,333 - datalad.annex - INFO - 11.22%
2025-01-30 03:05:31,441 - datalad.annex - INFO - 14.15%
2025-01-30 03:05:31,441 - datalad.annex - INFO - 14.15%
2025-01-30 03:05:31,553 - datalad.annex - INFO - 17.17%
2025-01-30 03:05:31,553 - datalad.annex - INFO - 17.17%
2025-01-30 03:05:31,668 - datalad.annex - INFO - 20.3%
2025-01-30 03:05:31,668 - datalad.annex - INFO - 20.3%
2025-01-30 03:05:31,780 - datalad.annex - INFO - 23.27%
2025-01-30 03:05:31,780 - datalad.annex - INFO - 23.27%
2025-01-30 03:05:31,881 - datalad.annex - INFO - 26.34%
2025-01-30 03:05:31,881 - datalad.annex - INFO - 26.34%
2025-01-30 03:05:31,985 - datalad.annex - INFO - 28.78%
2025-01-30 03:05:31,985 - datalad.annex - INFO - 28.78%
2025-01-30 03:05:32,110 - datalad.annex - INFO - 32.09%
2025-01-30 03:05:32,110 - datalad.annex - INFO - 32.09%
2025-01-30 03:05:32,220 - datalad.annex - INFO - 35.11%
2025-01-30 03:05:32,220 - datalad.annex - INFO - 35.11%
2025-01-30 03:05:32,320 - datalad.annex - INFO - 38.35%
2025-01-30 03:05:32,320 - datalad.annex - INFO - 38.35%
2025-01-30 03:05:32,420 - datalad.annex - INFO - 41.01%
2025-01-30 03:05:32,420 - datalad.annex - INFO - 41.01%
2025-01-30 03:05:32,521 - datalad.annex - INFO - 43.42%
2025-01-30 03:05:32,521 - datalad.annex - INFO - 43.42%
2025-01-30 03:05:32,634 - datalad.annex - INFO - 46.29%
2025-01-30 03:05:32,634 - datalad.annex - INFO - 46.29%
2025-01-30 03:05:32,735 - datalad.annex - INFO - 49.7%
2025-01-30 03:05:32,735 - datalad.annex - INFO - 49.7%
2025-01-30 03:05:32,835 - datalad.annex - INFO - 52.28%
2025-01-30 03:05:32,835 - datalad.annex - INFO - 52.28%
2025-01-30 03:05:32,944 - datalad.annex - INFO - 55.23%
2025-01-30 03:05:32,944 - datalad.annex - INFO - 55.23%
2025-01-30 03:05:33,044 - datalad.annex - INFO - 58.2%
2025-01-30 03:05:33,045 - datalad.annex - INFO - 58.2%
2025-01-30 03:05:33,145 - datalad.annex - INFO - 60.78%
2025-01-30 03:05:33,145 - datalad.annex - INFO - 60.78%
2025-01-30 03:05:33,245 - datalad.annex - INFO - 63.34%
2025-01-30 03:05:33,245 - datalad.annex - INFO - 63.34%
2025-01-30 03:05:33,367 - datalad.annex - INFO - 66.56%
2025-01-30 03:05:33,367 - datalad.annex - INFO - 66.56%
2025-01-30 03:05:33,478 - datalad.annex - INFO - 69.6%
2025-01-30 03:05:33,478 - datalad.annex - INFO - 69.6%
2025-01-30 03:05:33,589 - datalad.annex - INFO - 72.57%
2025-01-30 03:05:33,590 - datalad.annex - INFO - 72.57%
2025-01-30 03:05:33,689 - datalad.annex - INFO - 75.67%
2025-01-30 03:05:33,690 - datalad.annex - INFO - 75.67%
2025-01-30 03:05:33,789 - datalad.annex - INFO - 78.25%
2025-01-30 03:05:33,790 - datalad.annex - INFO - 78.25%
2025-01-30 03:05:33,892 - datalad.annex - INFO - 81.03%
2025-01-30 03:05:33,892 - datalad.annex - INFO - 81.03%
2025-01-30 03:05:33,996 - datalad.annex - INFO - 83.71%
2025-01-30 03:05:33,997 - datalad.annex - INFO - 83.71%
2025-01-30 03:05:34,097 - datalad.annex - INFO - 86.87%
2025-01-30 03:05:34,097 - datalad.annex - INFO - 86.87%
2025-01-30 03:05:34,198 - datalad.annex - INFO - 89.67%
2025-01-30 03:05:34,198 - datalad.annex - INFO - 89.67%
2025-01-30 03:05:34,298 - datalad.annex - INFO - 92.11%
2025-01-30 03:05:34,298 - datalad.annex - INFO - 92.11%
2025-01-30 03:05:34,409 - datalad.annex - INFO - 94.98%
2025-01-30 03:05:34,409 - datalad.annex - INFO - 94.98%
2025-01-30 03:05:34,525 - datalad.annex - INFO - 98.08%
2025-01-30 03:05:34,525 - datalad.annex - INFO - 98.08%
2025-01-30 03:05:34,580 - datalad.annex - INFO - Finished annex action: {'command': 'get', 'file': 'sub-02/ieeg/sub-02_task-countingDeviants_ieeg.eeg', 'input': ['.'], 'key': 'SHA256E-s96570600--85af3a55f8e6690b6514f03074d020ad3aaf1e4ac9b251dcdf70441cc1151168.eeg', 'note': 'from s3-PUBLIC...'}
2025-01-30 03:05:34,580 - datalad.annex - INFO - Start annex action: {'command': 'get', 'file': 'sub-02/ieeg/sub-02_task-countingDeviants_ieeg.eeg', 'input': ['.'], 'key': 'SHA256E-s96570600--85af3a55f8e6690b6514f03074d020ad3aaf1e4ac9b251dcdf70441cc1151168.eeg', 'note': 'from s3-PUBLIC...'}
2025-01-30 03:05:34,581 - datalad.annex - INFO - 100%
2025-01-30 03:05:34,582 - datalad.annex - INFO - Finished annex action: None
2025-01-30 03:05:34,582 - datalad.annex - INFO - sub-02/ieeg/sub-02_task-countingDeviants_ieeg.eeg
2025-01-30 03:05:34,723 - datalad.annex - INFO - Start annex action: {'command': 'get', 'file': 'sub-02/ieeg/sub-02_task-countingDeviants_ieeg.vhdr', 'input': ['.'], 'key': 'SHA256E-s2162--5d6bcb609bdd676ac25bf0538d1e7eb392b31b1e52263c02bf6690f5c10e50dc.vhdr', 'note': 'from s3-PUBLIC...'}
2025-01-30 03:05:34,724 - datalad.annex - INFO - 100%
2025-01-30 03:05:34,724 - datalad.annex - INFO - Finished annex action: {'command': 'get', 'file': 'sub-02/ieeg/sub-02_task-countingDeviants_ieeg.vhdr', 'input': ['.'], 'key': 'SHA256E-s2162--5d6bcb609bdd676ac25bf0538d1e7eb392b31b1e52263c02bf6690f5c10e50dc.vhdr', 'note': 'from s3-PUBLIC...'}
2025-01-30 03:05:34,727 - datalad.annex - INFO - sub-02/ieeg/sub-02_task-countingDeviants_ieeg.vhdr
2025-01-30 03:05:34,858 - datalad.annex - INFO - Start annex action: {'command': 'get', 'file': 'sub-02/ieeg/sub-02_task-countingDeviants_ieeg.vmrk', 'input': ['.'], 'key': 'SHA256E-s60462--302d3a544aff4ae7559696133c1c8e086f9c7720d5885e55b193b7f7f6954a3c.vmrk', 'note': 'from s3-PUBLIC...'}
2025-01-30 03:05:34,859 - datalad.annex - INFO - 27.1%
2025-01-30 03:05:34,860 - datalad.annex - INFO - 27.1%
2025-01-30 03:05:34,862 - datalad.annex - INFO - Finished annex action: {'command': 'get', 'file': 'sub-02/ieeg/sub-02_task-countingDeviants_ieeg.vmrk', 'input': ['.'], 'key': 'SHA256E-s60462--302d3a544aff4ae7559696133c1c8e086f9c7720d5885e55b193b7f7f6954a3c.vmrk', 'note': 'from s3-PUBLIC...'}
2025-01-30 03:05:34,863 - datalad.annex - INFO - Start annex action: {'command': 'get', 'file': 'sub-02/ieeg/sub-02_task-countingDeviants_ieeg.vmrk', 'input': ['.'], 'key': 'SHA256E-s60462--302d3a544aff4ae7559696133c1c8e086f9c7720d5885e55b193b7f7f6954a3c.vmrk', 'note': 'from s3-PUBLIC...'}
2025-01-30 03:05:34,863 - datalad.annex - INFO - 100%
2025-01-30 03:05:34,868 - datalad.annex - INFO - Finished annex action: None
2025-01-30 03:05:34,869 - datalad.annex - INFO - sub-02/ieeg/sub-02_task-countingDeviants_ieeg.vmrk
2025-01-30 03:05:35,070 - datalad.annex - INFO - Start annex action: {'command': 'get', 'file': 'sub-03/ieeg/sub-03_task-countingDeviants_ieeg.eeg', 'input': ['.'], 'key': 'SHA256E-s86279900--1cf483e9779c29f4cab6aeb84c40c811d097c66770d9c657c1e1629c6f6932b8.eeg', 'note': 'from s3-PUBLIC...'}
2025-01-30 03:05:35,071 - datalad.annex - INFO - 0.02%
2025-01-30 03:05:35,071 - datalad.annex - INFO - 0.02%
2025-01-30 03:05:35,169 - datalad.annex - INFO - 3.95%
2025-01-30 03:05:35,169 - datalad.annex - INFO - 3.95%
2025-01-30 03:05:35,270 - datalad.annex - INFO - 6.97%
2025-01-30 03:05:35,270 - datalad.annex - INFO - 6.97%
2025-01-30 03:05:35,370 - datalad.annex - INFO - 9.92%
2025-01-30 03:05:35,370 - datalad.annex - INFO - 9.92%
2025-01-30 03:05:35,470 - datalad.annex - INFO - 12.71%
2025-01-30 03:05:35,470 - datalad.annex - INFO - 12.71%
2025-01-30 03:05:35,571 - datalad.annex - INFO - 16.37%
2025-01-30 03:05:35,571 - datalad.annex - INFO - 16.37%
2025-01-30 03:05:35,671 - datalad.annex - INFO - 19.2%
2025-01-30 03:05:35,671 - datalad.annex - INFO - 19.2%
2025-01-30 03:05:35,771 - datalad.annex - INFO - 22.01%
2025-01-30 03:05:35,771 - datalad.annex - INFO - 22.01%
2025-01-30 03:05:35,873 - datalad.annex - INFO - 25.11%
2025-01-30 03:05:35,873 - datalad.annex - INFO - 25.11%
2025-01-30 03:05:35,973 - datalad.annex - INFO - 28.15%
2025-01-30 03:05:35,973 - datalad.annex - INFO - 28.15%
2025-01-30 03:05:36,073 - datalad.annex - INFO - 31.37%
2025-01-30 03:05:36,074 - datalad.annex - INFO - 31.37%
2025-01-30 03:05:36,174 - datalad.annex - INFO - 34.2%
2025-01-30 03:05:36,174 - datalad.annex - INFO - 34.2%
2025-01-30 03:05:36,295 - datalad.annex - INFO - 37.66%
2025-01-30 03:05:36,296 - datalad.annex - INFO - 37.66%
2025-01-30 03:05:36,396 - datalad.annex - INFO - 41.32%
2025-01-30 03:05:36,396 - datalad.annex - INFO - 41.32%
2025-01-30 03:05:36,496 - datalad.annex - INFO - 44.4%
2025-01-30 03:05:36,496 - datalad.annex - INFO - 44.4%
2025-01-30 03:05:36,596 - datalad.annex - INFO - 47.46%
2025-01-30 03:05:36,596 - datalad.annex - INFO - 47.46%
2025-01-30 03:05:36,696 - datalad.annex - INFO - 50.89%
2025-01-30 03:05:36,697 - datalad.annex - INFO - 50.89%
2025-01-30 03:05:36,797 - datalad.annex - INFO - 53.97%
2025-01-30 03:05:36,797 - datalad.annex - INFO - 53.97%
2025-01-30 03:05:36,897 - datalad.annex - INFO - 56.76%
2025-01-30 03:05:36,897 - datalad.annex - INFO - 56.76%
2025-01-30 03:05:36,997 - datalad.annex - INFO - 59.4%
2025-01-30 03:05:36,997 - datalad.annex - INFO - 59.4%
2025-01-30 03:05:37,109 - datalad.annex - INFO - 62.84%
2025-01-30 03:05:37,109 - datalad.annex - INFO - 62.84%
2025-01-30 03:05:37,209 - datalad.annex - INFO - 66.62%
2025-01-30 03:05:37,209 - datalad.annex - INFO - 66.62%
2025-01-30 03:05:37,309 - datalad.annex - INFO - 69.5%
2025-01-30 03:05:37,309 - datalad.annex - INFO - 69.5%
2025-01-30 03:05:37,410 - datalad.annex - INFO - 72.41%
2025-01-30 03:05:37,410 - datalad.annex - INFO - 72.41%
2025-01-30 03:05:37,510 - datalad.annex - INFO - 75.33%
2025-01-30 03:05:37,510 - datalad.annex - INFO - 75.33%
2025-01-30 03:05:37,616 - datalad.annex - INFO - 78.41%
2025-01-30 03:05:37,617 - datalad.annex - INFO - 78.41%
2025-01-30 03:05:37,711 - datalad.annex - INFO - 81.79%
2025-01-30 03:05:37,711 - datalad.annex - INFO - 81.79%
2025-01-30 03:05:37,811 - datalad.annex - INFO - 84.68%
2025-01-30 03:05:37,812 - datalad.annex - INFO - 84.68%
2025-01-30 03:05:37,919 - datalad.annex - INFO - 87.68%
2025-01-30 03:05:37,919 - datalad.annex - INFO - 87.68%
2025-01-30 03:05:38,037 - datalad.annex - INFO - 91.3%
2025-01-30 03:05:38,037 - datalad.annex - INFO - 91.3%
2025-01-30 03:05:38,148 - datalad.annex - INFO - 94.46%
2025-01-30 03:05:38,148 - datalad.annex - INFO - 94.46%
2025-01-30 03:05:38,273 - datalad.annex - INFO - 98.1%
2025-01-30 03:05:38,274 - datalad.annex - INFO - 98.1%
2025-01-30 03:05:38,319 - datalad.annex - INFO - Finished annex action: {'command': 'get', 'file': 'sub-03/ieeg/sub-03_task-countingDeviants_ieeg.eeg', 'input': ['.'], 'key': 'SHA256E-s86279900--1cf483e9779c29f4cab6aeb84c40c811d097c66770d9c657c1e1629c6f6932b8.eeg', 'note': 'from s3-PUBLIC...'}
2025-01-30 03:05:38,319 - datalad.annex - INFO - Start annex action: {'command': 'get', 'file': 'sub-03/ieeg/sub-03_task-countingDeviants_ieeg.eeg', 'input': ['.'], 'key': 'SHA256E-s86279900--1cf483e9779c29f4cab6aeb84c40c811d097c66770d9c657c1e1629c6f6932b8.eeg', 'note': 'from s3-PUBLIC...'}
2025-01-30 03:05:38,320 - datalad.annex - INFO - 100%
2025-01-30 03:05:38,321 - datalad.annex - INFO - Finished annex action: None
2025-01-30 03:05:38,321 - datalad.annex - INFO - sub-03/ieeg/sub-03_task-countingDeviants_ieeg.eeg
2025-01-30 03:05:38,473 - datalad.annex - INFO - Start annex action: {'command': 'get', 'file': 'sub-03/ieeg/sub-03_task-countingDeviants_ieeg.vhdr', 'input': ['.'], 'key': 'SHA256E-s2162--82454d44ead02f68ae7543b603c542340d1b47a4fff38ac69a6fd2986aa94e93.vhdr', 'note': 'from s3-PUBLIC...'}
2025-01-30 03:05:38,474 - datalad.annex - INFO - 100%
2025-01-30 03:05:38,474 - datalad.annex - INFO - Finished annex action: {'command': 'get', 'file': 'sub-03/ieeg/sub-03_task-countingDeviants_ieeg.vhdr', 'input': ['.'], 'key': 'SHA256E-s2162--82454d44ead02f68ae7543b603c542340d1b47a4fff38ac69a6fd2986aa94e93.vhdr', 'note': 'from s3-PUBLIC...'}
2025-01-30 03:05:38,476 - datalad.annex - INFO - sub-03/ieeg/sub-03_task-countingDeviants_ieeg.vhdr
2025-01-30 03:05:38,629 - datalad.annex - INFO - Start annex action: {'command': 'get', 'file': 'sub-03/ieeg/sub-03_task-countingDeviants_ieeg.vmrk', 'input': ['.'], 'key': 'SHA256E-s60481--728364fb116819244399fb63ccdc512303369653a9f94e05b8c9b210f3c6eb47.vmrk', 'note': 'from s3-PUBLIC...'}
2025-01-30 03:05:38,630 - datalad.annex - INFO - 27.09%
2025-01-30 03:05:38,630 - datalad.annex - INFO - 27.09%
2025-01-30 03:05:38,633 - datalad.annex - INFO - Finished annex action: {'command': 'get', 'file': 'sub-03/ieeg/sub-03_task-countingDeviants_ieeg.vmrk', 'input': ['.'], 'key': 'SHA256E-s60481--728364fb116819244399fb63ccdc512303369653a9f94e05b8c9b210f3c6eb47.vmrk', 'note': 'from s3-PUBLIC...'}
2025-01-30 03:05:38,634 - datalad.annex - INFO - Start annex action: {'command': 'get', 'file': 'sub-03/ieeg/sub-03_task-countingDeviants_ieeg.vmrk', 'input': ['.'], 'key': 'SHA256E-s60481--728364fb116819244399fb63ccdc512303369653a9f94e05b8c9b210f3c6eb47.vmrk', 'note': 'from s3-PUBLIC...'}
2025-01-30 03:05:38,634 - datalad.annex - INFO - 100%
2025-01-30 03:05:38,638 - datalad.annex - INFO - Finished annex action: None
2025-01-30 03:05:38,638 - datalad.annex - INFO - sub-03/ieeg/sub-03_task-countingDeviants_ieeg.vmrk
2025-01-30 03:05:38,876 - datalad.annex - INFO - Start annex action: {'command': 'get', 'file': 'sub-04/ieeg/sub-04_task-countingDeviants_ieeg.eeg', 'input': ['.'], 'key': 'SHA256E-s81832800--1a87292bc3ef532e0d82bdaa4eabdbde2946f8451cbc0bc150ecd4fdb7e9aa5e.eeg', 'note': 'from s3-PUBLIC...'}
2025-01-30 03:05:38,877 - datalad.annex - INFO - 0.02%
2025-01-30 03:05:38,877 - datalad.annex - INFO - 0.02%
2025-01-30 03:05:38,977 - datalad.annex - INFO - 4.13%
2025-01-30 03:05:38,977 - datalad.annex - INFO - 4.13%
2025-01-30 03:05:39,077 - datalad.annex - INFO - 7.18%
2025-01-30 03:05:39,077 - datalad.annex - INFO - 7.18%
2025-01-30 03:05:39,177 - datalad.annex - INFO - 9.96%
2025-01-30 03:05:39,177 - datalad.annex - INFO - 9.96%
2025-01-30 03:05:39,277 - datalad.annex - INFO - 13.84%
2025-01-30 03:05:39,277 - datalad.annex - INFO - 13.84%
2025-01-30 03:05:39,377 - datalad.annex - INFO - 16.79%
2025-01-30 03:05:39,377 - datalad.annex - INFO - 16.79%
2025-01-30 03:05:39,478 - datalad.annex - INFO - 19.75%
2025-01-30 03:05:39,478 - datalad.annex - INFO - 19.75%
2025-01-30 03:05:39,582 - datalad.annex - INFO - 22.91%
2025-01-30 03:05:39,582 - datalad.annex - INFO - 22.91%
2025-01-30 03:05:39,694 - datalad.annex - INFO - 26.22%
2025-01-30 03:05:39,695 - datalad.annex - INFO - 26.22%
2025-01-30 03:05:39,814 - datalad.annex - INFO - 29.92%
2025-01-30 03:05:39,815 - datalad.annex - INFO - 29.92%
2025-01-30 03:05:39,915 - datalad.annex - INFO - 33.96%
2025-01-30 03:05:39,915 - datalad.annex - INFO - 33.96%
2025-01-30 03:05:40,015 - datalad.annex - INFO - 36.99%
2025-01-30 03:05:40,015 - datalad.annex - INFO - 36.99%
2025-01-30 03:05:40,115 - datalad.annex - INFO - 40.07%
2025-01-30 03:05:40,115 - datalad.annex - INFO - 40.07%
2025-01-30 03:05:40,238 - datalad.annex - INFO - 43.93%
2025-01-30 03:05:40,239 - datalad.annex - INFO - 43.93%
2025-01-30 03:05:40,339 - datalad.annex - INFO - 47.86%
2025-01-30 03:05:40,339 - datalad.annex - INFO - 47.86%
2025-01-30 03:05:40,440 - datalad.annex - INFO - 51.06%
2025-01-30 03:05:40,440 - datalad.annex - INFO - 51.06%
2025-01-30 03:05:40,540 - datalad.annex - INFO - 54.47%
2025-01-30 03:05:40,540 - datalad.annex - INFO - 54.47%
2025-01-30 03:05:40,640 - datalad.annex - INFO - 57.71%
2025-01-30 03:05:40,640 - datalad.annex - INFO - 57.71%
2025-01-30 03:05:40,740 - datalad.annex - INFO - 60.79%
2025-01-30 03:05:40,741 - datalad.annex - INFO - 60.79%
2025-01-30 03:05:40,841 - datalad.annex - INFO - 64.22%
2025-01-30 03:05:40,841 - datalad.annex - INFO - 64.22%
2025-01-30 03:05:40,941 - datalad.annex - INFO - 67.9%
2025-01-30 03:05:40,941 - datalad.annex - INFO - 67.9%
2025-01-30 03:05:41,041 - datalad.annex - INFO - 70.94%
2025-01-30 03:05:41,041 - datalad.annex - INFO - 70.94%
2025-01-30 03:05:41,146 - datalad.annex - INFO - 74.05%
2025-01-30 03:05:41,147 - datalad.annex - INFO - 74.05%
2025-01-30 03:05:41,247 - datalad.annex - INFO - 77.25%
2025-01-30 03:05:41,247 - datalad.annex - INFO - 77.25%
2025-01-30 03:05:41,362 - datalad.annex - INFO - 80.69%
2025-01-30 03:05:41,363 - datalad.annex - INFO - 80.69%
2025-01-30 03:05:41,480 - datalad.annex - INFO - 84.4%
2025-01-30 03:05:41,481 - datalad.annex - INFO - 84.4%
2025-01-30 03:05:41,581 - datalad.annex - INFO - 88.12%
2025-01-30 03:05:41,581 - datalad.annex - INFO - 88.12%
2025-01-30 03:05:41,681 - datalad.annex - INFO - 91.26%
2025-01-30 03:05:41,681 - datalad.annex - INFO - 91.26%
2025-01-30 03:05:41,781 - datalad.annex - INFO - 94.35%
2025-01-30 03:05:41,781 - datalad.annex - INFO - 94.35%
2025-01-30 03:05:41,881 - datalad.annex - INFO - 97.47%
2025-01-30 03:05:41,881 - datalad.annex - INFO - 97.47%
2025-01-30 03:05:41,970 - datalad.annex - INFO - Finished annex action: {'command': 'get', 'file': 'sub-04/ieeg/sub-04_task-countingDeviants_ieeg.eeg', 'input': ['.'], 'key': 'SHA256E-s81832800--1a87292bc3ef532e0d82bdaa4eabdbde2946f8451cbc0bc150ecd4fdb7e9aa5e.eeg', 'note': 'from s3-PUBLIC...'}
2025-01-30 03:05:41,970 - datalad.annex - INFO - Start annex action: {'command': 'get', 'file': 'sub-04/ieeg/sub-04_task-countingDeviants_ieeg.eeg', 'input': ['.'], 'key': 'SHA256E-s81832800--1a87292bc3ef532e0d82bdaa4eabdbde2946f8451cbc0bc150ecd4fdb7e9aa5e.eeg', 'note': 'from s3-PUBLIC...'}
2025-01-30 03:05:41,970 - datalad.annex - INFO - 100%
2025-01-30 03:05:41,973 - datalad.annex - INFO - Finished annex action: None
2025-01-30 03:05:41,973 - datalad.annex - INFO - sub-04/ieeg/sub-04_task-countingDeviants_ieeg.eeg
2025-01-30 03:05:42,099 - datalad.annex - INFO - Start annex action: {'command': 'get', 'file': 'sub-04/ieeg/sub-04_task-countingDeviants_ieeg.vhdr', 'input': ['.'], 'key': 'SHA256E-s2162--46860061c7faf6100bc60887e39a62f6267c94d23fd77514ff8d59304eb959c9.vhdr', 'note': 'from s3-PUBLIC...'}
2025-01-30 03:05:42,099 - datalad.annex - INFO - 100%
2025-01-30 03:05:42,100 - datalad.annex - INFO - Finished annex action: {'command': 'get', 'file': 'sub-04/ieeg/sub-04_task-countingDeviants_ieeg.vhdr', 'input': ['.'], 'key': 'SHA256E-s2162--46860061c7faf6100bc60887e39a62f6267c94d23fd77514ff8d59304eb959c9.vhdr', 'note': 'from s3-PUBLIC...'}
2025-01-30 03:05:42,102 - datalad.annex - INFO - sub-04/ieeg/sub-04_task-countingDeviants_ieeg.vhdr
2025-01-30 03:05:42,243 - datalad.annex - INFO - Start annex action: {'command': 'get', 'file': 'sub-04/ieeg/sub-04_task-countingDeviants_ieeg.vmrk', 'input': ['.'], 'key': 'SHA256E-s60462--9102e9e8763ba870251087f4942b624e7876644920a6e17d46049dba6ac4fb9b.vmrk', 'note': 'from s3-PUBLIC...'}
2025-01-30 03:05:42,244 - datalad.annex - INFO - 27.1%
2025-01-30 03:05:42,244 - datalad.annex - INFO - 27.1%
2025-01-30 03:05:42,249 - datalad.annex - INFO - Finished annex action: {'command': 'get', 'file': 'sub-04/ieeg/sub-04_task-countingDeviants_ieeg.vmrk', 'input': ['.'], 'key': 'SHA256E-s60462--9102e9e8763ba870251087f4942b624e7876644920a6e17d46049dba6ac4fb9b.vmrk', 'note': 'from s3-PUBLIC...'}
2025-01-30 03:05:42,249 - datalad.annex - INFO - Start annex action: {'command': 'get', 'file': 'sub-04/ieeg/sub-04_task-countingDeviants_ieeg.vmrk', 'input': ['.'], 'key': 'SHA256E-s60462--9102e9e8763ba870251087f4942b624e7876644920a6e17d46049dba6ac4fb9b.vmrk', 'note': 'from s3-PUBLIC...'}
2025-01-30 03:05:42,250 - datalad.annex - INFO - 100%
2025-01-30 03:05:42,254 - datalad.annex - INFO - Finished annex action: None
2025-01-30 03:05:42,255 - datalad.annex - INFO - sub-04/ieeg/sub-04_task-countingDeviants_ieeg.vmrk
2025-01-30 03:05:42,498 - datalad.annex - INFO - Start annex action: {'command': 'get', 'file': 'sub-06/ieeg/sub-06_task-countingDeviants_ieeg.eeg', 'input': ['.'], 'key': 'SHA256E-s56072800--9d1e8b35ba46cdee2ea10a4e31554740c5a93b9a7a1d2ebc4444c06671189e53.eeg', 'note': 'from s3-PUBLIC...'}
2025-01-30 03:05:42,499 - datalad.annex - INFO - 0.03%
2025-01-30 03:05:42,500 - datalad.annex - INFO - 0.03%
2025-01-30 03:05:42,598 - datalad.annex - INFO - 6.23%
2025-01-30 03:05:42,598 - datalad.annex - INFO - 6.23%
2025-01-30 03:05:42,699 - datalad.annex - INFO - 10.83%
2025-01-30 03:05:42,699 - datalad.annex - INFO - 10.83%
2025-01-30 03:05:42,800 - datalad.annex - INFO - 15.13%
2025-01-30 03:05:42,800 - datalad.annex - INFO - 15.13%
2025-01-30 03:05:42,900 - datalad.annex - INFO - 19.45%
2025-01-30 03:05:42,900 - datalad.annex - INFO - 19.45%
2025-01-30 03:05:43,000 - datalad.annex - INFO - 23.92%
2025-01-30 03:05:43,000 - datalad.annex - INFO - 23.92%
2025-01-30 03:05:43,101 - datalad.annex - INFO - 29.65%
2025-01-30 03:05:43,101 - datalad.annex - INFO - 29.65%
2025-01-30 03:05:43,201 - datalad.annex - INFO - 34.18%
2025-01-30 03:05:43,201 - datalad.annex - INFO - 34.18%
2025-01-30 03:05:43,301 - datalad.annex - INFO - 38.56%
2025-01-30 03:05:43,301 - datalad.annex - INFO - 38.56%
2025-01-30 03:05:43,401 - datalad.annex - INFO - 42.95%
2025-01-30 03:05:43,401 - datalad.annex - INFO - 42.95%
2025-01-30 03:05:43,501 - datalad.annex - INFO - 48.09%
2025-01-30 03:05:43,502 - datalad.annex - INFO - 48.09%
2025-01-30 03:05:43,602 - datalad.annex - INFO - 52.44%
2025-01-30 03:05:43,602 - datalad.annex - INFO - 52.44%
2025-01-30 03:05:43,702 - datalad.annex - INFO - 57.32%
2025-01-30 03:05:43,702 - datalad.annex - INFO - 57.32%
2025-01-30 03:05:43,802 - datalad.annex - INFO - 61.88%
2025-01-30 03:05:43,802 - datalad.annex - INFO - 61.88%
2025-01-30 03:05:43,903 - datalad.annex - INFO - 66.91%
2025-01-30 03:05:43,903 - datalad.annex - INFO - 66.91%
2025-01-30 03:05:44,003 - datalad.annex - INFO - 71.49%
2025-01-30 03:05:44,003 - datalad.annex - INFO - 71.49%
2025-01-30 03:05:44,103 - datalad.annex - INFO - 76.4%
2025-01-30 03:05:44,104 - datalad.annex - INFO - 76.4%
2025-01-30 03:05:44,204 - datalad.annex - INFO - 81.37%
2025-01-30 03:05:44,204 - datalad.annex - INFO - 81.37%
2025-01-30 03:05:44,315 - datalad.annex - INFO - 86.25%
2025-01-30 03:05:44,315 - datalad.annex - INFO - 86.25%
2025-01-30 03:05:44,426 - datalad.annex - INFO - 91.16%
2025-01-30 03:05:44,426 - datalad.annex - INFO - 91.16%
2025-01-30 03:05:44,540 - datalad.annex - INFO - 96.56%
2025-01-30 03:05:44,541 - datalad.annex - INFO - 96.56%
2025-01-30 03:05:44,600 - datalad.annex - INFO - Finished annex action: {'command': 'get', 'file': 'sub-06/ieeg/sub-06_task-countingDeviants_ieeg.eeg', 'input': ['.'], 'key': 'SHA256E-s56072800--9d1e8b35ba46cdee2ea10a4e31554740c5a93b9a7a1d2ebc4444c06671189e53.eeg', 'note': 'from s3-PUBLIC...'}
2025-01-30 03:05:44,600 - datalad.annex - INFO - Start annex action: {'command': 'get', 'file': 'sub-06/ieeg/sub-06_task-countingDeviants_ieeg.eeg', 'input': ['.'], 'key': 'SHA256E-s56072800--9d1e8b35ba46cdee2ea10a4e31554740c5a93b9a7a1d2ebc4444c06671189e53.eeg', 'note': 'from s3-PUBLIC...'}
2025-01-30 03:05:44,600 - datalad.annex - INFO - 100%
2025-01-30 03:05:44,605 - datalad.annex - INFO - Finished annex action: None
2025-01-30 03:05:44,605 - datalad.annex - INFO - sub-06/ieeg/sub-06_task-countingDeviants_ieeg.eeg
2025-01-30 03:05:44,777 - datalad.annex - INFO - Start annex action: {'command': 'get', 'file': 'sub-06/ieeg/sub-06_task-countingDeviants_ieeg.vhdr', 'input': ['.'], 'key': 'SHA256E-s2591--64455f58112d9fbac1bb84b093e38be3c21cd6c05a9f6cd9c151fbc5b63f27fe.vhdr', 'note': 'from s3-PUBLIC...'}
2025-01-30 03:05:44,778 - datalad.annex - INFO - 100%
2025-01-30 03:05:44,778 - datalad.annex - INFO - Finished annex action: {'command': 'get', 'file': 'sub-06/ieeg/sub-06_task-countingDeviants_ieeg.vhdr', 'input': ['.'], 'key': 'SHA256E-s2591--64455f58112d9fbac1bb84b093e38be3c21cd6c05a9f6cd9c151fbc5b63f27fe.vhdr', 'note': 'from s3-PUBLIC...'}
2025-01-30 03:05:44,781 - datalad.annex - INFO - sub-06/ieeg/sub-06_task-countingDeviants_ieeg.vhdr
2025-01-30 03:05:44,941 - datalad.annex - INFO - Start annex action: {'command': 'get', 'file': 'sub-06/ieeg/sub-06_task-countingDeviants_ieeg.vmrk', 'input': ['.'], 'key': 'SHA256E-s39990--598144d239cf12f704a147579281bc5690216776988bc6b6b0c27f73804f537b.vmrk', 'note': 'from s3-PUBLIC...'}
2025-01-30 03:05:44,943 - datalad.annex - INFO - 40.97%
2025-01-30 03:05:44,943 - datalad.annex - INFO - 40.97%
2025-01-30 03:05:44,945 - datalad.annex - INFO - Finished annex action: {'command': 'get', 'file': 'sub-06/ieeg/sub-06_task-countingDeviants_ieeg.vmrk', 'input': ['.'], 'key': 'SHA256E-s39990--598144d239cf12f704a147579281bc5690216776988bc6b6b0c27f73804f537b.vmrk', 'note': 'from s3-PUBLIC...'}
2025-01-30 03:05:44,945 - datalad.annex - INFO - Start annex action: {'command': 'get', 'file': 'sub-06/ieeg/sub-06_task-countingDeviants_ieeg.vmrk', 'input': ['.'], 'key': 'SHA256E-s39990--598144d239cf12f704a147579281bc5690216776988bc6b6b0c27f73804f537b.vmrk', 'note': 'from s3-PUBLIC...'}
2025-01-30 03:05:44,946 - datalad.annex - INFO - 100%
2025-01-30 03:05:44,950 - datalad.annex - INFO - Finished annex action: None
2025-01-30 03:05:44,950 - datalad.annex - INFO - sub-06/ieeg/sub-06_task-countingDeviants_ieeg.vmrk
2025-01-30 03:05:45,252 - datalad.annex - INFO - Start annex action: {'command': 'get', 'file': 'sub-07/ieeg/sub-07_task-countingDeviants_ieeg.eeg', 'input': ['.'], 'key': 'SHA256E-s89063200--8d2774a434586cb1b7bc139dcda84ddd589bf7f354565915c02574bc4fa2433f.eeg', 'note': 'from s3-PUBLIC...'}
2025-01-30 03:05:45,253 - datalad.annex - INFO - 0.02%
2025-01-30 03:05:45,253 - datalad.annex - INFO - 0.02%
2025-01-30 03:05:45,352 - datalad.annex - INFO - 3.79%
2025-01-30 03:05:45,353 - datalad.annex - INFO - 3.81%
2025-01-30 03:05:45,453 - datalad.annex - INFO - 6.42%
2025-01-30 03:05:45,453 - datalad.annex - INFO - 6.46%
2025-01-30 03:05:45,563 - datalad.annex - INFO - 9.53%
2025-01-30 03:05:45,563 - datalad.annex - INFO - 9.53%
2025-01-30 03:05:45,672 - datalad.annex - INFO - 12.72%
2025-01-30 03:05:45,672 - datalad.annex - INFO - 12.72%
2025-01-30 03:05:45,772 - datalad.annex - INFO - 15.9%
2025-01-30 03:05:45,773 - datalad.annex - INFO - 15.9%
2025-01-30 03:05:45,873 - datalad.annex - INFO - 18.92%
2025-01-30 03:05:45,873 - datalad.annex - INFO - 18.92%
2025-01-30 03:05:45,973 - datalad.annex - INFO - 21.75%
2025-01-30 03:05:45,973 - datalad.annex - INFO - 21.75%
2025-01-30 03:05:46,073 - datalad.annex - INFO - 24.53%
2025-01-30 03:05:46,073 - datalad.annex - INFO - 24.53%
2025-01-30 03:05:46,174 - datalad.annex - INFO - 27.16%
2025-01-30 03:05:46,174 - datalad.annex - INFO - 27.16%
2025-01-30 03:05:46,291 - datalad.annex - INFO - 30.41%
2025-01-30 03:05:46,291 - datalad.annex - INFO - 30.41%
2025-01-30 03:05:46,391 - datalad.annex - INFO - 33.98%
2025-01-30 03:05:46,391 - datalad.annex - INFO - 33.98%
2025-01-30 03:05:46,491 - datalad.annex - INFO - 36.8%
2025-01-30 03:05:46,491 - datalad.annex - INFO - 36.8%
2025-01-30 03:05:46,591 - datalad.annex - INFO - 39.45%
2025-01-30 03:05:46,592 - datalad.annex - INFO - 39.45%
2025-01-30 03:05:46,703 - datalad.annex - INFO - 42.78%
2025-01-30 03:05:46,703 - datalad.annex - INFO - 42.78%
2025-01-30 03:05:46,817 - datalad.annex - INFO - 45.96%
2025-01-30 03:05:46,817 - datalad.annex - INFO - 45.96%
2025-01-30 03:05:46,931 - datalad.annex - INFO - 48.99%
2025-01-30 03:05:46,931 - datalad.annex - INFO - 48.99%
2025-01-30 03:05:47,049 - datalad.annex - INFO - 52.41%
2025-01-30 03:05:47,049 - datalad.annex - INFO - 52.41%
2025-01-30 03:05:47,160 - datalad.annex - INFO - 55.6%
2025-01-30 03:05:47,160 - datalad.annex - INFO - 55.6%
2025-01-30 03:05:47,260 - datalad.annex - INFO - 59.28%
2025-01-30 03:05:47,260 - datalad.annex - INFO - 59.28%
2025-01-30 03:05:47,361 - datalad.annex - INFO - 62.09%
2025-01-30 03:05:47,361 - datalad.annex - INFO - 62.09%
2025-01-30 03:05:47,461 - datalad.annex - INFO - 64.76%
2025-01-30 03:05:47,461 - datalad.annex - INFO - 64.76%
2025-01-30 03:05:47,561 - datalad.annex - INFO - 67.59%
2025-01-30 03:05:47,561 - datalad.annex - INFO - 67.59%
2025-01-30 03:05:47,668 - datalad.annex - INFO - 70.48%
2025-01-30 03:05:47,668 - datalad.annex - INFO - 70.48%
2025-01-30 03:05:47,780 - datalad.annex - INFO - 73.9%
2025-01-30 03:05:47,780 - datalad.annex - INFO - 73.9%
2025-01-30 03:05:47,881 - datalad.annex - INFO - 77.41%
2025-01-30 03:05:47,881 - datalad.annex - INFO - 77.41%
2025-01-30 03:05:47,981 - datalad.annex - INFO - 80.45%
2025-01-30 03:05:47,981 - datalad.annex - INFO - 80.45%
2025-01-30 03:05:48,081 - datalad.annex - INFO - 83.32%
2025-01-30 03:05:48,081 - datalad.annex - INFO - 83.32%
2025-01-30 03:05:48,181 - datalad.annex - INFO - 85.95%
2025-01-30 03:05:48,181 - datalad.annex - INFO - 85.95%
2025-01-30 03:05:48,293 - datalad.annex - INFO - 89.04%
2025-01-30 03:05:48,293 - datalad.annex - INFO - 89.04%
2025-01-30 03:05:48,394 - datalad.annex - INFO - 92.46%
2025-01-30 03:05:48,394 - datalad.annex - INFO - 92.46%
2025-01-30 03:05:48,494 - datalad.annex - INFO - 95.44%
2025-01-30 03:05:48,494 - datalad.annex - INFO - 95.44%
2025-01-30 03:05:48,599 - datalad.annex - INFO - 98.24%
2025-01-30 03:05:48,600 - datalad.annex - INFO - 98.24%
2025-01-30 03:05:48,665 - datalad.annex - INFO - Finished annex action: {'command': 'get', 'file': 'sub-07/ieeg/sub-07_task-countingDeviants_ieeg.eeg', 'input': ['.'], 'key': 'SHA256E-s89063200--8d2774a434586cb1b7bc139dcda84ddd589bf7f354565915c02574bc4fa2433f.eeg', 'note': 'from s3-PUBLIC...'}
2025-01-30 03:05:48,666 - datalad.annex - INFO - Start annex action: {'command': 'get', 'file': 'sub-07/ieeg/sub-07_task-countingDeviants_ieeg.eeg', 'input': ['.'], 'key': 'SHA256E-s89063200--8d2774a434586cb1b7bc139dcda84ddd589bf7f354565915c02574bc4fa2433f.eeg', 'note': 'from s3-PUBLIC...'}
2025-01-30 03:05:48,666 - datalad.annex - INFO - 100%
2025-01-30 03:05:48,668 - datalad.annex - INFO - Finished annex action: None
2025-01-30 03:05:48,668 - datalad.annex - INFO - sub-07/ieeg/sub-07_task-countingDeviants_ieeg.eeg
2025-01-30 03:05:48,828 - datalad.annex - INFO - Start annex action: {'command': 'get', 'file': 'sub-07/ieeg/sub-07_task-countingDeviants_ieeg.vhdr', 'input': ['.'], 'key': 'SHA256E-s2370--8c0017ed4d6cc949fcb4d66cccc36e219b728e4bba26a4f0150c832956257469.vhdr', 'note': 'from s3-PUBLIC...'}
2025-01-30 03:05:48,828 - datalad.annex - INFO - 100%
2025-01-30 03:05:48,829 - datalad.annex - INFO - Finished annex action: {'command': 'get', 'file': 'sub-07/ieeg/sub-07_task-countingDeviants_ieeg.vhdr', 'input': ['.'], 'key': 'SHA256E-s2370--8c0017ed4d6cc949fcb4d66cccc36e219b728e4bba26a4f0150c832956257469.vhdr', 'note': 'from s3-PUBLIC...'}
2025-01-30 03:05:48,832 - datalad.annex - INFO - sub-07/ieeg/sub-07_task-countingDeviants_ieeg.vhdr
2025-01-30 03:05:48,971 - datalad.annex - INFO - Start annex action: {'command': 'get', 'file': 'sub-07/ieeg/sub-07_task-countingDeviants_ieeg.vmrk', 'input': ['.'], 'key': 'SHA256E-s60459--169d188bbf0e733a0a48f9dcb63e0c8d59f08847ed210a50ccd369fde5833670.vmrk', 'note': 'from s3-PUBLIC...'}
2025-01-30 03:05:48,972 - datalad.annex - INFO - 27.1%
2025-01-30 03:05:48,972 - datalad.annex - INFO - 27.1%
2025-01-30 03:05:48,976 - datalad.annex - INFO - Finished annex action: {'command': 'get', 'file': 'sub-07/ieeg/sub-07_task-countingDeviants_ieeg.vmrk', 'input': ['.'], 'key': 'SHA256E-s60459--169d188bbf0e733a0a48f9dcb63e0c8d59f08847ed210a50ccd369fde5833670.vmrk', 'note': 'from s3-PUBLIC...'}
2025-01-30 03:05:48,977 - datalad.annex - INFO - Start annex action: {'command': 'get', 'file': 'sub-07/ieeg/sub-07_task-countingDeviants_ieeg.vmrk', 'input': ['.'], 'key': 'SHA256E-s60459--169d188bbf0e733a0a48f9dcb63e0c8d59f08847ed210a50ccd369fde5833670.vmrk', 'note': 'from s3-PUBLIC...'}
2025-01-30 03:05:48,977 - datalad.annex - INFO - 100%
2025-01-30 03:05:48,981 - datalad.annex - INFO - Finished annex action: None
2025-01-30 03:05:48,981 - datalad.annex - INFO - sub-07/ieeg/sub-07_task-countingDeviants_ieeg.vmrk
2025-01-30 03:05:49,194 - datalad.annex - INFO - Start annex action: {'command': 'get', 'file': 'sub-09/ieeg/sub-09_task-countingDeviants_ieeg.eeg', 'input': ['.'], 'key': 'SHA256E-s133354200--536c598b7018827e110afeaf8698285bf7f6ce9c1a9dc54d5665be6b9d4ef359.eeg', 'note': 'from s3-PUBLIC...'}
2025-01-30 03:05:49,195 - datalad.annex - INFO - 0.01%
2025-01-30 03:05:49,195 - datalad.annex - INFO - 0.01%
2025-01-30 03:05:49,295 - datalad.annex - INFO - 2.47%
2025-01-30 03:05:49,295 - datalad.annex - INFO - 2.47%
2025-01-30 03:05:49,395 - datalad.annex - INFO - 4.3%
2025-01-30 03:05:49,395 - datalad.annex - INFO - 4.3%
2025-01-30 03:05:49,496 - datalad.annex - INFO - 6.28%
2025-01-30 03:05:49,496 - datalad.annex - INFO - 6.28%
2025-01-30 03:05:49,596 - datalad.annex - INFO - 8.19%
2025-01-30 03:05:49,596 - datalad.annex - INFO - 8.19%
2025-01-30 03:05:49,696 - datalad.annex - INFO - 10.41%
2025-01-30 03:05:49,696 - datalad.annex - INFO - 10.41%
2025-01-30 03:05:49,797 - datalad.annex - INFO - 12.45%
2025-01-30 03:05:49,797 - datalad.annex - INFO - 12.45%
2025-01-30 03:05:49,897 - datalad.annex - INFO - 14.5%
2025-01-30 03:05:49,898 - datalad.annex - INFO - 14.5%
2025-01-30 03:05:49,997 - datalad.annex - INFO - 16.75%
2025-01-30 03:05:49,998 - datalad.annex - INFO - 16.75%
2025-01-30 03:05:50,097 - datalad.annex - INFO - 18.79%
2025-01-30 03:05:50,098 - datalad.annex - INFO - 18.79%
2025-01-30 03:05:50,198 - datalad.annex - INFO - 20.87%
2025-01-30 03:05:50,199 - datalad.annex - INFO - 20.87%
2025-01-30 03:05:50,299 - datalad.annex - INFO - 22.83%
2025-01-30 03:05:50,299 - datalad.annex - INFO - 22.83%
2025-01-30 03:05:50,399 - datalad.annex - INFO - 24.78%
2025-01-30 03:05:50,400 - datalad.annex - INFO - 24.78%
2025-01-30 03:05:50,500 - datalad.annex - INFO - 26.86%
2025-01-30 03:05:50,500 - datalad.annex - INFO - 26.86%
2025-01-30 03:05:50,600 - datalad.annex - INFO - 28.85%
2025-01-30 03:05:50,600 - datalad.annex - INFO - 28.85%
2025-01-30 03:05:50,700 - datalad.annex - INFO - 30.89%
2025-01-30 03:05:50,701 - datalad.annex - INFO - 30.89%
2025-01-30 03:05:50,801 - datalad.annex - INFO - 32.82%
2025-01-30 03:05:50,801 - datalad.annex - INFO - 32.82%
2025-01-30 03:05:50,901 - datalad.annex - INFO - 35.02%
2025-01-30 03:05:50,901 - datalad.annex - INFO - 35.02%
2025-01-30 03:05:51,001 - datalad.annex - INFO - 37.06%
2025-01-30 03:05:51,001 - datalad.annex - INFO - 37.06%
2025-01-30 03:05:51,101 - datalad.annex - INFO - 39.25%
2025-01-30 03:05:51,101 - datalad.annex - INFO - 39.25%
2025-01-30 03:05:51,201 - datalad.annex - INFO - 41.08%
2025-01-30 03:05:51,201 - datalad.annex - INFO - 41.08%
2025-01-30 03:05:51,303 - datalad.annex - INFO - 43.32%
2025-01-30 03:05:51,303 - datalad.annex - INFO - 43.32%
2025-01-30 03:05:51,403 - datalad.annex - INFO - 45.31%
2025-01-30 03:05:51,403 - datalad.annex - INFO - 45.31%
2025-01-30 03:05:51,503 - datalad.annex - INFO - 47.23%
2025-01-30 03:05:51,503 - datalad.annex - INFO - 47.23%
2025-01-30 03:05:51,613 - datalad.annex - INFO - 49.2%
2025-01-30 03:05:51,613 - datalad.annex - INFO - 49.2%
2025-01-30 03:05:51,721 - datalad.annex - INFO - 51.49%
2025-01-30 03:05:51,721 - datalad.annex - INFO - 51.49%
2025-01-30 03:05:51,832 - datalad.annex - INFO - 53.6%
2025-01-30 03:05:51,832 - datalad.annex - INFO - 53.6%
2025-01-30 03:05:51,933 - datalad.annex - INFO - 55.86%
2025-01-30 03:05:51,933 - datalad.annex - INFO - 55.86%
2025-01-30 03:05:52,033 - datalad.annex - INFO - 57.94%
2025-01-30 03:05:52,033 - datalad.annex - INFO - 57.94%
2025-01-30 03:05:52,134 - datalad.annex - INFO - 59.89%
2025-01-30 03:05:52,134 - datalad.annex - INFO - 59.89%
2025-01-30 03:05:52,234 - datalad.annex - INFO - 62.12%
2025-01-30 03:05:52,234 - datalad.annex - INFO - 62.12%
2025-01-30 03:05:52,334 - datalad.annex - INFO - 64.03%
2025-01-30 03:05:52,334 - datalad.annex - INFO - 64.03%
2025-01-30 03:05:52,441 - datalad.annex - INFO - 65.93%
2025-01-30 03:05:52,441 - datalad.annex - INFO - 65.93%
2025-01-30 03:05:52,541 - datalad.annex - INFO - 68.04%
2025-01-30 03:05:52,541 - datalad.annex - INFO - 68.04%
2025-01-30 03:05:52,652 - datalad.annex - INFO - 70.03%
2025-01-30 03:05:52,652 - datalad.annex - INFO - 70.03%
2025-01-30 03:05:52,768 - datalad.annex - INFO - 72.15%
2025-01-30 03:05:52,769 - datalad.annex - INFO - 72.15%
2025-01-30 03:05:52,881 - datalad.annex - INFO - 74.42%
2025-01-30 03:05:52,881 - datalad.annex - INFO - 74.42%
2025-01-30 03:05:52,981 - datalad.annex - INFO - 76.73%
2025-01-30 03:05:52,981 - datalad.annex - INFO - 76.73%
2025-01-30 03:05:53,082 - datalad.annex - INFO - 78.67%
2025-01-30 03:05:53,082 - datalad.annex - INFO - 78.67%
2025-01-30 03:05:53,183 - datalad.annex - INFO - 80.6%
2025-01-30 03:05:53,183 - datalad.annex - INFO - 80.6%
2025-01-30 03:05:53,284 - datalad.annex - INFO - 82.71%
2025-01-30 03:05:53,285 - datalad.annex - INFO - 82.71%
2025-01-30 03:05:53,385 - datalad.annex - INFO - 84.67%
2025-01-30 03:05:53,385 - datalad.annex - INFO - 84.67%
2025-01-30 03:05:53,485 - datalad.annex - INFO - 86.55%
2025-01-30 03:05:53,485 - datalad.annex - INFO - 86.55%
2025-01-30 03:05:53,593 - datalad.annex - INFO - 88.55%
2025-01-30 03:05:53,593 - datalad.annex - INFO - 88.55%
2025-01-30 03:05:53,694 - datalad.annex - INFO - 90.87%
2025-01-30 03:05:53,694 - datalad.annex - INFO - 90.87%
2025-01-30 03:05:53,794 - datalad.annex - INFO - 92.69%
2025-01-30 03:05:53,794 - datalad.annex - INFO - 92.69%
2025-01-30 03:05:53,895 - datalad.annex - INFO - 94.89%
2025-01-30 03:05:53,895 - datalad.annex - INFO - 94.89%
2025-01-30 03:05:53,995 - datalad.annex - INFO - 96.57%
2025-01-30 03:05:53,995 - datalad.annex - INFO - 96.57%
2025-01-30 03:05:54,095 - datalad.annex - INFO - 98.75%
2025-01-30 03:05:54,095 - datalad.annex - INFO - 98.75%
2025-01-30 03:05:54,173 - datalad.annex - INFO - Finished annex action: {'command': 'get', 'file': 'sub-09/ieeg/sub-09_task-countingDeviants_ieeg.eeg', 'input': ['.'], 'key': 'SHA256E-s133354200--536c598b7018827e110afeaf8698285bf7f6ce9c1a9dc54d5665be6b9d4ef359.eeg', 'note': 'from s3-PUBLIC...'}
2025-01-30 03:05:54,173 - datalad.annex - INFO - Start annex action: {'command': 'get', 'file': 'sub-09/ieeg/sub-09_task-countingDeviants_ieeg.eeg', 'input': ['.'], 'key': 'SHA256E-s133354200--536c598b7018827e110afeaf8698285bf7f6ce9c1a9dc54d5665be6b9d4ef359.eeg', 'note': 'from s3-PUBLIC...'}
2025-01-30 03:05:54,174 - datalad.annex - INFO - 100%
2025-01-30 03:05:54,175 - datalad.annex - INFO - Finished annex action: None
2025-01-30 03:05:54,175 - datalad.annex - INFO - sub-09/ieeg/sub-09_task-countingDeviants_ieeg.eeg
2025-01-30 03:05:54,351 - datalad.annex - INFO - Start annex action: {'command': 'get', 'file': 'sub-09/ieeg/sub-09_task-countingDeviants_ieeg.vhdr', 'input': ['.'], 'key': 'SHA256E-s2574--35f4012b02760885b6ab73aacbbef94bc80724239ef6f59498d76c238c8bd4bf.vhdr', 'note': 'from s3-PUBLIC...'}
2025-01-30 03:05:54,351 - datalad.annex - INFO - 100%
2025-01-30 03:05:54,351 - datalad.annex - INFO - Finished annex action: {'command': 'get', 'file': 'sub-09/ieeg/sub-09_task-countingDeviants_ieeg.vhdr', 'input': ['.'], 'key': 'SHA256E-s2574--35f4012b02760885b6ab73aacbbef94bc80724239ef6f59498d76c238c8bd4bf.vhdr', 'note': 'from s3-PUBLIC...'}
2025-01-30 03:05:54,355 - datalad.annex - INFO - sub-09/ieeg/sub-09_task-countingDeviants_ieeg.vhdr
2025-01-30 03:05:54,530 - datalad.annex - INFO - Start annex action: {'command': 'get', 'file': 'sub-09/ieeg/sub-09_task-countingDeviants_ieeg.vmrk', 'input': ['.'], 'key': 'SHA256E-s101422--0f12c049d6748e8b012a635e4b40936aeac65ee858ecb6eb1a3c0640ac94090b.vmrk', 'note': 'from s3-PUBLIC...'}
2025-01-30 03:05:54,531 - datalad.annex - INFO - 16.15%
2025-01-30 03:05:54,531 - datalad.annex - INFO - 16.15%
2025-01-30 03:05:54,537 - datalad.annex - INFO - Finished annex action: {'command': 'get', 'file': 'sub-09/ieeg/sub-09_task-countingDeviants_ieeg.vmrk', 'input': ['.'], 'key': 'SHA256E-s101422--0f12c049d6748e8b012a635e4b40936aeac65ee858ecb6eb1a3c0640ac94090b.vmrk', 'note': 'from s3-PUBLIC...'}
2025-01-30 03:05:54,537 - datalad.annex - INFO - Start annex action: {'command': 'get', 'file': 'sub-09/ieeg/sub-09_task-countingDeviants_ieeg.vmrk', 'input': ['.'], 'key': 'SHA256E-s101422--0f12c049d6748e8b012a635e4b40936aeac65ee858ecb6eb1a3c0640ac94090b.vmrk', 'note': 'from s3-PUBLIC...'}
2025-01-30 03:05:54,538 - datalad.annex - INFO - 100%
2025-01-30 03:05:54,542 - datalad.annex - INFO - Finished annex action: None
2025-01-30 03:05:54,542 - datalad.annex - INFO - sub-09/ieeg/sub-09_task-countingDeviants_ieeg.vmrk
2025-01-30 03:05:54,807 - datalad.annex - INFO - Start annex action: {'command': 'get', 'file': 'sub-10/ieeg/sub-10_task-countingDeviants_ieeg.eeg', 'input': ['.'], 'key': 'SHA256E-s132391700--189808c71fa597d3c979dc4fc9db82bc9bedf7f00cbbd62c178b077554ba2a3d.eeg', 'note': 'from s3-PUBLIC...'}
2025-01-30 03:05:54,807 - datalad.annex - INFO - 0.01%
2025-01-30 03:05:54,807 - datalad.annex - INFO - 0.01%
2025-01-30 03:05:54,907 - datalad.annex - INFO - 2.48%
2025-01-30 03:05:54,907 - datalad.annex - INFO - 2.48%
2025-01-30 03:05:55,007 - datalad.annex - INFO - 4.32%
2025-01-30 03:05:55,007 - datalad.annex - INFO - 4.32%
2025-01-30 03:05:55,108 - datalad.annex - INFO - 6.12%
2025-01-30 03:05:55,108 - datalad.annex - INFO - 6.12%
2025-01-30 03:05:55,208 - datalad.annex - INFO - 8.04%
2025-01-30 03:05:55,208 - datalad.annex - INFO - 8.04%
2025-01-30 03:05:55,317 - datalad.annex - INFO - 10.04%
2025-01-30 03:05:55,317 - datalad.annex - INFO - 10.04%
2025-01-30 03:05:55,426 - datalad.annex - INFO - 12.26%
2025-01-30 03:05:55,427 - datalad.annex - INFO - 12.26%
2025-01-30 03:05:55,545 - datalad.annex - INFO - 13.41%
2025-01-30 03:05:55,545 - datalad.annex - INFO - 13.41%
2025-01-30 03:05:55,956 - datalad.annex - INFO - 13.42%
2025-01-30 03:05:55,956 - datalad.annex - INFO - 13.42%
2025-01-30 03:05:56,086 - datalad.annex - INFO - 16.5%
2025-01-30 03:05:56,086 - datalad.annex - INFO - 16.5%
2025-01-30 03:05:56,200 - datalad.annex - INFO - 18.64%
2025-01-30 03:05:56,200 - datalad.annex - INFO - 18.64%
2025-01-30 03:05:56,313 - datalad.annex - INFO - 20.85%
2025-01-30 03:05:56,313 - datalad.annex - INFO - 20.85%
2025-01-30 03:05:56,432 - datalad.annex - INFO - 23.11%
2025-01-30 03:05:56,433 - datalad.annex - INFO - 23.11%
2025-01-30 03:05:56,533 - datalad.annex - INFO - 25.43%
2025-01-30 03:05:56,533 - datalad.annex - INFO - 25.43%
2025-01-30 03:05:56,640 - datalad.annex - INFO - 27.34%
2025-01-30 03:05:56,640 - datalad.annex - INFO - 27.34%
2025-01-30 03:05:56,740 - datalad.annex - INFO - 29.42%
2025-01-30 03:05:56,740 - datalad.annex - INFO - 29.42%
2025-01-30 03:05:56,840 - datalad.annex - INFO - 31.24%
2025-01-30 03:05:56,840 - datalad.annex - INFO - 31.24%
2025-01-30 03:05:56,941 - datalad.annex - INFO - 33.49%
2025-01-30 03:05:56,941 - datalad.annex - INFO - 33.49%
2025-01-30 03:05:57,041 - datalad.annex - INFO - 35.55%
2025-01-30 03:05:57,041 - datalad.annex - INFO - 35.55%
2025-01-30 03:05:57,141 - datalad.annex - INFO - 37.42%
2025-01-30 03:05:57,141 - datalad.annex - INFO - 37.42%
2025-01-30 03:05:57,242 - datalad.annex - INFO - 39.37%
2025-01-30 03:05:57,242 - datalad.annex - INFO - 39.37%
2025-01-30 03:05:57,342 - datalad.annex - INFO - 41.3%
2025-01-30 03:05:57,342 - datalad.annex - INFO - 41.3%
2025-01-30 03:05:57,442 - datalad.annex - INFO - 43.63%
2025-01-30 03:05:57,442 - datalad.annex - INFO - 43.63%
2025-01-30 03:05:57,550 - datalad.annex - INFO - 45.65%
2025-01-30 03:05:57,550 - datalad.annex - INFO - 45.65%
2025-01-30 03:05:57,650 - datalad.annex - INFO - 47.79%
2025-01-30 03:05:57,650 - datalad.annex - INFO - 47.79%
2025-01-30 03:05:57,750 - datalad.annex - INFO - 49.83%
2025-01-30 03:05:57,750 - datalad.annex - INFO - 49.83%
2025-01-30 03:05:57,850 - datalad.annex - INFO - 51.71%
2025-01-30 03:05:57,850 - datalad.annex - INFO - 51.71%
2025-01-30 03:05:57,950 - datalad.annex - INFO - 53.54%
2025-01-30 03:05:57,950 - datalad.annex - INFO - 53.54%
2025-01-30 03:05:58,050 - datalad.annex - INFO - 55.4%
2025-01-30 03:05:58,050 - datalad.annex - INFO - 55.4%
2025-01-30 03:05:58,155 - datalad.annex - INFO - 57.32%
2025-01-30 03:05:58,156 - datalad.annex - INFO - 57.32%
2025-01-30 03:05:58,269 - datalad.annex - INFO - 59.51%
2025-01-30 03:05:58,269 - datalad.annex - INFO - 59.51%
2025-01-30 03:05:58,369 - datalad.annex - INFO - 61.75%
2025-01-30 03:05:58,369 - datalad.annex - INFO - 61.75%
2025-01-30 03:05:58,469 - datalad.annex - INFO - 63.78%
2025-01-30 03:05:58,469 - datalad.annex - INFO - 63.78%
2025-01-30 03:05:58,569 - datalad.annex - INFO - 65.7%
2025-01-30 03:05:58,570 - datalad.annex - INFO - 65.7%
2025-01-30 03:05:58,670 - datalad.annex - INFO - 67.45%
2025-01-30 03:05:58,670 - datalad.annex - INFO - 67.45%
2025-01-30 03:05:58,770 - datalad.annex - INFO - 69.31%
2025-01-30 03:05:58,771 - datalad.annex - INFO - 69.31%
2025-01-30 03:05:58,872 - datalad.annex - INFO - 71.26%
2025-01-30 03:05:58,873 - datalad.annex - INFO - 71.26%
2025-01-30 03:05:58,990 - datalad.annex - INFO - 73.54%
2025-01-30 03:05:58,991 - datalad.annex - INFO - 73.54%
2025-01-30 03:05:59,104 - datalad.annex - INFO - 75.83%
2025-01-30 03:05:59,105 - datalad.annex - INFO - 75.83%
2025-01-30 03:05:59,223 - datalad.annex - INFO - 78.03%
2025-01-30 03:05:59,223 - datalad.annex - INFO - 78.03%
2025-01-30 03:05:59,343 - datalad.annex - INFO - 80.34%
2025-01-30 03:05:59,344 - datalad.annex - INFO - 80.34%
2025-01-30 03:05:59,460 - datalad.annex - INFO - 82.55%
2025-01-30 03:05:59,461 - datalad.annex - INFO - 82.55%
2025-01-30 03:05:59,577 - datalad.annex - INFO - 84.85%
2025-01-30 03:05:59,577 - datalad.annex - INFO - 84.85%
2025-01-30 03:05:59,689 - datalad.annex - INFO - 86.94%
2025-01-30 03:05:59,689 - datalad.annex - INFO - 86.94%
2025-01-30 03:05:59,800 - datalad.annex - INFO - 89.07%
2025-01-30 03:05:59,800 - datalad.annex - INFO - 89.07%
2025-01-30 03:05:59,901 - datalad.annex - INFO - 91.26%
2025-01-30 03:05:59,901 - datalad.annex - INFO - 91.26%
2025-01-30 03:06:00,020 - datalad.annex - INFO - 93.35%
2025-01-30 03:06:00,021 - datalad.annex - INFO - 93.35%
2025-01-30 03:06:00,133 - datalad.annex - INFO - 95.48%
2025-01-30 03:06:00,134 - datalad.annex - INFO - 95.48%
2025-01-30 03:06:00,243 - datalad.annex - INFO - 97.9%
2025-01-30 03:06:00,243 - datalad.annex - INFO - 97.9%
2025-01-30 03:06:00,348 - datalad.annex - INFO - 99.95%
2025-01-30 03:06:00,348 - datalad.annex - INFO - 99.95%
2025-01-30 03:06:00,382 - datalad.annex - INFO - Finished annex action: {'command': 'get', 'file': 'sub-10/ieeg/sub-10_task-countingDeviants_ieeg.eeg', 'input': ['.'], 'key': 'SHA256E-s132391700--189808c71fa597d3c979dc4fc9db82bc9bedf7f00cbbd62c178b077554ba2a3d.eeg', 'note': 'from s3-PUBLIC...'}
2025-01-30 03:06:00,382 - datalad.annex - INFO - Start annex action: {'command': 'get', 'file': 'sub-10/ieeg/sub-10_task-countingDeviants_ieeg.eeg', 'input': ['.'], 'key': 'SHA256E-s132391700--189808c71fa597d3c979dc4fc9db82bc9bedf7f00cbbd62c178b077554ba2a3d.eeg', 'note': 'from s3-PUBLIC...'}
2025-01-30 03:06:00,382 - datalad.annex - INFO - 100%
2025-01-30 03:06:00,385 - datalad.annex - INFO - Finished annex action: None
2025-01-30 03:06:00,385 - datalad.annex - INFO - sub-10/ieeg/sub-10_task-countingDeviants_ieeg.eeg
2025-01-30 03:06:00,569 - datalad.annex - INFO - Start annex action: {'command': 'get', 'file': 'sub-10/ieeg/sub-10_task-countingDeviants_ieeg.vhdr', 'input': ['.'], 'key': 'SHA256E-s2580--816e4276eaca844fee4e300e5aff8bc866ed17693f5e2a8ebe8ab9f053c1112f.vhdr', 'note': 'from s3-PUBLIC...'}
2025-01-30 03:06:00,570 - datalad.annex - INFO - 100%
2025-01-30 03:06:00,570 - datalad.annex - INFO - Finished annex action: {'command': 'get', 'file': 'sub-10/ieeg/sub-10_task-countingDeviants_ieeg.vhdr', 'input': ['.'], 'key': 'SHA256E-s2580--816e4276eaca844fee4e300e5aff8bc866ed17693f5e2a8ebe8ab9f053c1112f.vhdr', 'note': 'from s3-PUBLIC...'}
2025-01-30 03:06:00,575 - datalad.annex - INFO - sub-10/ieeg/sub-10_task-countingDeviants_ieeg.vhdr
2025-01-30 03:06:00,785 - datalad.annex - INFO - Start annex action: {'command': 'get', 'file': 'sub-10/ieeg/sub-10_task-countingDeviants_ieeg.vmrk', 'input': ['.'], 'key': 'SHA256E-s101411--cfa6d1439836d130f430061619308709932f97a3f229f6cd3bd4aad1d746c41b.vmrk', 'note': 'from s3-PUBLIC...'}
2025-01-30 03:06:00,787 - datalad.annex - INFO - 16.16%
2025-01-30 03:06:00,787 - datalad.annex - INFO - 16.16%
2025-01-30 03:06:00,797 - datalad.annex - INFO - Finished annex action: {'command': 'get', 'file': 'sub-10/ieeg/sub-10_task-countingDeviants_ieeg.vmrk', 'input': ['.'], 'key': 'SHA256E-s101411--cfa6d1439836d130f430061619308709932f97a3f229f6cd3bd4aad1d746c41b.vmrk', 'note': 'from s3-PUBLIC...'}
2025-01-30 03:06:00,797 - datalad.annex - INFO - Start annex action: {'command': 'get', 'file': 'sub-10/ieeg/sub-10_task-countingDeviants_ieeg.vmrk', 'input': ['.'], 'key': 'SHA256E-s101411--cfa6d1439836d130f430061619308709932f97a3f229f6cd3bd4aad1d746c41b.vmrk', 'note': 'from s3-PUBLIC...'}
2025-01-30 03:06:00,798 - datalad.annex - INFO - 100%
2025-01-30 03:06:00,801 - datalad.annex - INFO - Finished annex action: None
2025-01-30 03:06:00,801 - datalad.annex - INFO - Finished annex get
2025-01-30 03:06:27,305 - urllib3.connectionpool - WARNING - Connection pool is full, discarding connection: openneuro-datasets.s3.amazonaws.com. Connection pool size: 10
2025-01-30 03:06:27,592 - urllib3.connectionpool - WARNING - Connection pool is full, discarding connection: openneuro-datasets.s3.amazonaws.com. Connection pool size: 10
2025-01-30 03:10:19,490 - root - INFO - Application closed normally
