2025-01-30 02:38:13,527 - root - INFO - Starting OpenNeuro Desktop Application
2025-01-30 02:38:13,637 - botocore.credentials - INFO - Found credentials in shared credentials file: ~/.aws/credentials
2025-01-30 02:38:16,748 - datalad.core.distributed.clone - INFO - Attempting a clone into /Users/janinegraser/PycharmProjects/openneuro_preprocessing_API/openneuro_app/temp/ds005691
2025-01-30 02:38:16,758 - datalad.core.distributed.clone - INFO - Attempting to clone from https://github.com/OpenNeuroDatasets/ds005691.git to /Users/janinegraser/PycharmProjects/openneuro_preprocessing_API/openneuro_app/temp/ds005691
2025-01-30 02:38:17,273 - datalad.gitrepo - INFO - Start enumerating objects
2025-01-30 02:38:17,278 - datalad.gitrepo - INFO - Finished enumerating objects
2025-01-30 02:38:17,279 - datalad.gitrepo - INFO - Start counting objects
2025-01-30 02:38:17,279 - datalad.gitrepo - INFO - remote: Counting objects:   0% (1/376)
2025-01-30 02:38:17,280 - datalad.gitrepo - INFO - remote: Counting objects:   1% (4/376)
2025-01-30 02:38:17,280 - datalad.gitrepo - INFO - remote: Counting objects:   2% (8/376)
2025-01-30 02:38:17,280 - datalad.gitrepo - INFO - remote: Counting objects:   3% (12/376)
2025-01-30 02:38:17,280 - datalad.gitrepo - INFO - remote: Counting objects:   4% (16/376)
2025-01-30 02:38:17,280 - datalad.gitrepo - INFO - remote: Counting objects:   5% (19/376)
2025-01-30 02:38:17,280 - datalad.gitrepo - INFO - remote: Counting objects:   6% (23/376)
2025-01-30 02:38:17,280 - datalad.gitrepo - INFO - remote: Counting objects:   7% (27/376)
2025-01-30 02:38:17,280 - datalad.gitrepo - INFO - remote: Counting objects:   8% (31/376)
2025-01-30 02:38:17,280 - datalad.gitrepo - INFO - remote: Counting objects:   9% (34/376)
2025-01-30 02:38:17,280 - datalad.gitrepo - INFO - remote: Counting objects:  10% (38/376)
2025-01-30 02:38:17,281 - datalad.gitrepo - INFO - remote: Counting objects:  11% (42/376)
2025-01-30 02:38:17,281 - datalad.gitrepo - INFO - remote: Counting objects:  12% (46/376)
2025-01-30 02:38:17,281 - datalad.gitrepo - INFO - remote: Counting objects:  13% (49/376)
2025-01-30 02:38:17,281 - datalad.gitrepo - INFO - remote: Counting objects:  14% (53/376)
2025-01-30 02:38:17,281 - datalad.gitrepo - INFO - remote: Counting objects:  15% (57/376)
2025-01-30 02:38:17,281 - datalad.gitrepo - INFO - remote: Counting objects:  16% (61/376)
2025-01-30 02:38:17,281 - datalad.gitrepo - INFO - remote: Counting objects:  17% (64/376)
2025-01-30 02:38:17,281 - datalad.gitrepo - INFO - remote: Counting objects:  18% (68/376)
2025-01-30 02:38:17,281 - datalad.gitrepo - INFO - remote: Counting objects:  19% (72/376)
2025-01-30 02:38:17,281 - datalad.gitrepo - INFO - remote: Counting objects:  20% (76/376)
2025-01-30 02:38:17,281 - datalad.gitrepo - INFO - remote: Counting objects:  21% (79/376)
2025-01-30 02:38:17,281 - datalad.gitrepo - INFO - remote: Counting objects:  22% (83/376)
2025-01-30 02:38:17,281 - datalad.gitrepo - INFO - remote: Counting objects:  23% (87/376)
2025-01-30 02:38:17,281 - datalad.gitrepo - INFO - remote: Counting objects:  24% (91/376)
2025-01-30 02:38:17,282 - datalad.gitrepo - INFO - remote: Counting objects:  25% (94/376)
2025-01-30 02:38:17,282 - datalad.gitrepo - INFO - remote: Counting objects:  26% (98/376)
2025-01-30 02:38:17,282 - datalad.gitrepo - INFO - remote: Counting objects:  27% (102/376)
2025-01-30 02:38:17,282 - datalad.gitrepo - INFO - remote: Counting objects:  28% (106/376)
2025-01-30 02:38:17,282 - datalad.gitrepo - INFO - remote: Counting objects:  29% (110/376)
2025-01-30 02:38:17,282 - datalad.gitrepo - INFO - remote: Counting objects:  30% (113/376)
2025-01-30 02:38:17,282 - datalad.gitrepo - INFO - remote: Counting objects:  31% (117/376)
2025-01-30 02:38:17,282 - datalad.gitrepo - INFO - remote: Counting objects:  32% (121/376)
2025-01-30 02:38:17,282 - datalad.gitrepo - INFO - remote: Counting objects:  33% (125/376)
2025-01-30 02:38:17,282 - datalad.gitrepo - INFO - remote: Counting objects:  34% (128/376)
2025-01-30 02:38:17,282 - datalad.gitrepo - INFO - remote: Counting objects:  35% (132/376)
2025-01-30 02:38:17,282 - datalad.gitrepo - INFO - remote: Counting objects:  36% (136/376)
2025-01-30 02:38:17,282 - datalad.gitrepo - INFO - remote: Counting objects:  37% (140/376)
2025-01-30 02:38:17,282 - datalad.gitrepo - INFO - remote: Counting objects:  38% (143/376)
2025-01-30 02:38:17,282 - datalad.gitrepo - INFO - remote: Counting objects:  39% (147/376)
2025-01-30 02:38:17,282 - datalad.gitrepo - INFO - remote: Counting objects:  40% (151/376)
2025-01-30 02:38:17,283 - datalad.gitrepo - INFO - remote: Counting objects:  41% (155/376)
2025-01-30 02:38:17,283 - datalad.gitrepo - INFO - remote: Counting objects:  42% (158/376)
2025-01-30 02:38:17,283 - datalad.gitrepo - INFO - remote: Counting objects:  43% (162/376)
2025-01-30 02:38:17,283 - datalad.gitrepo - INFO - remote: Counting objects:  44% (166/376)
2025-01-30 02:38:17,283 - datalad.gitrepo - INFO - remote: Counting objects:  45% (170/376)
2025-01-30 02:38:17,283 - datalad.gitrepo - INFO - remote: Counting objects:  46% (173/376)
2025-01-30 02:38:17,283 - datalad.gitrepo - INFO - remote: Counting objects:  47% (177/376)
2025-01-30 02:38:17,283 - datalad.gitrepo - INFO - remote: Counting objects:  48% (181/376)
2025-01-30 02:38:17,283 - datalad.gitrepo - INFO - remote: Counting objects:  49% (185/376)
2025-01-30 02:38:17,283 - datalad.gitrepo - INFO - remote: Counting objects:  50% (188/376)
2025-01-30 02:38:17,283 - datalad.gitrepo - INFO - remote: Counting objects:  51% (192/376)
2025-01-30 02:38:17,283 - datalad.gitrepo - INFO - remote: Counting objects:  52% (196/376)
2025-01-30 02:38:17,283 - datalad.gitrepo - INFO - remote: Counting objects:  53% (200/376)
2025-01-30 02:38:17,283 - datalad.gitrepo - INFO - remote: Counting objects:  54% (204/376)
2025-01-30 02:38:17,283 - datalad.gitrepo - INFO - remote: Counting objects:  55% (207/376)
2025-01-30 02:38:17,284 - datalad.gitrepo - INFO - remote: Counting objects:  56% (211/376)
2025-01-30 02:38:17,284 - datalad.gitrepo - INFO - remote: Counting objects:  57% (215/376)
2025-01-30 02:38:17,284 - datalad.gitrepo - INFO - remote: Counting objects:  58% (219/376)
2025-01-30 02:38:17,284 - datalad.gitrepo - INFO - remote: Counting objects:  59% (222/376)
2025-01-30 02:38:17,284 - datalad.gitrepo - INFO - remote: Counting objects:  60% (226/376)
2025-01-30 02:38:17,284 - datalad.gitrepo - INFO - remote: Counting objects:  61% (230/376)
2025-01-30 02:38:17,284 - datalad.gitrepo - INFO - remote: Counting objects:  62% (234/376)
2025-01-30 02:38:17,284 - datalad.gitrepo - INFO - remote: Counting objects:  63% (237/376)
2025-01-30 02:38:17,284 - datalad.gitrepo - INFO - remote: Counting objects:  64% (241/376)
2025-01-30 02:38:17,284 - datalad.gitrepo - INFO - remote: Counting objects:  65% (245/376)
2025-01-30 02:38:17,284 - datalad.gitrepo - INFO - remote: Counting objects:  66% (249/376)
2025-01-30 02:38:17,284 - datalad.gitrepo - INFO - remote: Counting objects:  67% (252/376)
2025-01-30 02:38:17,284 - datalad.gitrepo - INFO - remote: Counting objects:  68% (256/376)
2025-01-30 02:38:17,284 - datalad.gitrepo - INFO - remote: Counting objects:  69% (260/376)
2025-01-30 02:38:17,284 - datalad.gitrepo - INFO - remote: Counting objects:  70% (264/376)
2025-01-30 02:38:17,284 - datalad.gitrepo - INFO - remote: Counting objects:  71% (267/376)
2025-01-30 02:38:17,284 - datalad.gitrepo - INFO - remote: Counting objects:  72% (271/376)
2025-01-30 02:38:17,284 - datalad.gitrepo - INFO - remote: Counting objects:  73% (275/376)
2025-01-30 02:38:17,284 - datalad.gitrepo - INFO - remote: Counting objects:  74% (279/376)
2025-01-30 02:38:17,284 - datalad.gitrepo - INFO - remote: Counting objects:  75% (282/376)
2025-01-30 02:38:17,285 - datalad.gitrepo - INFO - remote: Counting objects:  76% (286/376)
2025-01-30 02:38:17,285 - datalad.gitrepo - INFO - remote: Counting objects:  77% (290/376)
2025-01-30 02:38:17,285 - datalad.gitrepo - INFO - remote: Counting objects:  78% (294/376)
2025-01-30 02:38:17,285 - datalad.gitrepo - INFO - remote: Counting objects:  79% (298/376)
2025-01-30 02:38:17,285 - datalad.gitrepo - INFO - remote: Counting objects:  80% (301/376)
2025-01-30 02:38:17,285 - datalad.gitrepo - INFO - remote: Counting objects:  81% (305/376)
2025-01-30 02:38:17,285 - datalad.gitrepo - INFO - remote: Counting objects:  82% (309/376)
2025-01-30 02:38:17,285 - datalad.gitrepo - INFO - remote: Counting objects:  83% (313/376)
2025-01-30 02:38:17,285 - datalad.gitrepo - INFO - remote: Counting objects:  84% (316/376)
2025-01-30 02:38:17,285 - datalad.gitrepo - INFO - remote: Counting objects:  85% (320/376)
2025-01-30 02:38:17,285 - datalad.gitrepo - INFO - remote: Counting objects:  86% (324/376)
2025-01-30 02:38:17,285 - datalad.gitrepo - INFO - remote: Counting objects:  87% (328/376)
2025-01-30 02:38:17,285 - datalad.gitrepo - INFO - remote: Counting objects:  88% (331/376)
2025-01-30 02:38:17,285 - datalad.gitrepo - INFO - remote: Counting objects:  89% (335/376)
2025-01-30 02:38:17,285 - datalad.gitrepo - INFO - remote: Counting objects:  90% (339/376)
2025-01-30 02:38:17,286 - datalad.gitrepo - INFO - remote: Counting objects:  91% (343/376)
2025-01-30 02:38:17,286 - datalad.gitrepo - INFO - remote: Counting objects:  92% (346/376)
2025-01-30 02:38:17,286 - datalad.gitrepo - INFO - remote: Counting objects:  93% (350/376)
2025-01-30 02:38:17,286 - datalad.gitrepo - INFO - remote: Counting objects:  94% (354/376)
2025-01-30 02:38:17,286 - datalad.gitrepo - INFO - remote: Counting objects:  95% (358/376)
2025-01-30 02:38:17,286 - datalad.gitrepo - INFO - remote: Counting objects:  96% (361/376)
2025-01-30 02:38:17,286 - datalad.gitrepo - INFO - remote: Counting objects:  97% (365/376)
2025-01-30 02:38:17,286 - datalad.gitrepo - INFO - remote: Counting objects:  98% (369/376)
2025-01-30 02:38:17,286 - datalad.gitrepo - INFO - remote: Counting objects:  99% (373/376)
2025-01-30 02:38:17,286 - datalad.gitrepo - INFO - remote: Counting objects: 100% (376/376)
2025-01-30 02:38:17,286 - datalad.gitrepo - INFO - remote: Counting objects: 100% (376/376), done.
2025-01-30 02:38:17,286 - datalad.gitrepo - INFO - Finished counting objects
2025-01-30 02:38:17,287 - datalad.gitrepo - INFO - Start compressing objects
2025-01-30 02:38:17,287 - datalad.gitrepo - INFO - remote: Compressing objects:   0% (1/239)
2025-01-30 02:38:17,287 - datalad.gitrepo - INFO - remote: Compressing objects:   1% (3/239)
2025-01-30 02:38:17,287 - datalad.gitrepo - INFO - remote: Compressing objects:   2% (5/239)
2025-01-30 02:38:17,287 - datalad.gitrepo - INFO - remote: Compressing objects:   3% (8/239)
2025-01-30 02:38:17,287 - datalad.gitrepo - INFO - remote: Compressing objects:   4% (10/239)
2025-01-30 02:38:17,287 - datalad.gitrepo - INFO - remote: Compressing objects:   5% (12/239)
2025-01-30 02:38:17,287 - datalad.gitrepo - INFO - remote: Compressing objects:   6% (15/239)
2025-01-30 02:38:17,287 - datalad.gitrepo - INFO - remote: Compressing objects:   7% (17/239)
2025-01-30 02:38:17,288 - datalad.gitrepo - INFO - remote: Compressing objects:   8% (20/239)
2025-01-30 02:38:17,288 - datalad.gitrepo - INFO - remote: Compressing objects:   9% (22/239)
2025-01-30 02:38:17,288 - datalad.gitrepo - INFO - remote: Compressing objects:  10% (24/239)
2025-01-30 02:38:17,288 - datalad.gitrepo - INFO - remote: Compressing objects:  11% (27/239)
2025-01-30 02:38:17,288 - datalad.gitrepo - INFO - remote: Compressing objects:  12% (29/239)
2025-01-30 02:38:17,288 - datalad.gitrepo - INFO - remote: Compressing objects:  13% (32/239)
2025-01-30 02:38:17,288 - datalad.gitrepo - INFO - remote: Compressing objects:  14% (34/239)
2025-01-30 02:38:17,288 - datalad.gitrepo - INFO - remote: Compressing objects:  15% (36/239)
2025-01-30 02:38:17,288 - datalad.gitrepo - INFO - remote: Compressing objects:  16% (39/239)
2025-01-30 02:38:17,288 - datalad.gitrepo - INFO - remote: Compressing objects:  17% (41/239)
2025-01-30 02:38:17,288 - datalad.gitrepo - INFO - remote: Compressing objects:  18% (44/239)
2025-01-30 02:38:17,288 - datalad.gitrepo - INFO - remote: Compressing objects:  19% (46/239)
2025-01-30 02:38:17,288 - datalad.gitrepo - INFO - remote: Compressing objects:  20% (48/239)
2025-01-30 02:38:17,288 - datalad.gitrepo - INFO - remote: Compressing objects:  21% (51/239)
2025-01-30 02:38:17,288 - datalad.gitrepo - INFO - remote: Compressing objects:  22% (53/239)
2025-01-30 02:38:17,288 - datalad.gitrepo - INFO - remote: Compressing objects:  23% (55/239)
2025-01-30 02:38:17,289 - datalad.gitrepo - INFO - remote: Compressing objects:  24% (58/239)
2025-01-30 02:38:17,289 - datalad.gitrepo - INFO - remote: Compressing objects:  25% (60/239)
2025-01-30 02:38:17,289 - datalad.gitrepo - INFO - remote: Compressing objects:  26% (63/239)
2025-01-30 02:38:17,289 - datalad.gitrepo - INFO - remote: Compressing objects:  27% (65/239)
2025-01-30 02:38:17,289 - datalad.gitrepo - INFO - remote: Compressing objects:  28% (67/239)
2025-01-30 02:38:17,289 - datalad.gitrepo - INFO - remote: Compressing objects:  29% (70/239)
2025-01-30 02:38:17,289 - datalad.gitrepo - INFO - remote: Compressing objects:  30% (72/239)
2025-01-30 02:38:17,289 - datalad.gitrepo - INFO - remote: Compressing objects:  31% (75/239)
2025-01-30 02:38:17,289 - datalad.gitrepo - INFO - remote: Compressing objects:  32% (77/239)
2025-01-30 02:38:17,289 - datalad.gitrepo - INFO - remote: Compressing objects:  33% (79/239)
2025-01-30 02:38:17,289 - datalad.gitrepo - INFO - remote: Compressing objects:  34% (82/239)
2025-01-30 02:38:17,289 - datalad.gitrepo - INFO - remote: Compressing objects:  35% (84/239)
2025-01-30 02:38:17,289 - datalad.gitrepo - INFO - remote: Compressing objects:  36% (87/239)
2025-01-30 02:38:17,289 - datalad.gitrepo - INFO - remote: Compressing objects:  37% (89/239)
2025-01-30 02:38:17,289 - datalad.gitrepo - INFO - remote: Compressing objects:  38% (91/239)
2025-01-30 02:38:17,289 - datalad.gitrepo - INFO - remote: Compressing objects:  39% (94/239)
2025-01-30 02:38:17,290 - datalad.gitrepo - INFO - remote: Compressing objects:  40% (96/239)
2025-01-30 02:38:17,290 - datalad.gitrepo - INFO - remote: Compressing objects:  41% (98/239)
2025-01-30 02:38:17,290 - datalad.gitrepo - INFO - remote: Compressing objects:  42% (101/239)
2025-01-30 02:38:17,290 - datalad.gitrepo - INFO - remote: Compressing objects:  43% (103/239)
2025-01-30 02:38:17,290 - datalad.gitrepo - INFO - remote: Compressing objects:  44% (106/239)
2025-01-30 02:38:17,290 - datalad.gitrepo - INFO - remote: Compressing objects:  45% (108/239)
2025-01-30 02:38:17,290 - datalad.gitrepo - INFO - remote: Compressing objects:  46% (110/239)
2025-01-30 02:38:17,290 - datalad.gitrepo - INFO - remote: Compressing objects:  47% (113/239)
2025-01-30 02:38:17,290 - datalad.gitrepo - INFO - remote: Compressing objects:  48% (115/239)
2025-01-30 02:38:17,290 - datalad.gitrepo - INFO - remote: Compressing objects:  49% (118/239)
2025-01-30 02:38:17,290 - datalad.gitrepo - INFO - remote: Compressing objects:  50% (120/239)
2025-01-30 02:38:17,290 - datalad.gitrepo - INFO - remote: Compressing objects:  51% (122/239)
2025-01-30 02:38:17,290 - datalad.gitrepo - INFO - remote: Compressing objects:  52% (125/239)
2025-01-30 02:38:17,290 - datalad.gitrepo - INFO - remote: Compressing objects:  53% (127/239)
2025-01-30 02:38:17,290 - datalad.gitrepo - INFO - remote: Compressing objects:  54% (130/239)
2025-01-30 02:38:17,290 - datalad.gitrepo - INFO - remote: Compressing objects:  55% (132/239)
2025-01-30 02:38:17,290 - datalad.gitrepo - INFO - remote: Compressing objects:  56% (134/239)
2025-01-30 02:38:17,290 - datalad.gitrepo - INFO - remote: Compressing objects:  57% (137/239)
2025-01-30 02:38:17,290 - datalad.gitrepo - INFO - remote: Compressing objects:  58% (139/239)
2025-01-30 02:38:17,290 - datalad.gitrepo - INFO - remote: Compressing objects:  59% (142/239)
2025-01-30 02:38:17,291 - datalad.gitrepo - INFO - remote: Compressing objects:  60% (144/239)
2025-01-30 02:38:17,291 - datalad.gitrepo - INFO - remote: Compressing objects:  61% (146/239)
2025-01-30 02:38:17,291 - datalad.gitrepo - INFO - remote: Compressing objects:  62% (149/239)
2025-01-30 02:38:17,291 - datalad.gitrepo - INFO - remote: Compressing objects:  63% (151/239)
2025-01-30 02:38:17,291 - datalad.gitrepo - INFO - remote: Compressing objects:  64% (153/239)
2025-01-30 02:38:17,291 - datalad.gitrepo - INFO - remote: Compressing objects:  65% (156/239)
2025-01-30 02:38:17,291 - datalad.gitrepo - INFO - remote: Compressing objects:  66% (158/239)
2025-01-30 02:38:17,291 - datalad.gitrepo - INFO - remote: Compressing objects:  67% (161/239)
2025-01-30 02:38:17,291 - datalad.gitrepo - INFO - remote: Compressing objects:  68% (163/239)
2025-01-30 02:38:17,291 - datalad.gitrepo - INFO - remote: Compressing objects:  69% (165/239)
2025-01-30 02:38:17,291 - datalad.gitrepo - INFO - remote: Compressing objects:  70% (168/239)
2025-01-30 02:38:17,291 - datalad.gitrepo - INFO - remote: Compressing objects:  71% (170/239)
2025-01-30 02:38:17,291 - datalad.gitrepo - INFO - remote: Compressing objects:  72% (173/239)
2025-01-30 02:38:17,291 - datalad.gitrepo - INFO - remote: Compressing objects:  73% (175/239)
2025-01-30 02:38:17,291 - datalad.gitrepo - INFO - remote: Compressing objects:  74% (177/239)
2025-01-30 02:38:17,291 - datalad.gitrepo - INFO - remote: Compressing objects:  75% (180/239)
2025-01-30 02:38:17,291 - datalad.gitrepo - INFO - remote: Compressing objects:  76% (182/239)
2025-01-30 02:38:17,291 - datalad.gitrepo - INFO - remote: Compressing objects:  77% (185/239)
2025-01-30 02:38:17,291 - datalad.gitrepo - INFO - remote: Compressing objects:  78% (187/239)
2025-01-30 02:38:17,291 - datalad.gitrepo - INFO - remote: Compressing objects:  79% (189/239)
2025-01-30 02:38:17,291 - datalad.gitrepo - INFO - remote: Compressing objects:  80% (192/239)
2025-01-30 02:38:17,291 - datalad.gitrepo - INFO - remote: Compressing objects:  81% (194/239)
2025-01-30 02:38:17,291 - datalad.gitrepo - INFO - remote: Compressing objects:  82% (196/239)
2025-01-30 02:38:17,291 - datalad.gitrepo - INFO - remote: Compressing objects:  83% (199/239)
2025-01-30 02:38:17,292 - datalad.gitrepo - INFO - remote: Compressing objects:  84% (201/239)
2025-01-30 02:38:17,292 - datalad.gitrepo - INFO - remote: Compressing objects:  85% (204/239)
2025-01-30 02:38:17,292 - datalad.gitrepo - INFO - remote: Compressing objects:  86% (206/239)
2025-01-30 02:38:17,292 - datalad.gitrepo - INFO - remote: Compressing objects:  87% (208/239)
2025-01-30 02:38:17,292 - datalad.gitrepo - INFO - remote: Compressing objects:  88% (211/239)
2025-01-30 02:38:17,292 - datalad.gitrepo - INFO - remote: Compressing objects:  89% (213/239)
2025-01-30 02:38:17,292 - datalad.gitrepo - INFO - remote: Compressing objects:  90% (216/239)
2025-01-30 02:38:17,292 - datalad.gitrepo - INFO - remote: Compressing objects:  91% (218/239)
2025-01-30 02:38:17,292 - datalad.gitrepo - INFO - remote: Compressing objects:  92% (220/239)
2025-01-30 02:38:17,292 - datalad.gitrepo - INFO - remote: Compressing objects:  93% (223/239)
2025-01-30 02:38:17,292 - datalad.gitrepo - INFO - remote: Compressing objects:  94% (225/239)
2025-01-30 02:38:17,292 - datalad.gitrepo - INFO - remote: Compressing objects:  95% (228/239)
2025-01-30 02:38:17,292 - datalad.gitrepo - INFO - remote: Compressing objects:  96% (230/239)
2025-01-30 02:38:17,292 - datalad.gitrepo - INFO - remote: Compressing objects:  97% (232/239)
2025-01-30 02:38:17,292 - datalad.gitrepo - INFO - remote: Compressing objects:  98% (235/239)
2025-01-30 02:38:17,292 - datalad.gitrepo - INFO - remote: Compressing objects:  99% (237/239)
2025-01-30 02:38:17,292 - datalad.gitrepo - INFO - remote: Compressing objects: 100% (239/239)
2025-01-30 02:38:17,292 - datalad.gitrepo - INFO - remote: Compressing objects: 100% (239/239), done.
2025-01-30 02:38:17,292 - datalad.gitrepo - INFO - Finished compressing objects
2025-01-30 02:38:17,300 - datalad.gitrepo - INFO - Start receiving objects
2025-01-30 02:38:17,301 - datalad.gitrepo - INFO - Receiving objects:   0% (1/376)
2025-01-30 02:38:17,301 - datalad.gitrepo - INFO - Receiving objects:   1% (4/376)
2025-01-30 02:38:17,301 - datalad.gitrepo - INFO - Receiving objects:   2% (8/376)
2025-01-30 02:38:17,301 - datalad.gitrepo - INFO - Receiving objects:   3% (12/376)
2025-01-30 02:38:17,301 - datalad.gitrepo - INFO - Receiving objects:   4% (16/376)
2025-01-30 02:38:17,301 - datalad.gitrepo - INFO - Receiving objects:   5% (19/376)
2025-01-30 02:38:17,301 - datalad.gitrepo - INFO - Receiving objects:   6% (23/376)
2025-01-30 02:38:17,301 - datalad.gitrepo - INFO - Receiving objects:   7% (27/376)
2025-01-30 02:38:17,302 - datalad.gitrepo - INFO - Receiving objects:   8% (31/376)
2025-01-30 02:38:17,302 - datalad.gitrepo - INFO - Receiving objects:   9% (34/376)
2025-01-30 02:38:17,302 - datalad.gitrepo - INFO - Receiving objects:  10% (38/376)
2025-01-30 02:38:17,302 - datalad.gitrepo - INFO - Receiving objects:  11% (42/376)
2025-01-30 02:38:17,302 - datalad.gitrepo - INFO - Receiving objects:  12% (46/376)
2025-01-30 02:38:17,302 - datalad.gitrepo - INFO - Receiving objects:  13% (49/376)
2025-01-30 02:38:17,302 - datalad.gitrepo - INFO - Receiving objects:  14% (53/376)
2025-01-30 02:38:17,302 - datalad.gitrepo - INFO - Receiving objects:  15% (57/376)
2025-01-30 02:38:17,302 - datalad.gitrepo - INFO - Receiving objects:  16% (61/376)
2025-01-30 02:38:17,302 - datalad.gitrepo - INFO - Receiving objects:  17% (64/376)
2025-01-30 02:38:17,302 - datalad.gitrepo - INFO - Receiving objects:  18% (68/376)
2025-01-30 02:38:17,303 - datalad.gitrepo - INFO - Receiving objects:  19% (72/376)
2025-01-30 02:38:17,303 - datalad.gitrepo - INFO - Receiving objects:  20% (76/376)
2025-01-30 02:38:17,303 - datalad.gitrepo - INFO - Receiving objects:  21% (79/376)
2025-01-30 02:38:17,303 - datalad.gitrepo - INFO - Receiving objects:  22% (83/376)
2025-01-30 02:38:17,303 - datalad.gitrepo - INFO - Receiving objects:  23% (87/376)
2025-01-30 02:38:17,303 - datalad.gitrepo - INFO - Receiving objects:  24% (91/376)
2025-01-30 02:38:17,303 - datalad.gitrepo - INFO - Receiving objects:  25% (94/376)
2025-01-30 02:38:17,303 - datalad.gitrepo - INFO - Receiving objects:  26% (98/376)
2025-01-30 02:38:17,303 - datalad.gitrepo - INFO - Receiving objects:  27% (102/376)
2025-01-30 02:38:17,303 - datalad.gitrepo - INFO - Receiving objects:  28% (106/376)
2025-01-30 02:38:17,303 - datalad.gitrepo - INFO - Receiving objects:  29% (110/376)
2025-01-30 02:38:17,303 - datalad.gitrepo - INFO - Receiving objects:  30% (113/376)
2025-01-30 02:38:17,303 - datalad.gitrepo - INFO - Receiving objects:  31% (117/376)
2025-01-30 02:38:17,303 - datalad.gitrepo - INFO - Receiving objects:  32% (121/376)
2025-01-30 02:38:17,303 - datalad.gitrepo - INFO - Receiving objects:  33% (125/376)
2025-01-30 02:38:17,303 - datalad.gitrepo - INFO - Receiving objects:  34% (128/376)
2025-01-30 02:38:17,303 - datalad.gitrepo - INFO - Receiving objects:  35% (132/376)
2025-01-30 02:38:17,303 - datalad.gitrepo - INFO - Receiving objects:  36% (136/376)
2025-01-30 02:38:17,303 - datalad.gitrepo - INFO - Receiving objects:  37% (140/376)
2025-01-30 02:38:17,303 - datalad.gitrepo - INFO - Receiving objects:  38% (143/376)
2025-01-30 02:38:17,303 - datalad.gitrepo - INFO - Receiving objects:  39% (147/376)
2025-01-30 02:38:17,303 - datalad.gitrepo - INFO - Receiving objects:  40% (151/376)
2025-01-30 02:38:17,303 - datalad.gitrepo - INFO - Receiving objects:  41% (155/376)
2025-01-30 02:38:17,303 - datalad.gitrepo - INFO - Receiving objects:  42% (158/376)
2025-01-30 02:38:17,303 - datalad.gitrepo - INFO - Receiving objects:  43% (162/376)
2025-01-30 02:38:17,304 - datalad.gitrepo - INFO - Receiving objects:  44% (166/376)
2025-01-30 02:38:17,304 - datalad.gitrepo - INFO - Receiving objects:  45% (170/376)
2025-01-30 02:38:17,304 - datalad.gitrepo - INFO - Receiving objects:  46% (173/376)
2025-01-30 02:38:17,304 - datalad.gitrepo - INFO - Receiving objects:  47% (177/376)
2025-01-30 02:38:17,304 - datalad.gitrepo - INFO - Receiving objects:  48% (181/376)
2025-01-30 02:38:17,304 - datalad.gitrepo - INFO - Receiving objects:  49% (185/376)
2025-01-30 02:38:17,304 - datalad.gitrepo - INFO - Receiving objects:  50% (188/376)
2025-01-30 02:38:17,304 - datalad.gitrepo - INFO - Receiving objects:  51% (192/376)
2025-01-30 02:38:17,304 - datalad.gitrepo - INFO - Receiving objects:  52% (196/376)
2025-01-30 02:38:17,304 - datalad.gitrepo - INFO - Receiving objects:  53% (200/376)
2025-01-30 02:38:17,304 - datalad.gitrepo - INFO - Receiving objects:  54% (204/376)
2025-01-30 02:38:17,304 - datalad.gitrepo - INFO - Receiving objects:  55% (207/376)
2025-01-30 02:38:17,304 - datalad.gitrepo - INFO - Receiving objects:  56% (211/376)
2025-01-30 02:38:17,304 - datalad.gitrepo - INFO - Receiving objects:  57% (215/376)
2025-01-30 02:38:17,304 - datalad.gitrepo - INFO - Receiving objects:  58% (219/376)
2025-01-30 02:38:17,304 - datalad.gitrepo - INFO - Receiving objects:  59% (222/376)
2025-01-30 02:38:17,308 - datalad.gitrepo - INFO - Receiving objects:  60% (226/376)
2025-01-30 02:38:17,308 - datalad.gitrepo - INFO - Receiving objects:  61% (230/376)
2025-01-30 02:38:17,309 - datalad.gitrepo - INFO - Receiving objects:  62% (234/376)
2025-01-30 02:38:17,309 - datalad.gitrepo - INFO - Receiving objects:  63% (237/376)
2025-01-30 02:38:17,309 - datalad.gitrepo - INFO - Receiving objects:  64% (241/376)
2025-01-30 02:38:17,309 - datalad.gitrepo - INFO - Receiving objects:  65% (245/376)
2025-01-30 02:38:17,309 - datalad.gitrepo - INFO - Receiving objects:  66% (249/376)
2025-01-30 02:38:17,309 - datalad.gitrepo - INFO - Receiving objects:  67% (252/376)
2025-01-30 02:38:17,309 - datalad.gitrepo - INFO - Receiving objects:  68% (256/376)
2025-01-30 02:38:17,309 - datalad.gitrepo - INFO - Receiving objects:  69% (260/376)
2025-01-30 02:38:17,309 - datalad.gitrepo - INFO - Receiving objects:  70% (264/376)
2025-01-30 02:38:17,309 - datalad.gitrepo - INFO - Receiving objects:  71% (267/376)
2025-01-30 02:38:17,309 - datalad.gitrepo - INFO - Receiving objects:  72% (271/376)
2025-01-30 02:38:17,309 - datalad.gitrepo - INFO - Receiving objects:  73% (275/376)
2025-01-30 02:38:17,309 - datalad.gitrepo - INFO - Receiving objects:  74% (279/376)
2025-01-30 02:38:17,309 - datalad.gitrepo - INFO - Receiving objects:  75% (282/376)
2025-01-30 02:38:17,309 - datalad.gitrepo - INFO - Receiving objects:  76% (286/376)
2025-01-30 02:38:17,309 - datalad.gitrepo - INFO - Receiving objects:  77% (290/376)
2025-01-30 02:38:17,309 - datalad.gitrepo - INFO - Receiving objects:  78% (294/376)
2025-01-30 02:38:17,309 - datalad.gitrepo - INFO - Receiving objects:  79% (298/376)
2025-01-30 02:38:17,310 - datalad.gitrepo - INFO - Receiving objects:  80% (301/376)
2025-01-30 02:38:17,310 - datalad.gitrepo - INFO - Receiving objects:  81% (305/376)
2025-01-30 02:38:17,310 - datalad.gitrepo - INFO - Receiving objects:  82% (309/376)
2025-01-30 02:38:17,310 - datalad.gitrepo - INFO - Receiving objects:  83% (313/376)
2025-01-30 02:38:17,311 - datalad.gitrepo - INFO - Receiving objects:  84% (316/376)
2025-01-30 02:38:17,311 - datalad.gitrepo - INFO - Receiving objects:  85% (320/376)
2025-01-30 02:38:17,317 - datalad.gitrepo - INFO - Receiving objects:  86% (324/376)
2025-01-30 02:38:17,317 - datalad.gitrepo - INFO - Receiving objects:  87% (328/376)
2025-01-30 02:38:17,317 - datalad.gitrepo - INFO - Receiving objects:  88% (331/376)
2025-01-30 02:38:17,317 - datalad.gitrepo - INFO - Receiving objects:  89% (335/376)
2025-01-30 02:38:17,317 - datalad.gitrepo - INFO - Receiving objects:  90% (339/376)
2025-01-30 02:38:17,317 - datalad.gitrepo - INFO - Receiving objects:  91% (343/376)
2025-01-30 02:38:17,327 - datalad.gitrepo - INFO - Receiving objects:  92% (346/376)
2025-01-30 02:38:17,332 - datalad.gitrepo - INFO - Receiving objects:  93% (350/376)
2025-01-30 02:38:17,337 - datalad.gitrepo - INFO - Receiving objects:  94% (354/376)
2025-01-30 02:38:17,337 - datalad.gitrepo - INFO - Receiving objects:  95% (358/376)
2025-01-30 02:38:17,338 - datalad.gitrepo - INFO - Receiving objects:  96% (361/376)
2025-01-30 02:38:17,343 - datalad.gitrepo - INFO - Receiving objects:  97% (365/376)
2025-01-30 02:38:17,343 - datalad.gitrepo - INFO - Receiving objects:  98% (369/376)
2025-01-30 02:38:17,343 - datalad.gitrepo - INFO - Receiving objects:  99% (373/376)
2025-01-30 02:38:17,343 - datalad.gitrepo - INFO - Receiving objects: 100% (376/376)
2025-01-30 02:38:17,344 - datalad.gitrepo - INFO - Receiving objects: 100% (376/376), 188.80 KiB | 4.20 MiB/s, done.
2025-01-30 02:38:17,344 - datalad.gitrepo - INFO - Finished receiving objects
2025-01-30 02:38:17,344 - datalad.gitrepo - INFO - Start resolving deltas
2025-01-30 02:38:17,344 - datalad.gitrepo - INFO - Resolving deltas:   0% (0/54)
2025-01-30 02:38:17,345 - datalad.gitrepo - INFO - Resolving deltas:   1% (1/54)
2025-01-30 02:38:17,345 - datalad.gitrepo - INFO - Resolving deltas:   5% (3/54)
2025-01-30 02:38:17,345 - datalad.gitrepo - INFO - Resolving deltas:   7% (4/54)
2025-01-30 02:38:17,345 - datalad.gitrepo - INFO - Resolving deltas:   9% (5/54)
2025-01-30 02:38:17,345 - datalad.gitrepo - INFO - Resolving deltas:  11% (6/54)
2025-01-30 02:38:17,345 - datalad.gitrepo - INFO - Resolving deltas:  12% (7/54)
2025-01-30 02:38:17,345 - datalad.gitrepo - INFO - Resolving deltas:  18% (10/54)
2025-01-30 02:38:17,345 - datalad.gitrepo - INFO - Resolving deltas:  20% (11/54)
2025-01-30 02:38:17,345 - datalad.gitrepo - INFO - Resolving deltas:  22% (12/54)
2025-01-30 02:38:17,345 - datalad.gitrepo - INFO - Resolving deltas:  24% (13/54)
2025-01-30 02:38:17,345 - datalad.gitrepo - INFO - Resolving deltas:  25% (14/54)
2025-01-30 02:38:17,345 - datalad.gitrepo - INFO - Resolving deltas:  27% (15/54)
2025-01-30 02:38:17,345 - datalad.gitrepo - INFO - Resolving deltas:  29% (16/54)
2025-01-30 02:38:17,345 - datalad.gitrepo - INFO - Resolving deltas:  31% (17/54)
2025-01-30 02:38:17,345 - datalad.gitrepo - INFO - Resolving deltas:  35% (19/54)
2025-01-30 02:38:17,345 - datalad.gitrepo - INFO - Resolving deltas:  37% (20/54)
2025-01-30 02:38:17,345 - datalad.gitrepo - INFO - Resolving deltas:  40% (22/54)
2025-01-30 02:38:17,345 - datalad.gitrepo - INFO - Resolving deltas:  42% (23/54)
2025-01-30 02:38:17,345 - datalad.gitrepo - INFO - Resolving deltas:  44% (24/54)
2025-01-30 02:38:17,346 - datalad.gitrepo - INFO - Resolving deltas:  46% (25/54)
2025-01-30 02:38:17,346 - datalad.gitrepo - INFO - Resolving deltas:  48% (26/54)
2025-01-30 02:38:17,346 - datalad.gitrepo - INFO - Resolving deltas:  51% (28/54)
2025-01-30 02:38:17,346 - datalad.gitrepo - INFO - Resolving deltas:  53% (29/54)
2025-01-30 02:38:17,346 - datalad.gitrepo - INFO - Resolving deltas:  55% (30/54)
2025-01-30 02:38:17,346 - datalad.gitrepo - INFO - Resolving deltas:  57% (31/54)
2025-01-30 02:38:17,346 - datalad.gitrepo - INFO - Resolving deltas:  59% (32/54)
2025-01-30 02:38:17,346 - datalad.gitrepo - INFO - Resolving deltas:  64% (35/54)
2025-01-30 02:38:17,346 - datalad.gitrepo - INFO - Resolving deltas:  68% (37/54)
2025-01-30 02:38:17,346 - datalad.gitrepo - INFO - Resolving deltas:  70% (38/54)
2025-01-30 02:38:17,346 - datalad.gitrepo - INFO - Resolving deltas:  72% (39/54)
2025-01-30 02:38:17,346 - datalad.gitrepo - INFO - Resolving deltas:  74% (40/54)
2025-01-30 02:38:17,346 - datalad.gitrepo - INFO - Resolving deltas:  77% (42/54)
2025-01-30 02:38:17,346 - datalad.gitrepo - INFO - Resolving deltas:  79% (43/54)
2025-01-30 02:38:17,346 - datalad.gitrepo - INFO - Resolving deltas:  81% (44/54)
2025-01-30 02:38:17,346 - datalad.gitrepo - INFO - Resolving deltas:  83% (45/54)
2025-01-30 02:38:17,346 - datalad.gitrepo - INFO - Resolving deltas:  85% (46/54)
2025-01-30 02:38:17,346 - datalad.gitrepo - INFO - Resolving deltas:  87% (47/54)
2025-01-30 02:38:17,346 - datalad.gitrepo - INFO - Resolving deltas:  88% (48/54)
2025-01-30 02:38:17,346 - datalad.gitrepo - INFO - Resolving deltas:  90% (49/54)
2025-01-30 02:38:17,346 - datalad.gitrepo - INFO - Resolving deltas:  92% (50/54)
2025-01-30 02:38:17,346 - datalad.gitrepo - INFO - Resolving deltas:  94% (51/54)
2025-01-30 02:38:17,346 - datalad.gitrepo - INFO - Resolving deltas:  96% (52/54)
2025-01-30 02:38:17,346 - datalad.gitrepo - INFO - Resolving deltas:  98% (53/54)
2025-01-30 02:38:17,346 - datalad.gitrepo - INFO - Resolving deltas: 100% (54/54)
2025-01-30 02:38:17,346 - datalad.gitrepo - INFO - Resolving deltas: 100% (54/54), done.
2025-01-30 02:38:17,347 - datalad.gitrepo - INFO - Finished resolving deltas
2025-01-30 02:38:17,375 - datalad.core.distributed.clone - INFO - Completed clone attempts for Dataset(/Users/janinegraser/PycharmProjects/openneuro_preprocessing_API/openneuro_app/temp/ds005691)
2025-01-30 02:38:18,249 - datalad.annex - INFO    - Remote origin not usable by git-annex; setting annex-ignore
2025-01-30 02:38:18,278 - datalad.annex - INFO    - https://github.com/OpenNeuroDatasets/ds005691.git/config download failed: Not Found
2025-01-30 02:38:18,422 - datalad.distribution.get - INFO    - Ensuring presence of Dataset(/Users/janinegraser/PycharmProjects/openneuro_preprocessing_API/openneuro_app/temp/ds005691) to get /Users/janinegraser/PycharmProjects/openneuro_preprocessing_API/openneuro_app/temp/ds005691
2025-01-30 02:38:18,423 - datalad.distribution.get - INFO - Installing: starting
2025-01-30 02:38:18,424 - datalad.distribution.get - INFO - Installing: done
2025-01-30 02:38:19,454 - datalad.annex - INFO - Start annex operation
2025-01-30 02:38:20,252 - datalad.annex - INFO - Start annex action: {'command': 'get', 'file': 'sub-01/ieeg/sub-01_task-countingDeviants_ieeg.eeg', 'input': ['.'], 'key': 'SHA256E-s81376400--06a1bc84d260a6af4600e027bd84d0208c6245309506a94e8ccfe9c9e377aa62.eeg', 'note': 'from s3-PUBLIC...'}
2025-01-30 02:38:20,253 - datalad.annex - INFO - 0.02%
2025-01-30 02:38:20,253 - datalad.annex - INFO - 0.02%
2025-01-30 02:38:20,352 - datalad.annex - INFO - 0.04%
2025-01-30 02:38:20,352 - datalad.annex - INFO - 0.04%
2025-01-30 02:38:20,456 - datalad.annex - INFO - 0.11%
2025-01-30 02:38:20,460 - datalad.annex - INFO - 0.11%
2025-01-30 02:38:20,558 - datalad.annex - INFO - 0.25%
2025-01-30 02:38:20,559 - datalad.annex - INFO - 0.25%
2025-01-30 02:38:20,663 - datalad.annex - INFO - 0.51%
2025-01-30 02:38:20,667 - datalad.annex - INFO - 0.51%
2025-01-30 02:38:20,770 - datalad.annex - INFO - 1.05%
2025-01-30 02:38:20,772 - datalad.annex - INFO - 1.05%
2025-01-30 02:38:20,875 - datalad.annex - INFO - 2.14%
2025-01-30 02:38:20,875 - datalad.annex - INFO - 2.14%
2025-01-30 02:38:20,975 - datalad.annex - INFO - 3.63%
2025-01-30 02:38:20,975 - datalad.annex - INFO - 3.63%
2025-01-30 02:38:21,075 - datalad.annex - INFO - 6.63%
2025-01-30 02:38:21,075 - datalad.annex - INFO - 6.63%
2025-01-30 02:38:21,175 - datalad.annex - INFO - 10.03%
2025-01-30 02:38:21,175 - datalad.annex - INFO - 10.03%
2025-01-30 02:38:21,276 - datalad.annex - INFO - 13.11%
2025-01-30 02:38:21,276 - datalad.annex - INFO - 13.11%
2025-01-30 02:38:21,376 - datalad.annex - INFO - 16.11%
2025-01-30 02:38:21,376 - datalad.annex - INFO - 16.11%
2025-01-30 02:38:21,476 - datalad.annex - INFO - 19.27%
2025-01-30 02:38:21,476 - datalad.annex - INFO - 19.27%
2025-01-30 02:38:21,576 - datalad.annex - INFO - 23.18%
2025-01-30 02:38:21,577 - datalad.annex - INFO - 23.18%
2025-01-30 02:38:21,678 - datalad.annex - INFO - 26.3%
2025-01-30 02:38:21,678 - datalad.annex - INFO - 26.3%
2025-01-30 02:38:21,779 - datalad.annex - INFO - 29.5%
2025-01-30 02:38:21,779 - datalad.annex - INFO - 29.5%
2025-01-30 02:38:21,879 - datalad.annex - INFO - 32.54%
2025-01-30 02:38:21,879 - datalad.annex - INFO - 32.54%
2025-01-30 02:38:21,979 - datalad.annex - INFO - 36.34%
2025-01-30 02:38:21,980 - datalad.annex - INFO - 36.34%
2025-01-30 02:38:22,080 - datalad.annex - INFO - 39.36%
2025-01-30 02:38:22,080 - datalad.annex - INFO - 39.36%
2025-01-30 02:38:22,180 - datalad.annex - INFO - 42.46%
2025-01-30 02:38:22,180 - datalad.annex - INFO - 42.46%
2025-01-30 02:38:22,280 - datalad.annex - INFO - 45.42%
2025-01-30 02:38:22,280 - datalad.annex - INFO - 45.42%
2025-01-30 02:38:22,383 - datalad.annex - INFO - 48.63%
2025-01-30 02:38:22,383 - datalad.annex - INFO - 48.63%
2025-01-30 02:38:22,483 - datalad.annex - INFO - 52.47%
2025-01-30 02:38:22,484 - datalad.annex - INFO - 52.47%
2025-01-30 02:38:22,585 - datalad.annex - INFO - 55.57%
2025-01-30 02:38:22,585 - datalad.annex - INFO - 55.57%
2025-01-30 02:38:22,685 - datalad.annex - INFO - 58.87%
2025-01-30 02:38:22,686 - datalad.annex - INFO - 58.87%
2025-01-30 02:38:22,791 - datalad.annex - INFO - 62.14%
2025-01-30 02:38:22,791 - datalad.annex - INFO - 62.14%
2025-01-30 02:38:22,891 - datalad.annex - INFO - 65.82%
2025-01-30 02:38:22,891 - datalad.annex - INFO - 65.82%
2025-01-30 02:38:22,994 - datalad.annex - INFO - 68.72%
2025-01-30 02:38:22,994 - datalad.annex - INFO - 68.72%
2025-01-30 02:38:23,095 - datalad.annex - INFO - 72.46%
2025-01-30 02:38:23,095 - datalad.annex - INFO - 72.46%
2025-01-30 02:38:23,197 - datalad.annex - INFO - 75.75%
2025-01-30 02:38:23,197 - datalad.annex - INFO - 75.75%
2025-01-30 02:38:23,298 - datalad.annex - INFO - 79.07%
2025-01-30 02:38:23,298 - datalad.annex - INFO - 79.07%
2025-01-30 02:38:23,407 - datalad.annex - INFO - 82.35%
2025-01-30 02:38:23,407 - datalad.annex - INFO - 82.35%
2025-01-30 02:38:23,507 - datalad.annex - INFO - 86.2%
2025-01-30 02:38:23,507 - datalad.annex - INFO - 86.22%
2025-01-30 02:38:23,607 - datalad.annex - INFO - 89.03%
2025-01-30 02:38:23,607 - datalad.annex - INFO - 89.05%
2025-01-30 02:38:23,707 - datalad.annex - INFO - 92.46%
2025-01-30 02:38:23,707 - datalad.annex - INFO - 92.48%
2025-01-30 02:38:23,807 - datalad.annex - INFO - 95.5%
2025-01-30 02:38:23,807 - datalad.annex - INFO - 95.52%
2025-01-30 02:38:23,908 - datalad.annex - INFO - 98.68%
2025-01-30 02:38:23,908 - datalad.annex - INFO - 98.68%
2025-01-30 02:38:23,953 - datalad.annex - INFO - Finished annex action: {'command': 'get', 'file': 'sub-01/ieeg/sub-01_task-countingDeviants_ieeg.eeg', 'input': ['.'], 'key': 'SHA256E-s81376400--06a1bc84d260a6af4600e027bd84d0208c6245309506a94e8ccfe9c9e377aa62.eeg', 'note': 'from s3-PUBLIC...'}
2025-01-30 02:38:23,954 - datalad.annex - INFO - Start annex action: {'command': 'get', 'file': 'sub-01/ieeg/sub-01_task-countingDeviants_ieeg.eeg', 'input': ['.'], 'key': 'SHA256E-s81376400--06a1bc84d260a6af4600e027bd84d0208c6245309506a94e8ccfe9c9e377aa62.eeg', 'note': 'from s3-PUBLIC...'}
2025-01-30 02:38:23,954 - datalad.annex - INFO - 100%
2025-01-30 02:38:24,010 - datalad.annex - INFO - Finished annex action: None
2025-01-30 02:38:24,011 - datalad.annex - INFO - sub-01/ieeg/sub-01_task-countingDeviants_ieeg.eeg
2025-01-30 02:38:24,148 - datalad.annex - INFO - Start annex action: {'command': 'get', 'file': 'sub-01/ieeg/sub-01_task-countingDeviants_ieeg.vhdr', 'input': ['.'], 'key': 'SHA256E-s2220--2f7e846bd46d2df668f90c4e291996767a42511c30c1d392458982f242096e4c.vhdr', 'note': 'from s3-PUBLIC...'}
2025-01-30 02:38:24,148 - datalad.annex - INFO - 100%
2025-01-30 02:38:24,148 - datalad.annex - INFO - Finished annex action: {'command': 'get', 'file': 'sub-01/ieeg/sub-01_task-countingDeviants_ieeg.vhdr', 'input': ['.'], 'key': 'SHA256E-s2220--2f7e846bd46d2df668f90c4e291996767a42511c30c1d392458982f242096e4c.vhdr', 'note': 'from s3-PUBLIC...'}
2025-01-30 02:38:24,152 - datalad.annex - INFO - sub-01/ieeg/sub-01_task-countingDeviants_ieeg.vhdr
2025-01-30 02:38:24,325 - datalad.annex - INFO - Start annex action: {'command': 'get', 'file': 'sub-01/ieeg/sub-01_task-countingDeviants_ieeg.vmrk', 'input': ['.'], 'key': 'SHA256E-s60481--1987828c4c4a2c23d6531210ad6b7f4a3c560bfce5a028da138b8d2f1ae69e3c.vmrk', 'note': 'from s3-PUBLIC...'}
2025-01-30 02:38:24,326 - datalad.annex - INFO - 27.09%
2025-01-30 02:38:24,326 - datalad.annex - INFO - 27.09%
2025-01-30 02:38:24,328 - datalad.annex - INFO - Finished annex action: {'command': 'get', 'file': 'sub-01/ieeg/sub-01_task-countingDeviants_ieeg.vmrk', 'input': ['.'], 'key': 'SHA256E-s60481--1987828c4c4a2c23d6531210ad6b7f4a3c560bfce5a028da138b8d2f1ae69e3c.vmrk', 'note': 'from s3-PUBLIC...'}
2025-01-30 02:38:24,328 - datalad.annex - INFO - Start annex action: {'command': 'get', 'file': 'sub-01/ieeg/sub-01_task-countingDeviants_ieeg.vmrk', 'input': ['.'], 'key': 'SHA256E-s60481--1987828c4c4a2c23d6531210ad6b7f4a3c560bfce5a028da138b8d2f1ae69e3c.vmrk', 'note': 'from s3-PUBLIC...'}
2025-01-30 02:38:24,329 - datalad.annex - INFO - 100%
2025-01-30 02:38:24,331 - datalad.annex - INFO - Finished annex action: None
2025-01-30 02:38:24,332 - datalad.annex - INFO - sub-01/ieeg/sub-01_task-countingDeviants_ieeg.vmrk
2025-01-30 02:38:24,660 - datalad.annex - INFO - Start annex action: {'command': 'get', 'file': 'sub-02/ieeg/sub-02_task-countingDeviants_ieeg.eeg', 'input': ['.'], 'key': 'SHA256E-s96570600--85af3a55f8e6690b6514f03074d020ad3aaf1e4ac9b251dcdf70441cc1151168.eeg', 'note': 'from s3-PUBLIC...'}
2025-01-30 02:38:24,662 - datalad.annex - INFO - 0.02%
2025-01-30 02:38:24,662 - datalad.annex - INFO - 0.02%
2025-01-30 02:38:24,759 - datalad.annex - INFO - 3.53%
2025-01-30 02:38:24,760 - datalad.annex - INFO - 3.55%
2025-01-30 02:38:24,860 - datalad.annex - INFO - 6.01%
2025-01-30 02:38:24,860 - datalad.annex - INFO - 6.03%
2025-01-30 02:38:24,960 - datalad.annex - INFO - 8.74%
2025-01-30 02:38:24,961 - datalad.annex - INFO - 8.74%
2025-01-30 02:38:25,061 - datalad.annex - INFO - 11.42%
2025-01-30 02:38:25,062 - datalad.annex - INFO - 11.42%
2025-01-30 02:38:25,162 - datalad.annex - INFO - 14.09%
2025-01-30 02:38:25,162 - datalad.annex - INFO - 14.09%
2025-01-30 02:38:25,262 - datalad.annex - INFO - 17.28%
2025-01-30 02:38:25,263 - datalad.annex - INFO - 17.28%
2025-01-30 02:38:25,362 - datalad.annex - INFO - 19.87%
2025-01-30 02:38:25,363 - datalad.annex - INFO - 19.87%
2025-01-30 02:38:25,463 - datalad.annex - INFO - 22.48%
2025-01-30 02:38:25,463 - datalad.annex - INFO - 22.48%
2025-01-30 02:38:25,575 - datalad.annex - INFO - 25.49%
2025-01-30 02:38:25,575 - datalad.annex - INFO - 25.49%
2025-01-30 02:38:25,675 - datalad.annex - INFO - 28.57%
2025-01-30 02:38:25,676 - datalad.annex - INFO - 28.57%
2025-01-30 02:38:25,776 - datalad.annex - INFO - 31.27%
2025-01-30 02:38:25,776 - datalad.annex - INFO - 31.27%
2025-01-30 02:38:25,877 - datalad.annex - INFO - 34.41%
2025-01-30 02:38:25,877 - datalad.annex - INFO - 34.41%
2025-01-30 02:38:25,979 - datalad.annex - INFO - 36.94%
2025-01-30 02:38:25,979 - datalad.annex - INFO - 36.94%
2025-01-30 02:38:26,079 - datalad.annex - INFO - 39.67%
2025-01-30 02:38:26,079 - datalad.annex - INFO - 39.67%
2025-01-30 02:38:26,179 - datalad.annex - INFO - 42.72%
2025-01-30 02:38:26,179 - datalad.annex - INFO - 42.72%
2025-01-30 02:38:26,279 - datalad.annex - INFO - 45.39%
2025-01-30 02:38:26,279 - datalad.annex - INFO - 45.39%
2025-01-30 02:38:26,379 - datalad.annex - INFO - 48.09%
2025-01-30 02:38:26,380 - datalad.annex - INFO - 48.09%
2025-01-30 02:38:26,479 - datalad.annex - INFO - 50.61%
2025-01-30 02:38:26,480 - datalad.annex - INFO - 50.61%
2025-01-30 02:38:26,594 - datalad.annex - INFO - 53.57%
2025-01-30 02:38:26,595 - datalad.annex - INFO - 53.57%
2025-01-30 02:38:26,708 - datalad.annex - INFO - 56.6%
2025-01-30 02:38:26,708 - datalad.annex - INFO - 56.6%
2025-01-30 02:38:26,823 - datalad.annex - INFO - 59.67%
2025-01-30 02:38:26,823 - datalad.annex - INFO - 59.67%
2025-01-30 02:38:26,935 - datalad.annex - INFO - 62.71%
2025-01-30 02:38:26,935 - datalad.annex - INFO - 62.71%
2025-01-30 02:38:27,035 - datalad.annex - INFO - 66.02%
2025-01-30 02:38:27,035 - datalad.annex - INFO - 66.02%
2025-01-30 02:38:27,135 - datalad.annex - INFO - 68.56%
2025-01-30 02:38:27,135 - datalad.annex - INFO - 68.56%
2025-01-30 02:38:27,238 - datalad.annex - INFO - 71.19%
2025-01-30 02:38:27,238 - datalad.annex - INFO - 71.19%
2025-01-30 02:38:27,338 - datalad.annex - INFO - 73.89%
2025-01-30 02:38:27,338 - datalad.annex - INFO - 73.89%
2025-01-30 02:38:27,440 - datalad.annex - INFO - 76.5%
2025-01-30 02:38:27,440 - datalad.annex - INFO - 76.5%
2025-01-30 02:38:27,558 - datalad.annex - INFO - 79.61%
2025-01-30 02:38:27,558 - datalad.annex - INFO - 79.61%
2025-01-30 02:38:27,671 - datalad.annex - INFO - 82.41%
2025-01-30 02:38:27,671 - datalad.annex - INFO - 82.41%
2025-01-30 02:38:27,785 - datalad.annex - INFO - 85.48%
2025-01-30 02:38:27,785 - datalad.annex - INFO - 85.48%
2025-01-30 02:38:27,901 - datalad.annex - INFO - 88.4%
2025-01-30 02:38:27,901 - datalad.annex - INFO - 88.4%
2025-01-30 02:38:28,017 - datalad.annex - INFO - 91.42%
2025-01-30 02:38:28,018 - datalad.annex - INFO - 91.42%
2025-01-30 02:38:28,132 - datalad.annex - INFO - 94.33%
2025-01-30 02:38:28,132 - datalad.annex - INFO - 94.33%
2025-01-30 02:38:28,253 - datalad.annex - INFO - 97.68%
2025-01-30 02:38:28,253 - datalad.annex - INFO - 97.68%
2025-01-30 02:38:28,322 - datalad.annex - INFO - Finished annex action: {'command': 'get', 'file': 'sub-02/ieeg/sub-02_task-countingDeviants_ieeg.eeg', 'input': ['.'], 'key': 'SHA256E-s96570600--85af3a55f8e6690b6514f03074d020ad3aaf1e4ac9b251dcdf70441cc1151168.eeg', 'note': 'from s3-PUBLIC...'}
2025-01-30 02:38:28,322 - datalad.annex - INFO - Start annex action: {'command': 'get', 'file': 'sub-02/ieeg/sub-02_task-countingDeviants_ieeg.eeg', 'input': ['.'], 'key': 'SHA256E-s96570600--85af3a55f8e6690b6514f03074d020ad3aaf1e4ac9b251dcdf70441cc1151168.eeg', 'note': 'from s3-PUBLIC...'}
2025-01-30 02:38:28,322 - datalad.annex - INFO - 100%
2025-01-30 02:38:28,324 - datalad.annex - INFO - Finished annex action: None
2025-01-30 02:38:28,324 - datalad.annex - INFO - sub-02/ieeg/sub-02_task-countingDeviants_ieeg.eeg
2025-01-30 02:38:28,463 - datalad.annex - INFO - Start annex action: {'command': 'get', 'file': 'sub-02/ieeg/sub-02_task-countingDeviants_ieeg.vhdr', 'input': ['.'], 'key': 'SHA256E-s2162--5d6bcb609bdd676ac25bf0538d1e7eb392b31b1e52263c02bf6690f5c10e50dc.vhdr', 'note': 'from s3-PUBLIC...'}
2025-01-30 02:38:28,464 - datalad.annex - INFO - 100%
2025-01-30 02:38:28,464 - datalad.annex - INFO - Finished annex action: {'command': 'get', 'file': 'sub-02/ieeg/sub-02_task-countingDeviants_ieeg.vhdr', 'input': ['.'], 'key': 'SHA256E-s2162--5d6bcb609bdd676ac25bf0538d1e7eb392b31b1e52263c02bf6690f5c10e50dc.vhdr', 'note': 'from s3-PUBLIC...'}
2025-01-30 02:38:28,467 - datalad.annex - INFO - sub-02/ieeg/sub-02_task-countingDeviants_ieeg.vhdr
2025-01-30 02:38:28,616 - datalad.annex - INFO - Start annex action: {'command': 'get', 'file': 'sub-02/ieeg/sub-02_task-countingDeviants_ieeg.vmrk', 'input': ['.'], 'key': 'SHA256E-s60462--302d3a544aff4ae7559696133c1c8e086f9c7720d5885e55b193b7f7f6954a3c.vmrk', 'note': 'from s3-PUBLIC...'}
2025-01-30 02:38:28,618 - datalad.annex - INFO - 27.1%
2025-01-30 02:38:28,618 - datalad.annex - INFO - 27.1%
2025-01-30 02:38:28,621 - datalad.annex - INFO - Finished annex action: {'command': 'get', 'file': 'sub-02/ieeg/sub-02_task-countingDeviants_ieeg.vmrk', 'input': ['.'], 'key': 'SHA256E-s60462--302d3a544aff4ae7559696133c1c8e086f9c7720d5885e55b193b7f7f6954a3c.vmrk', 'note': 'from s3-PUBLIC...'}
2025-01-30 02:38:28,621 - datalad.annex - INFO - Start annex action: {'command': 'get', 'file': 'sub-02/ieeg/sub-02_task-countingDeviants_ieeg.vmrk', 'input': ['.'], 'key': 'SHA256E-s60462--302d3a544aff4ae7559696133c1c8e086f9c7720d5885e55b193b7f7f6954a3c.vmrk', 'note': 'from s3-PUBLIC...'}
2025-01-30 02:38:28,622 - datalad.annex - INFO - 100%
2025-01-30 02:38:28,625 - datalad.annex - INFO - Finished annex action: None
2025-01-30 02:38:28,625 - datalad.annex - INFO - sub-02/ieeg/sub-02_task-countingDeviants_ieeg.vmrk
2025-01-30 02:38:28,893 - datalad.annex - INFO - Start annex action: {'command': 'get', 'file': 'sub-03/ieeg/sub-03_task-countingDeviants_ieeg.eeg', 'input': ['.'], 'key': 'SHA256E-s86279900--1cf483e9779c29f4cab6aeb84c40c811d097c66770d9c657c1e1629c6f6932b8.eeg', 'note': 'from s3-PUBLIC...'}
2025-01-30 02:38:28,895 - datalad.annex - INFO - 0.02%
2025-01-30 02:38:28,896 - datalad.annex - INFO - 0.02%
2025-01-30 02:38:28,992 - datalad.annex - INFO - 3.88%
2025-01-30 02:38:28,992 - datalad.annex - INFO - 3.9%
2025-01-30 02:38:29,095 - datalad.annex - INFO - 6.48%
2025-01-30 02:38:29,095 - datalad.annex - INFO - 6.48%
2025-01-30 02:38:29,198 - datalad.annex - INFO - 9.65%
2025-01-30 02:38:29,198 - datalad.annex - INFO - 9.65%
2025-01-30 02:38:29,298 - datalad.annex - INFO - 12.74%
2025-01-30 02:38:29,299 - datalad.annex - INFO - 12.74%
2025-01-30 02:38:29,398 - datalad.annex - INFO - 15.52%
2025-01-30 02:38:29,398 - datalad.annex - INFO - 15.52%
2025-01-30 02:38:29,499 - datalad.annex - INFO - 18.27%
2025-01-30 02:38:29,499 - datalad.annex - INFO - 18.27%
2025-01-30 02:38:29,599 - datalad.annex - INFO - 21.95%
2025-01-30 02:38:29,599 - datalad.annex - INFO - 21.95%
2025-01-30 02:38:29,699 - datalad.annex - INFO - 24.71%
2025-01-30 02:38:29,699 - datalad.annex - INFO - 24.71%
2025-01-30 02:38:29,801 - datalad.annex - INFO - 27.57%
2025-01-30 02:38:29,801 - datalad.annex - INFO - 27.57%
2025-01-30 02:38:29,902 - datalad.annex - INFO - 31.01%
2025-01-30 02:38:29,902 - datalad.annex - INFO - 31.01%
2025-01-30 02:38:30,002 - datalad.annex - INFO - 33.99%
2025-01-30 02:38:30,002 - datalad.annex - INFO - 33.99%
2025-01-30 02:38:30,102 - datalad.annex - INFO - 37.18%
2025-01-30 02:38:30,102 - datalad.annex - INFO - 37.18%
2025-01-30 02:38:30,202 - datalad.annex - INFO - 40.35%
2025-01-30 02:38:30,202 - datalad.annex - INFO - 40.35%
2025-01-30 02:38:30,303 - datalad.annex - INFO - 43.41%
2025-01-30 02:38:30,303 - datalad.annex - INFO - 43.41%
2025-01-30 02:38:30,413 - datalad.annex - INFO - 46.43%
2025-01-30 02:38:30,413 - datalad.annex - INFO - 46.43%
2025-01-30 02:38:30,513 - datalad.annex - INFO - 50%
2025-01-30 02:38:30,514 - datalad.annex - INFO - 50%
2025-01-30 02:38:30,614 - datalad.annex - INFO - 52.94%
2025-01-30 02:38:30,614 - datalad.annex - INFO - 52.94%
2025-01-30 02:38:30,714 - datalad.annex - INFO - 55.74%
2025-01-30 02:38:30,714 - datalad.annex - INFO - 55.74%
2025-01-30 02:38:30,814 - datalad.annex - INFO - 58.96%
2025-01-30 02:38:30,815 - datalad.annex - INFO - 58.96%
2025-01-30 02:38:30,915 - datalad.annex - INFO - 61.7%
2025-01-30 02:38:30,915 - datalad.annex - INFO - 61.7%
2025-01-30 02:38:31,015 - datalad.annex - INFO - 65.12%
2025-01-30 02:38:31,015 - datalad.annex - INFO - 65.12%
2025-01-30 02:38:31,115 - datalad.annex - INFO - 67.87%
2025-01-30 02:38:31,115 - datalad.annex - INFO - 67.87%
2025-01-30 02:38:31,215 - datalad.annex - INFO - 70.91%
2025-01-30 02:38:31,216 - datalad.annex - INFO - 70.91%
2025-01-30 02:38:31,316 - datalad.annex - INFO - 74.29%
2025-01-30 02:38:31,316 - datalad.annex - INFO - 74.29%
2025-01-30 02:38:31,416 - datalad.annex - INFO - 77.16%
2025-01-30 02:38:31,416 - datalad.annex - INFO - 77.16%
2025-01-30 02:38:31,523 - datalad.annex - INFO - 80.16%
2025-01-30 02:38:31,523 - datalad.annex - INFO - 80.16%
2025-01-30 02:38:31,632 - datalad.annex - INFO - 83.5%
2025-01-30 02:38:31,632 - datalad.annex - INFO - 83.5%
2025-01-30 02:38:31,732 - datalad.annex - INFO - 86.99%
2025-01-30 02:38:31,733 - datalad.annex - INFO - 86.99%
2025-01-30 02:38:31,833 - datalad.annex - INFO - 89.95%
2025-01-30 02:38:31,833 - datalad.annex - INFO - 89.95%
2025-01-30 02:38:31,935 - datalad.annex - INFO - 92.82%
2025-01-30 02:38:31,935 - datalad.annex - INFO - 92.82%
2025-01-30 02:38:32,035 - datalad.annex - INFO - 96.35%
2025-01-30 02:38:32,036 - datalad.annex - INFO - 96.35%
2025-01-30 02:38:32,136 - datalad.annex - INFO - 99.37%
2025-01-30 02:38:32,136 - datalad.annex - INFO - 99.37%
2025-01-30 02:38:32,168 - datalad.annex - INFO - Finished annex action: {'command': 'get', 'file': 'sub-03/ieeg/sub-03_task-countingDeviants_ieeg.eeg', 'input': ['.'], 'key': 'SHA256E-s86279900--1cf483e9779c29f4cab6aeb84c40c811d097c66770d9c657c1e1629c6f6932b8.eeg', 'note': 'from s3-PUBLIC...'}
2025-01-30 02:38:32,168 - datalad.annex - INFO - Start annex action: {'command': 'get', 'file': 'sub-03/ieeg/sub-03_task-countingDeviants_ieeg.eeg', 'input': ['.'], 'key': 'SHA256E-s86279900--1cf483e9779c29f4cab6aeb84c40c811d097c66770d9c657c1e1629c6f6932b8.eeg', 'note': 'from s3-PUBLIC...'}
2025-01-30 02:38:32,168 - datalad.annex - INFO - 100%
2025-01-30 02:38:32,170 - datalad.annex - INFO - Finished annex action: None
2025-01-30 02:38:32,170 - datalad.annex - INFO - sub-03/ieeg/sub-03_task-countingDeviants_ieeg.eeg
2025-01-30 02:38:32,309 - datalad.annex - INFO - Start annex action: {'command': 'get', 'file': 'sub-03/ieeg/sub-03_task-countingDeviants_ieeg.vhdr', 'input': ['.'], 'key': 'SHA256E-s2162--82454d44ead02f68ae7543b603c542340d1b47a4fff38ac69a6fd2986aa94e93.vhdr', 'note': 'from s3-PUBLIC...'}
2025-01-30 02:38:32,310 - datalad.annex - INFO - 100%
2025-01-30 02:38:32,310 - datalad.annex - INFO - Finished annex action: {'command': 'get', 'file': 'sub-03/ieeg/sub-03_task-countingDeviants_ieeg.vhdr', 'input': ['.'], 'key': 'SHA256E-s2162--82454d44ead02f68ae7543b603c542340d1b47a4fff38ac69a6fd2986aa94e93.vhdr', 'note': 'from s3-PUBLIC...'}
2025-01-30 02:38:32,314 - datalad.annex - INFO - sub-03/ieeg/sub-03_task-countingDeviants_ieeg.vhdr
2025-01-30 02:38:32,521 - datalad.annex - INFO - Start annex action: {'command': 'get', 'file': 'sub-03/ieeg/sub-03_task-countingDeviants_ieeg.vmrk', 'input': ['.'], 'key': 'SHA256E-s60481--728364fb116819244399fb63ccdc512303369653a9f94e05b8c9b210f3c6eb47.vmrk', 'note': 'from s3-PUBLIC...'}
2025-01-30 02:38:32,523 - datalad.annex - INFO - 27.09%
2025-01-30 02:38:32,523 - datalad.annex - INFO - 27.09%
2025-01-30 02:38:32,527 - datalad.annex - INFO - Finished annex action: {'command': 'get', 'file': 'sub-03/ieeg/sub-03_task-countingDeviants_ieeg.vmrk', 'input': ['.'], 'key': 'SHA256E-s60481--728364fb116819244399fb63ccdc512303369653a9f94e05b8c9b210f3c6eb47.vmrk', 'note': 'from s3-PUBLIC...'}
2025-01-30 02:38:32,528 - datalad.annex - INFO - Start annex action: {'command': 'get', 'file': 'sub-03/ieeg/sub-03_task-countingDeviants_ieeg.vmrk', 'input': ['.'], 'key': 'SHA256E-s60481--728364fb116819244399fb63ccdc512303369653a9f94e05b8c9b210f3c6eb47.vmrk', 'note': 'from s3-PUBLIC...'}
2025-01-30 02:38:32,528 - datalad.annex - INFO - 100%
2025-01-30 02:38:32,531 - datalad.annex - INFO - Finished annex action: None
2025-01-30 02:38:32,531 - datalad.annex - INFO - sub-03/ieeg/sub-03_task-countingDeviants_ieeg.vmrk
2025-01-30 02:38:32,817 - datalad.annex - INFO - Start annex action: {'command': 'get', 'file': 'sub-04/ieeg/sub-04_task-countingDeviants_ieeg.eeg', 'input': ['.'], 'key': 'SHA256E-s81832800--1a87292bc3ef532e0d82bdaa4eabdbde2946f8451cbc0bc150ecd4fdb7e9aa5e.eeg', 'note': 'from s3-PUBLIC...'}
2025-01-30 02:38:32,817 - datalad.annex - INFO - 0.02%
2025-01-30 02:38:32,818 - datalad.annex - INFO - 0.02%
2025-01-30 02:38:32,916 - datalad.annex - INFO - 4.33%
2025-01-30 02:38:32,917 - datalad.annex - INFO - 4.35%
2025-01-30 02:38:33,018 - datalad.annex - INFO - 7.48%
2025-01-30 02:38:33,018 - datalad.annex - INFO - 7.48%
2025-01-30 02:38:33,118 - datalad.annex - INFO - 10.4%
2025-01-30 02:38:33,118 - datalad.annex - INFO - 10.4%
2025-01-30 02:38:33,218 - datalad.annex - INFO - 13.4%
2025-01-30 02:38:33,218 - datalad.annex - INFO - 13.4%
2025-01-30 02:38:33,321 - datalad.annex - INFO - 16.55%
2025-01-30 02:38:33,321 - datalad.annex - INFO - 16.55%
2025-01-30 02:38:33,433 - datalad.annex - INFO - 19.87%
2025-01-30 02:38:33,433 - datalad.annex - INFO - 19.87%
2025-01-30 02:38:33,537 - datalad.annex - INFO - 23.53%
2025-01-30 02:38:33,537 - datalad.annex - INFO - 23.53%
2025-01-30 02:38:33,637 - datalad.annex - INFO - 26.9%
2025-01-30 02:38:33,637 - datalad.annex - INFO - 26.9%
2025-01-30 02:38:33,737 - datalad.annex - INFO - 30.08%
2025-01-30 02:38:33,737 - datalad.annex - INFO - 30.08%
2025-01-30 02:38:33,844 - datalad.annex - INFO - 33.22%
2025-01-30 02:38:33,844 - datalad.annex - INFO - 33.22%
2025-01-30 02:38:33,944 - datalad.annex - INFO - 37.13%
2025-01-30 02:38:33,944 - datalad.annex - INFO - 37.13%
2025-01-30 02:38:34,044 - datalad.annex - INFO - 40.09%
2025-01-30 02:38:34,044 - datalad.annex - INFO - 40.09%
2025-01-30 02:38:34,144 - datalad.annex - INFO - 43.25%
2025-01-30 02:38:34,144 - datalad.annex - INFO - 43.25%
2025-01-30 02:38:34,246 - datalad.annex - INFO - 46.24%
2025-01-30 02:38:34,246 - datalad.annex - INFO - 46.24%
2025-01-30 02:38:34,359 - datalad.annex - INFO - 49.96%
2025-01-30 02:38:34,360 - datalad.annex - INFO - 49.96%
2025-01-30 02:38:34,474 - datalad.annex - INFO - 53.22%
2025-01-30 02:38:34,474 - datalad.annex - INFO - 53.22%
2025-01-30 02:38:34,575 - datalad.annex - INFO - 57.29%
2025-01-30 02:38:34,575 - datalad.annex - INFO - 57.29%
2025-01-30 02:38:34,675 - datalad.annex - INFO - 60.25%
2025-01-30 02:38:34,675 - datalad.annex - INFO - 60.25%
2025-01-30 02:38:34,775 - datalad.annex - INFO - 63.34%
2025-01-30 02:38:34,776 - datalad.annex - INFO - 63.34%
2025-01-30 02:38:34,876 - datalad.annex - INFO - 66.44%
2025-01-30 02:38:34,876 - datalad.annex - INFO - 66.44%
2025-01-30 02:38:34,976 - datalad.annex - INFO - 69.66%
2025-01-30 02:38:34,976 - datalad.annex - INFO - 69.66%
2025-01-30 02:38:35,077 - datalad.annex - INFO - 73.49%
2025-01-30 02:38:35,077 - datalad.annex - INFO - 73.49%
2025-01-30 02:38:35,177 - datalad.annex - INFO - 76.71%
2025-01-30 02:38:35,177 - datalad.annex - INFO - 76.71%
2025-01-30 02:38:35,277 - datalad.annex - INFO - 79.77%
2025-01-30 02:38:35,278 - datalad.annex - INFO - 79.77%
2025-01-30 02:38:35,378 - datalad.annex - INFO - 83.02%
2025-01-30 02:38:35,378 - datalad.annex - INFO - 83.02%
2025-01-30 02:38:35,478 - datalad.annex - INFO - 86.1%
2025-01-30 02:38:35,479 - datalad.annex - INFO - 86.1%
2025-01-30 02:38:35,580 - datalad.annex - INFO - 89.12%
2025-01-30 02:38:35,580 - datalad.annex - INFO - 89.12%
2025-01-30 02:38:35,691 - datalad.annex - INFO - 92.75%
2025-01-30 02:38:35,692 - datalad.annex - INFO - 92.75%
2025-01-30 02:38:35,800 - datalad.annex - INFO - 96.23%
2025-01-30 02:38:35,800 - datalad.annex - INFO - 96.23%
2025-01-30 02:38:35,912 - datalad.annex - INFO - 99.77%
2025-01-30 02:38:35,913 - datalad.annex - INFO - 99.77%
2025-01-30 02:38:35,917 - datalad.annex - INFO - Finished annex action: {'command': 'get', 'file': 'sub-04/ieeg/sub-04_task-countingDeviants_ieeg.eeg', 'input': ['.'], 'key': 'SHA256E-s81832800--1a87292bc3ef532e0d82bdaa4eabdbde2946f8451cbc0bc150ecd4fdb7e9aa5e.eeg', 'note': 'from s3-PUBLIC...'}
2025-01-30 02:38:35,917 - datalad.annex - INFO - Start annex action: {'command': 'get', 'file': 'sub-04/ieeg/sub-04_task-countingDeviants_ieeg.eeg', 'input': ['.'], 'key': 'SHA256E-s81832800--1a87292bc3ef532e0d82bdaa4eabdbde2946f8451cbc0bc150ecd4fdb7e9aa5e.eeg', 'note': 'from s3-PUBLIC...'}
2025-01-30 02:38:35,917 - datalad.annex - INFO - 100%
2025-01-30 02:38:35,919 - datalad.annex - INFO - Finished annex action: None
2025-01-30 02:38:35,919 - datalad.annex - INFO - sub-04/ieeg/sub-04_task-countingDeviants_ieeg.eeg
2025-01-30 02:38:36,045 - datalad.annex - INFO - Start annex action: {'command': 'get', 'file': 'sub-04/ieeg/sub-04_task-countingDeviants_ieeg.vhdr', 'input': ['.'], 'key': 'SHA256E-s2162--46860061c7faf6100bc60887e39a62f6267c94d23fd77514ff8d59304eb959c9.vhdr', 'note': 'from s3-PUBLIC...'}
2025-01-30 02:38:36,045 - datalad.annex - INFO - 100%
2025-01-30 02:38:36,046 - datalad.annex - INFO - Finished annex action: {'command': 'get', 'file': 'sub-04/ieeg/sub-04_task-countingDeviants_ieeg.vhdr', 'input': ['.'], 'key': 'SHA256E-s2162--46860061c7faf6100bc60887e39a62f6267c94d23fd77514ff8d59304eb959c9.vhdr', 'note': 'from s3-PUBLIC...'}
2025-01-30 02:38:36,048 - datalad.annex - INFO - sub-04/ieeg/sub-04_task-countingDeviants_ieeg.vhdr
2025-01-30 02:38:36,246 - datalad.annex - INFO - Start annex action: {'command': 'get', 'file': 'sub-04/ieeg/sub-04_task-countingDeviants_ieeg.vmrk', 'input': ['.'], 'key': 'SHA256E-s60462--9102e9e8763ba870251087f4942b624e7876644920a6e17d46049dba6ac4fb9b.vmrk', 'note': 'from s3-PUBLIC...'}
2025-01-30 02:38:36,248 - datalad.annex - INFO - 27.1%
2025-01-30 02:38:36,248 - datalad.annex - INFO - 27.1%
2025-01-30 02:38:36,251 - datalad.annex - INFO - Finished annex action: {'command': 'get', 'file': 'sub-04/ieeg/sub-04_task-countingDeviants_ieeg.vmrk', 'input': ['.'], 'key': 'SHA256E-s60462--9102e9e8763ba870251087f4942b624e7876644920a6e17d46049dba6ac4fb9b.vmrk', 'note': 'from s3-PUBLIC...'}
2025-01-30 02:38:36,251 - datalad.annex - INFO - Start annex action: {'command': 'get', 'file': 'sub-04/ieeg/sub-04_task-countingDeviants_ieeg.vmrk', 'input': ['.'], 'key': 'SHA256E-s60462--9102e9e8763ba870251087f4942b624e7876644920a6e17d46049dba6ac4fb9b.vmrk', 'note': 'from s3-PUBLIC...'}
2025-01-30 02:38:36,251 - datalad.annex - INFO - 100%
2025-01-30 02:38:36,254 - datalad.annex - INFO - Finished annex action: None
2025-01-30 02:38:36,254 - datalad.annex - INFO - sub-04/ieeg/sub-04_task-countingDeviants_ieeg.vmrk
2025-01-30 02:38:36,475 - datalad.annex - INFO - Start annex action: {'command': 'get', 'file': 'sub-06/ieeg/sub-06_task-countingDeviants_ieeg.eeg', 'input': ['.'], 'key': 'SHA256E-s56072800--9d1e8b35ba46cdee2ea10a4e31554740c5a93b9a7a1d2ebc4444c06671189e53.eeg', 'note': 'from s3-PUBLIC...'}
2025-01-30 02:38:36,476 - datalad.annex - INFO - 0.03%
2025-01-30 02:38:36,476 - datalad.annex - INFO - 0.03%
2025-01-30 02:38:36,574 - datalad.annex - INFO - 6.03%
2025-01-30 02:38:36,575 - datalad.annex - INFO - 6.06%
2025-01-30 02:38:36,674 - datalad.annex - INFO - 11.08%
2025-01-30 02:38:36,675 - datalad.annex - INFO - 11.11%
2025-01-30 02:38:36,775 - datalad.annex - INFO - 15.96%
2025-01-30 02:38:36,776 - datalad.annex - INFO - 15.96%
2025-01-30 02:38:36,876 - datalad.annex - INFO - 20.46%
2025-01-30 02:38:36,876 - datalad.annex - INFO - 20.46%
2025-01-30 02:38:36,976 - datalad.annex - INFO - 24.66%
2025-01-30 02:38:36,976 - datalad.annex - INFO - 24.66%
2025-01-30 02:38:37,078 - datalad.annex - INFO - 29.37%
2025-01-30 02:38:37,078 - datalad.annex - INFO - 29.37%
2025-01-30 02:38:37,178 - datalad.annex - INFO - 33.93%
2025-01-30 02:38:37,178 - datalad.annex - INFO - 33.93%
2025-01-30 02:38:37,279 - datalad.annex - INFO - 38.43%
2025-01-30 02:38:37,279 - datalad.annex - INFO - 38.43%
2025-01-30 02:38:37,379 - datalad.annex - INFO - 42.55%
2025-01-30 02:38:37,379 - datalad.annex - INFO - 42.55%
2025-01-30 02:38:37,496 - datalad.annex - INFO - 47.78%
2025-01-30 02:38:37,496 - datalad.annex - INFO - 47.78%
2025-01-30 02:38:37,609 - datalad.annex - INFO - 52.57%
2025-01-30 02:38:37,609 - datalad.annex - INFO - 52.57%
2025-01-30 02:38:37,721 - datalad.annex - INFO - 58%
2025-01-30 02:38:37,722 - datalad.annex - INFO - 58%
2025-01-30 02:38:37,836 - datalad.annex - INFO - 62.97%
2025-01-30 02:38:37,837 - datalad.annex - INFO - 62.97%
2025-01-30 02:38:37,949 - datalad.annex - INFO - 68.17%
2025-01-30 02:38:37,950 - datalad.annex - INFO - 68.17%
2025-01-30 02:38:38,066 - datalad.annex - INFO - 73.61%
2025-01-30 02:38:38,066 - datalad.annex - INFO - 73.61%
2025-01-30 02:38:38,178 - datalad.annex - INFO - 78.37%
2025-01-30 02:38:38,178 - datalad.annex - INFO - 78.37%
2025-01-30 02:38:38,278 - datalad.annex - INFO - 84.18%
2025-01-30 02:38:38,278 - datalad.annex - INFO - 84.18%
2025-01-30 02:38:38,379 - datalad.annex - INFO - 88.62%
2025-01-30 02:38:38,379 - datalad.annex - INFO - 88.62%
2025-01-30 02:38:38,479 - datalad.annex - INFO - 92.8%
2025-01-30 02:38:38,479 - datalad.annex - INFO - 92.8%
2025-01-30 02:38:38,582 - datalad.annex - INFO - 97.36%
2025-01-30 02:38:38,582 - datalad.annex - INFO - 97.36%
2025-01-30 02:38:38,628 - datalad.annex - INFO - Finished annex action: {'command': 'get', 'file': 'sub-06/ieeg/sub-06_task-countingDeviants_ieeg.eeg', 'input': ['.'], 'key': 'SHA256E-s56072800--9d1e8b35ba46cdee2ea10a4e31554740c5a93b9a7a1d2ebc4444c06671189e53.eeg', 'note': 'from s3-PUBLIC...'}
2025-01-30 02:38:38,628 - datalad.annex - INFO - Start annex action: {'command': 'get', 'file': 'sub-06/ieeg/sub-06_task-countingDeviants_ieeg.eeg', 'input': ['.'], 'key': 'SHA256E-s56072800--9d1e8b35ba46cdee2ea10a4e31554740c5a93b9a7a1d2ebc4444c06671189e53.eeg', 'note': 'from s3-PUBLIC...'}
2025-01-30 02:38:38,628 - datalad.annex - INFO - 100%
2025-01-30 02:38:38,630 - datalad.annex - INFO - Finished annex action: None
2025-01-30 02:38:38,630 - datalad.annex - INFO - sub-06/ieeg/sub-06_task-countingDeviants_ieeg.eeg
2025-01-30 02:38:38,872 - datalad.annex - INFO - Start annex action: {'command': 'get', 'file': 'sub-06/ieeg/sub-06_task-countingDeviants_ieeg.vhdr', 'input': ['.'], 'key': 'SHA256E-s2591--64455f58112d9fbac1bb84b093e38be3c21cd6c05a9f6cd9c151fbc5b63f27fe.vhdr', 'note': 'from s3-PUBLIC...'}
2025-01-30 02:38:38,874 - datalad.annex - INFO - 100%
2025-01-30 02:38:38,874 - datalad.annex - INFO - Finished annex action: {'command': 'get', 'file': 'sub-06/ieeg/sub-06_task-countingDeviants_ieeg.vhdr', 'input': ['.'], 'key': 'SHA256E-s2591--64455f58112d9fbac1bb84b093e38be3c21cd6c05a9f6cd9c151fbc5b63f27fe.vhdr', 'note': 'from s3-PUBLIC...'}
2025-01-30 02:38:38,877 - datalad.annex - INFO - sub-06/ieeg/sub-06_task-countingDeviants_ieeg.vhdr
2025-01-30 02:38:39,026 - datalad.annex - INFO - Start annex action: {'command': 'get', 'file': 'sub-06/ieeg/sub-06_task-countingDeviants_ieeg.vmrk', 'input': ['.'], 'key': 'SHA256E-s39990--598144d239cf12f704a147579281bc5690216776988bc6b6b0c27f73804f537b.vmrk', 'note': 'from s3-PUBLIC...'}
2025-01-30 02:38:39,028 - datalad.annex - INFO - 40.97%
2025-01-30 02:38:39,028 - datalad.annex - INFO - 40.97%
2025-01-30 02:38:39,029 - datalad.annex - INFO - Finished annex action: {'command': 'get', 'file': 'sub-06/ieeg/sub-06_task-countingDeviants_ieeg.vmrk', 'input': ['.'], 'key': 'SHA256E-s39990--598144d239cf12f704a147579281bc5690216776988bc6b6b0c27f73804f537b.vmrk', 'note': 'from s3-PUBLIC...'}
2025-01-30 02:38:39,029 - datalad.annex - INFO - Start annex action: {'command': 'get', 'file': 'sub-06/ieeg/sub-06_task-countingDeviants_ieeg.vmrk', 'input': ['.'], 'key': 'SHA256E-s39990--598144d239cf12f704a147579281bc5690216776988bc6b6b0c27f73804f537b.vmrk', 'note': 'from s3-PUBLIC...'}
2025-01-30 02:38:39,029 - datalad.annex - INFO - 100%
2025-01-30 02:38:39,032 - datalad.annex - INFO - Finished annex action: None
2025-01-30 02:38:39,033 - datalad.annex - INFO - sub-06/ieeg/sub-06_task-countingDeviants_ieeg.vmrk
2025-01-30 02:38:39,291 - datalad.annex - INFO - Start annex action: {'command': 'get', 'file': 'sub-07/ieeg/sub-07_task-countingDeviants_ieeg.eeg', 'input': ['.'], 'key': 'SHA256E-s89063200--8d2774a434586cb1b7bc139dcda84ddd589bf7f354565915c02574bc4fa2433f.eeg', 'note': 'from s3-PUBLIC...'}
2025-01-30 02:38:39,293 - datalad.annex - INFO - 0.02%
2025-01-30 02:38:39,293 - datalad.annex - INFO - 0.02%
2025-01-30 02:38:39,391 - datalad.annex - INFO - 3.79%
2025-01-30 02:38:39,391 - datalad.annex - INFO - 3.81%
2025-01-30 02:38:39,491 - datalad.annex - INFO - 6.42%
2025-01-30 02:38:39,492 - datalad.annex - INFO - 6.42%
2025-01-30 02:38:39,592 - datalad.annex - INFO - 9.6%
2025-01-30 02:38:39,592 - datalad.annex - INFO - 9.6%
2025-01-30 02:38:39,697 - datalad.annex - INFO - 12.42%
2025-01-30 02:38:39,697 - datalad.annex - INFO - 12.42%
2025-01-30 02:38:39,797 - datalad.annex - INFO - 15.8%
2025-01-30 02:38:39,797 - datalad.annex - INFO - 15.8%
2025-01-30 02:38:39,897 - datalad.annex - INFO - 18.47%
2025-01-30 02:38:39,897 - datalad.annex - INFO - 18.47%
2025-01-30 02:38:39,997 - datalad.annex - INFO - 22.11%
2025-01-30 02:38:39,997 - datalad.annex - INFO - 22.11%
2025-01-30 02:38:40,097 - datalad.annex - INFO - 24.89%
2025-01-30 02:38:40,097 - datalad.annex - INFO - 24.89%
2025-01-30 02:38:40,197 - datalad.annex - INFO - 27.67%
2025-01-30 02:38:40,198 - datalad.annex - INFO - 27.67%
2025-01-30 02:38:40,297 - datalad.annex - INFO - 31.27%
2025-01-30 02:38:40,298 - datalad.annex - INFO - 31.27%
2025-01-30 02:38:40,398 - datalad.annex - INFO - 34.07%
2025-01-30 02:38:40,398 - datalad.annex - INFO - 34.07%
2025-01-30 02:38:40,499 - datalad.annex - INFO - 36.85%
2025-01-30 02:38:40,499 - datalad.annex - INFO - 36.85%
2025-01-30 02:38:40,599 - datalad.annex - INFO - 39.66%
2025-01-30 02:38:40,599 - datalad.annex - INFO - 39.66%
2025-01-30 02:38:40,699 - datalad.annex - INFO - 42.48%
2025-01-30 02:38:40,700 - datalad.annex - INFO - 42.48%
2025-01-30 02:38:40,806 - datalad.annex - INFO - 45.48%
2025-01-30 02:38:40,806 - datalad.annex - INFO - 45.48%
2025-01-30 02:38:40,915 - datalad.annex - INFO - 48.71%
2025-01-30 02:38:40,916 - datalad.annex - INFO - 48.71%
2025-01-30 02:38:41,016 - datalad.annex - INFO - 52.39%
2025-01-30 02:38:41,016 - datalad.annex - INFO - 52.39%
2025-01-30 02:38:41,116 - datalad.annex - INFO - 54.91%
2025-01-30 02:38:41,116 - datalad.annex - INFO - 54.91%
2025-01-30 02:38:41,217 - datalad.annex - INFO - 58.06%
2025-01-30 02:38:41,217 - datalad.annex - INFO - 58.06%
2025-01-30 02:38:41,317 - datalad.annex - INFO - 61.33%
2025-01-30 02:38:41,317 - datalad.annex - INFO - 61.33%
2025-01-30 02:38:41,417 - datalad.annex - INFO - 64.28%
2025-01-30 02:38:41,418 - datalad.annex - INFO - 64.28%
2025-01-30 02:38:41,518 - datalad.annex - INFO - 67.7%
2025-01-30 02:38:41,518 - datalad.annex - INFO - 67.7%
2025-01-30 02:38:41,619 - datalad.annex - INFO - 70.46%
2025-01-30 02:38:41,619 - datalad.annex - INFO - 70.46%
2025-01-30 02:38:41,720 - datalad.annex - INFO - 73.35%
2025-01-30 02:38:41,721 - datalad.annex - INFO - 73.35%
2025-01-30 02:38:41,822 - datalad.annex - INFO - 76.93%
2025-01-30 02:38:41,822 - datalad.annex - INFO - 76.93%
2025-01-30 02:38:41,922 - datalad.annex - INFO - 79.77%
2025-01-30 02:38:41,922 - datalad.annex - INFO - 79.77%
2025-01-30 02:38:42,022 - datalad.annex - INFO - 82.67%
2025-01-30 02:38:42,022 - datalad.annex - INFO - 82.67%
2025-01-30 02:38:42,122 - datalad.annex - INFO - 86.11%
2025-01-30 02:38:42,123 - datalad.annex - INFO - 86.11%
2025-01-30 02:38:42,222 - datalad.annex - INFO - 88.96%
2025-01-30 02:38:42,223 - datalad.annex - INFO - 88.98%
2025-01-30 02:38:42,323 - datalad.annex - INFO - 91.85%
2025-01-30 02:38:42,323 - datalad.annex - INFO - 91.87%
2025-01-30 02:38:42,423 - datalad.annex - INFO - 94.57%
2025-01-30 02:38:42,423 - datalad.annex - INFO - 94.59%
2025-01-30 02:38:42,523 - datalad.annex - INFO - 97.46%
2025-01-30 02:38:42,524 - datalad.annex - INFO - 97.46%
2025-01-30 02:38:42,616 - datalad.annex - INFO - Finished annex action: {'command': 'get', 'file': 'sub-07/ieeg/sub-07_task-countingDeviants_ieeg.eeg', 'input': ['.'], 'key': 'SHA256E-s89063200--8d2774a434586cb1b7bc139dcda84ddd589bf7f354565915c02574bc4fa2433f.eeg', 'note': 'from s3-PUBLIC...'}
2025-01-30 02:38:42,616 - datalad.annex - INFO - Start annex action: {'command': 'get', 'file': 'sub-07/ieeg/sub-07_task-countingDeviants_ieeg.eeg', 'input': ['.'], 'key': 'SHA256E-s89063200--8d2774a434586cb1b7bc139dcda84ddd589bf7f354565915c02574bc4fa2433f.eeg', 'note': 'from s3-PUBLIC...'}
2025-01-30 02:38:42,616 - datalad.annex - INFO - 100%
2025-01-30 02:38:42,618 - datalad.annex - INFO - Finished annex action: None
2025-01-30 02:38:42,618 - datalad.annex - INFO - sub-07/ieeg/sub-07_task-countingDeviants_ieeg.eeg
2025-01-30 02:38:42,748 - datalad.annex - INFO - Start annex action: {'command': 'get', 'file': 'sub-07/ieeg/sub-07_task-countingDeviants_ieeg.vhdr', 'input': ['.'], 'key': 'SHA256E-s2370--8c0017ed4d6cc949fcb4d66cccc36e219b728e4bba26a4f0150c832956257469.vhdr', 'note': 'from s3-PUBLIC...'}
2025-01-30 02:38:42,748 - datalad.annex - INFO - 100%
2025-01-30 02:38:42,748 - datalad.annex - INFO - Finished annex action: {'command': 'get', 'file': 'sub-07/ieeg/sub-07_task-countingDeviants_ieeg.vhdr', 'input': ['.'], 'key': 'SHA256E-s2370--8c0017ed4d6cc949fcb4d66cccc36e219b728e4bba26a4f0150c832956257469.vhdr', 'note': 'from s3-PUBLIC...'}
2025-01-30 02:38:42,751 - datalad.annex - INFO - sub-07/ieeg/sub-07_task-countingDeviants_ieeg.vhdr
2025-01-30 02:38:42,909 - datalad.annex - INFO - Start annex action: {'command': 'get', 'file': 'sub-07/ieeg/sub-07_task-countingDeviants_ieeg.vmrk', 'input': ['.'], 'key': 'SHA256E-s60459--169d188bbf0e733a0a48f9dcb63e0c8d59f08847ed210a50ccd369fde5833670.vmrk', 'note': 'from s3-PUBLIC...'}
2025-01-30 02:38:42,910 - datalad.annex - INFO - 27.1%
2025-01-30 02:38:42,911 - datalad.annex - INFO - 27.1%
2025-01-30 02:38:42,914 - datalad.annex - INFO - Finished annex action: {'command': 'get', 'file': 'sub-07/ieeg/sub-07_task-countingDeviants_ieeg.vmrk', 'input': ['.'], 'key': 'SHA256E-s60459--169d188bbf0e733a0a48f9dcb63e0c8d59f08847ed210a50ccd369fde5833670.vmrk', 'note': 'from s3-PUBLIC...'}
2025-01-30 02:38:42,914 - datalad.annex - INFO - Start annex action: {'command': 'get', 'file': 'sub-07/ieeg/sub-07_task-countingDeviants_ieeg.vmrk', 'input': ['.'], 'key': 'SHA256E-s60459--169d188bbf0e733a0a48f9dcb63e0c8d59f08847ed210a50ccd369fde5833670.vmrk', 'note': 'from s3-PUBLIC...'}
2025-01-30 02:38:42,914 - datalad.annex - INFO - 100%
2025-01-30 02:38:42,917 - datalad.annex - INFO - Finished annex action: None
2025-01-30 02:38:42,918 - datalad.annex - INFO - sub-07/ieeg/sub-07_task-countingDeviants_ieeg.vmrk
2025-01-30 02:38:43,159 - datalad.annex - INFO - Start annex action: {'command': 'get', 'file': 'sub-09/ieeg/sub-09_task-countingDeviants_ieeg.eeg', 'input': ['.'], 'key': 'SHA256E-s133354200--536c598b7018827e110afeaf8698285bf7f6ce9c1a9dc54d5665be6b9d4ef359.eeg', 'note': 'from s3-PUBLIC...'}
2025-01-30 02:38:43,161 - datalad.annex - INFO - 0.01%
2025-01-30 02:38:43,161 - datalad.annex - INFO - 0.01%
2025-01-30 02:38:43,258 - datalad.annex - INFO - 2.52%
2025-01-30 02:38:43,258 - datalad.annex - INFO - 2.53%
2025-01-30 02:38:43,359 - datalad.annex - INFO - 4.34%
2025-01-30 02:38:43,359 - datalad.annex - INFO - 4.34%
2025-01-30 02:38:43,459 - datalad.annex - INFO - 6.33%
2025-01-30 02:38:43,459 - datalad.annex - INFO - 6.33%
2025-01-30 02:38:43,559 - datalad.annex - INFO - 8.18%
2025-01-30 02:38:43,559 - datalad.annex - INFO - 8.18%
2025-01-30 02:38:43,659 - datalad.annex - INFO - 10.03%
2025-01-30 02:38:43,660 - datalad.annex - INFO - 10.03%
2025-01-30 02:38:43,760 - datalad.annex - INFO - 11.84%
2025-01-30 02:38:43,760 - datalad.annex - INFO - 11.84%
2025-01-30 02:38:43,870 - datalad.annex - INFO - 13.97%
2025-01-30 02:38:43,870 - datalad.annex - INFO - 13.97%
2025-01-30 02:38:43,971 - datalad.annex - INFO - 16.05%
2025-01-30 02:38:43,971 - datalad.annex - INFO - 16.05%
2025-01-30 02:38:44,071 - datalad.annex - INFO - 18.18%
2025-01-30 02:38:44,071 - datalad.annex - INFO - 18.18%
2025-01-30 02:38:44,171 - datalad.annex - INFO - 20.04%
2025-01-30 02:38:44,171 - datalad.annex - INFO - 20.04%
2025-01-30 02:38:44,271 - datalad.annex - INFO - 21.82%
2025-01-30 02:38:44,272 - datalad.annex - INFO - 21.82%
2025-01-30 02:38:44,372 - datalad.annex - INFO - 23.7%
2025-01-30 02:38:44,372 - datalad.annex - INFO - 23.7%
2025-01-30 02:38:44,480 - datalad.annex - INFO - 25.73%
2025-01-30 02:38:44,480 - datalad.annex - INFO - 25.73%
2025-01-30 02:38:44,593 - datalad.annex - INFO - 27.77%
2025-01-30 02:38:44,594 - datalad.annex - INFO - 27.77%
2025-01-30 02:38:44,701 - datalad.annex - INFO - 30.14%
2025-01-30 02:38:44,701 - datalad.annex - INFO - 30.14%
2025-01-30 02:38:44,824 - datalad.annex - INFO - 32.28%
2025-01-30 02:38:44,825 - datalad.annex - INFO - 32.28%
2025-01-30 02:38:44,936 - datalad.annex - INFO - 34.49%
2025-01-30 02:38:44,936 - datalad.annex - INFO - 34.49%
2025-01-30 02:38:45,036 - datalad.annex - INFO - 36.74%
2025-01-30 02:38:45,036 - datalad.annex - INFO - 36.74%
2025-01-30 02:38:45,139 - datalad.annex - INFO - 38.74%
2025-01-30 02:38:45,139 - datalad.annex - INFO - 38.74%
2025-01-30 02:38:45,239 - datalad.annex - INFO - 40.62%
2025-01-30 02:38:45,239 - datalad.annex - INFO - 40.62%
2025-01-30 02:38:45,339 - datalad.annex - INFO - 42.52%
2025-01-30 02:38:45,339 - datalad.annex - INFO - 42.52%
2025-01-30 02:38:45,445 - datalad.annex - INFO - 44.51%
2025-01-30 02:38:45,445 - datalad.annex - INFO - 44.51%
2025-01-30 02:38:45,554 - datalad.annex - INFO - 46.66%
2025-01-30 02:38:45,554 - datalad.annex - INFO - 46.66%
2025-01-30 02:38:45,665 - datalad.annex - INFO - 48.81%
2025-01-30 02:38:45,665 - datalad.annex - INFO - 48.81%
2025-01-30 02:38:45,765 - datalad.annex - INFO - 50.93%
2025-01-30 02:38:45,766 - datalad.annex - INFO - 50.93%
2025-01-30 02:38:45,866 - datalad.annex - INFO - 52.81%
2025-01-30 02:38:45,866 - datalad.annex - INFO - 52.81%
2025-01-30 02:38:45,977 - datalad.annex - INFO - 54.88%
2025-01-30 02:38:45,977 - datalad.annex - INFO - 54.88%
2025-01-30 02:38:46,092 - datalad.annex - INFO - 57.17%
2025-01-30 02:38:46,092 - datalad.annex - INFO - 57.17%
2025-01-30 02:38:46,202 - datalad.annex - INFO - 59.31%
2025-01-30 02:38:46,203 - datalad.annex - INFO - 59.31%
2025-01-30 02:38:46,302 - datalad.annex - INFO - 61.62%
2025-01-30 02:38:46,303 - datalad.annex - INFO - 61.62%
2025-01-30 02:38:46,403 - datalad.annex - INFO - 63.54%
2025-01-30 02:38:46,403 - datalad.annex - INFO - 63.54%
2025-01-30 02:38:46,503 - datalad.annex - INFO - 65.55%
2025-01-30 02:38:46,503 - datalad.annex - INFO - 65.55%
2025-01-30 02:38:46,603 - datalad.annex - INFO - 67.27%
2025-01-30 02:38:46,604 - datalad.annex - INFO - 67.27%
2025-01-30 02:38:46,704 - datalad.annex - INFO - 69.52%
2025-01-30 02:38:46,704 - datalad.annex - INFO - 69.52%
2025-01-30 02:38:46,805 - datalad.annex - INFO - 71.47%
2025-01-30 02:38:46,805 - datalad.annex - INFO - 71.47%
2025-01-30 02:38:46,905 - datalad.annex - INFO - 73.4%
2025-01-30 02:38:46,905 - datalad.annex - INFO - 73.4%
2025-01-30 02:38:47,005 - datalad.annex - INFO - 75.13%
2025-01-30 02:38:47,005 - datalad.annex - INFO - 75.13%
2025-01-30 02:38:47,105 - datalad.annex - INFO - 76.99%
2025-01-30 02:38:47,105 - datalad.annex - INFO - 76.99%
2025-01-30 02:38:47,205 - datalad.annex - INFO - 79.39%
2025-01-30 02:38:47,205 - datalad.annex - INFO - 79.39%
2025-01-30 02:38:47,306 - datalad.annex - INFO - 81.24%
2025-01-30 02:38:47,306 - datalad.annex - INFO - 81.24%
2025-01-30 02:38:47,407 - datalad.annex - INFO - 83.05%
2025-01-30 02:38:47,408 - datalad.annex - INFO - 83.05%
2025-01-30 02:38:47,508 - datalad.annex - INFO - 85.17%
2025-01-30 02:38:47,508 - datalad.annex - INFO - 85.17%
2025-01-30 02:38:47,609 - datalad.annex - INFO - 86.89%
2025-01-30 02:38:47,609 - datalad.annex - INFO - 86.89%
2025-01-30 02:38:47,725 - datalad.annex - INFO - 88.95%
2025-01-30 02:38:47,726 - datalad.annex - INFO - 88.95%
2025-01-30 02:38:47,836 - datalad.annex - INFO - 91.08%
2025-01-30 02:38:47,836 - datalad.annex - INFO - 91.08%
2025-01-30 02:38:47,950 - datalad.annex - INFO - 93.23%
2025-01-30 02:38:47,950 - datalad.annex - INFO - 93.23%
2025-01-30 02:38:48,068 - datalad.annex - INFO - 95.51%
2025-01-30 02:38:48,068 - datalad.annex - INFO - 95.51%
2025-01-30 02:38:48,180 - datalad.annex - INFO - 97.55%
2025-01-30 02:38:48,180 - datalad.annex - INFO - 97.55%
2025-01-30 02:38:48,296 - datalad.annex - INFO - 99.79%
2025-01-30 02:38:48,296 - datalad.annex - INFO - 99.79%
2025-01-30 02:38:48,303 - datalad.annex - INFO - Finished annex action: {'command': 'get', 'file': 'sub-09/ieeg/sub-09_task-countingDeviants_ieeg.eeg', 'input': ['.'], 'key': 'SHA256E-s133354200--536c598b7018827e110afeaf8698285bf7f6ce9c1a9dc54d5665be6b9d4ef359.eeg', 'note': 'from s3-PUBLIC...'}
2025-01-30 02:38:48,303 - datalad.annex - INFO - Start annex action: {'command': 'get', 'file': 'sub-09/ieeg/sub-09_task-countingDeviants_ieeg.eeg', 'input': ['.'], 'key': 'SHA256E-s133354200--536c598b7018827e110afeaf8698285bf7f6ce9c1a9dc54d5665be6b9d4ef359.eeg', 'note': 'from s3-PUBLIC...'}
2025-01-30 02:38:48,304 - datalad.annex - INFO - 100%
2025-01-30 02:38:48,305 - datalad.annex - INFO - Finished annex action: None
2025-01-30 02:38:48,305 - datalad.annex - INFO - sub-09/ieeg/sub-09_task-countingDeviants_ieeg.eeg
2025-01-30 02:38:48,446 - datalad.annex - INFO - Start annex action: {'command': 'get', 'file': 'sub-09/ieeg/sub-09_task-countingDeviants_ieeg.vhdr', 'input': ['.'], 'key': 'SHA256E-s2574--35f4012b02760885b6ab73aacbbef94bc80724239ef6f59498d76c238c8bd4bf.vhdr', 'note': 'from s3-PUBLIC...'}
2025-01-30 02:38:48,447 - datalad.annex - INFO - 100%
2025-01-30 02:38:48,447 - datalad.annex - INFO - Finished annex action: {'command': 'get', 'file': 'sub-09/ieeg/sub-09_task-countingDeviants_ieeg.vhdr', 'input': ['.'], 'key': 'SHA256E-s2574--35f4012b02760885b6ab73aacbbef94bc80724239ef6f59498d76c238c8bd4bf.vhdr', 'note': 'from s3-PUBLIC...'}
2025-01-30 02:38:48,450 - datalad.annex - INFO - sub-09/ieeg/sub-09_task-countingDeviants_ieeg.vhdr
2025-01-30 02:38:48,650 - datalad.annex - INFO - Start annex action: {'command': 'get', 'file': 'sub-09/ieeg/sub-09_task-countingDeviants_ieeg.vmrk', 'input': ['.'], 'key': 'SHA256E-s101422--0f12c049d6748e8b012a635e4b40936aeac65ee858ecb6eb1a3c0640ac94090b.vmrk', 'note': 'from s3-PUBLIC...'}
2025-01-30 02:38:48,652 - datalad.annex - INFO - 16.15%
2025-01-30 02:38:48,653 - datalad.annex - INFO - 16.15%
2025-01-30 02:38:48,658 - datalad.annex - INFO - Finished annex action: {'command': 'get', 'file': 'sub-09/ieeg/sub-09_task-countingDeviants_ieeg.vmrk', 'input': ['.'], 'key': 'SHA256E-s101422--0f12c049d6748e8b012a635e4b40936aeac65ee858ecb6eb1a3c0640ac94090b.vmrk', 'note': 'from s3-PUBLIC...'}
2025-01-30 02:38:48,658 - datalad.annex - INFO - Start annex action: {'command': 'get', 'file': 'sub-09/ieeg/sub-09_task-countingDeviants_ieeg.vmrk', 'input': ['.'], 'key': 'SHA256E-s101422--0f12c049d6748e8b012a635e4b40936aeac65ee858ecb6eb1a3c0640ac94090b.vmrk', 'note': 'from s3-PUBLIC...'}
2025-01-30 02:38:48,659 - datalad.annex - INFO - 100%
2025-01-30 02:38:48,662 - datalad.annex - INFO - Finished annex action: None
2025-01-30 02:38:48,662 - datalad.annex - INFO - sub-09/ieeg/sub-09_task-countingDeviants_ieeg.vmrk
2025-01-30 02:38:48,917 - datalad.annex - INFO - Start annex action: {'command': 'get', 'file': 'sub-10/ieeg/sub-10_task-countingDeviants_ieeg.eeg', 'input': ['.'], 'key': 'SHA256E-s132391700--189808c71fa597d3c979dc4fc9db82bc9bedf7f00cbbd62c178b077554ba2a3d.eeg', 'note': 'from s3-PUBLIC...'}
2025-01-30 02:38:48,919 - datalad.annex - INFO - 0.01%
2025-01-30 02:38:48,919 - datalad.annex - INFO - 0.01%
2025-01-30 02:38:49,015 - datalad.annex - INFO - 2.48%
2025-01-30 02:38:49,016 - datalad.annex - INFO - 2.51%
2025-01-30 02:38:49,116 - datalad.annex - INFO - 4.45%
2025-01-30 02:38:49,117 - datalad.annex - INFO - 4.45%
2025-01-30 02:38:49,219 - datalad.annex - INFO - 6.4%
2025-01-30 02:38:49,219 - datalad.annex - INFO - 6.4%
2025-01-30 02:38:49,319 - datalad.annex - INFO - 8.47%
2025-01-30 02:38:49,320 - datalad.annex - INFO - 8.47%
2025-01-30 02:38:49,420 - datalad.annex - INFO - 10.33%
2025-01-30 02:38:49,420 - datalad.annex - INFO - 10.33%
2025-01-30 02:38:49,520 - datalad.annex - INFO - 12.61%
2025-01-30 02:38:49,520 - datalad.annex - INFO - 12.61%
2025-01-30 02:38:49,620 - datalad.annex - INFO - 14.5%
2025-01-30 02:38:49,620 - datalad.annex - INFO - 14.5%
2025-01-30 02:38:49,720 - datalad.annex - INFO - 16.36%
2025-01-30 02:38:49,721 - datalad.annex - INFO - 16.36%
2025-01-30 02:38:49,821 - datalad.annex - INFO - 18.26%
2025-01-30 02:38:49,821 - datalad.annex - INFO - 18.26%
2025-01-30 02:38:49,931 - datalad.annex - INFO - 20.37%
2025-01-30 02:38:49,932 - datalad.annex - INFO - 20.37%
2025-01-30 02:38:50,031 - datalad.annex - INFO - 22.81%
2025-01-30 02:38:50,032 - datalad.annex - INFO - 22.81%
2025-01-30 02:38:50,132 - datalad.annex - INFO - 24.66%
2025-01-30 02:38:50,132 - datalad.annex - INFO - 24.66%
2025-01-30 02:38:50,233 - datalad.annex - INFO - 26.67%
2025-01-30 02:38:50,233 - datalad.annex - INFO - 26.67%
2025-01-30 02:38:50,333 - datalad.annex - INFO - 28.46%
2025-01-30 02:38:50,333 - datalad.annex - INFO - 28.46%
2025-01-30 02:38:50,444 - datalad.annex - INFO - 30.53%
2025-01-30 02:38:50,445 - datalad.annex - INFO - 30.53%
2025-01-30 02:38:50,558 - datalad.annex - INFO - 32.74%
2025-01-30 02:38:50,558 - datalad.annex - INFO - 32.74%
2025-01-30 02:38:50,669 - datalad.annex - INFO - 35.02%
2025-01-30 02:38:50,669 - datalad.annex - INFO - 35.02%
2025-01-30 02:38:50,779 - datalad.annex - INFO - 37.17%
2025-01-30 02:38:50,780 - datalad.annex - INFO - 37.17%
2025-01-30 02:38:50,885 - datalad.annex - INFO - 39.34%
2025-01-30 02:38:50,885 - datalad.annex - INFO - 39.34%
2025-01-30 02:38:50,985 - datalad.annex - INFO - 41.41%
2025-01-30 02:38:50,985 - datalad.annex - INFO - 41.41%
2025-01-30 02:38:51,085 - datalad.annex - INFO - 43.24%
2025-01-30 02:38:51,085 - datalad.annex - INFO - 43.24%
2025-01-30 02:38:51,185 - datalad.annex - INFO - 45.16%
2025-01-30 02:38:51,186 - datalad.annex - INFO - 45.16%
2025-01-30 02:38:51,286 - datalad.annex - INFO - 47.38%
2025-01-30 02:38:51,286 - datalad.annex - INFO - 47.38%
2025-01-30 02:38:51,386 - datalad.annex - INFO - 49.3%
2025-01-30 02:38:51,386 - datalad.annex - INFO - 49.3%
2025-01-30 02:38:51,486 - datalad.annex - INFO - 51.13%
2025-01-30 02:38:51,486 - datalad.annex - INFO - 51.13%
2025-01-30 02:38:51,588 - datalad.annex - INFO - 53%
2025-01-30 02:38:51,588 - datalad.annex - INFO - 53%
2025-01-30 02:38:51,701 - datalad.annex - INFO - 55.02%
2025-01-30 02:38:51,702 - datalad.annex - INFO - 55.02%
2025-01-30 02:38:51,803 - datalad.annex - INFO - 57.27%
2025-01-30 02:38:51,803 - datalad.annex - INFO - 57.27%
2025-01-30 02:38:51,929 - datalad.annex - INFO - 59.41%
2025-01-30 02:38:51,929 - datalad.annex - INFO - 59.41%
2025-01-30 02:38:52,041 - datalad.annex - INFO - 61.59%
2025-01-30 02:38:52,041 - datalad.annex - INFO - 61.59%
2025-01-30 02:38:52,152 - datalad.annex - INFO - 63.77%
2025-01-30 02:38:52,153 - datalad.annex - INFO - 63.77%
2025-01-30 02:38:52,254 - datalad.annex - INFO - 65.93%
2025-01-30 02:38:52,254 - datalad.annex - INFO - 65.93%
2025-01-30 02:38:52,354 - datalad.annex - INFO - 68.01%
2025-01-30 02:38:52,354 - datalad.annex - INFO - 68.01%
2025-01-30 02:38:52,454 - datalad.annex - INFO - 69.98%
2025-01-30 02:38:52,454 - datalad.annex - INFO - 69.98%
2025-01-30 02:38:52,555 - datalad.annex - INFO - 71.82%
2025-01-30 02:38:52,555 - datalad.annex - INFO - 71.82%
2025-01-30 02:38:52,656 - datalad.annex - INFO - 73.67%
2025-01-30 02:38:52,656 - datalad.annex - INFO - 73.67%
2025-01-30 02:38:52,756 - datalad.annex - INFO - 76.11%
2025-01-30 02:38:52,757 - datalad.annex - INFO - 76.11%
2025-01-30 02:38:52,857 - datalad.annex - INFO - 77.94%
2025-01-30 02:38:52,857 - datalad.annex - INFO - 77.94%
2025-01-30 02:38:52,957 - datalad.annex - INFO - 79.74%
2025-01-30 02:38:52,957 - datalad.annex - INFO - 79.74%
2025-01-30 02:38:53,057 - datalad.annex - INFO - 81.69%
2025-01-30 02:38:53,057 - datalad.annex - INFO - 81.69%
2025-01-30 02:38:53,164 - datalad.annex - INFO - 83.68%
2025-01-30 02:38:53,164 - datalad.annex - INFO - 83.68%
2025-01-30 02:38:53,267 - datalad.annex - INFO - 85.85%
2025-01-30 02:38:53,267 - datalad.annex - INFO - 85.85%
2025-01-30 02:38:53,375 - datalad.annex - INFO - 88%
2025-01-30 02:38:53,375 - datalad.annex - INFO - 88%
2025-01-30 02:38:53,475 - datalad.annex - INFO - 90.15%
2025-01-30 02:38:53,475 - datalad.annex - INFO - 90.15%
2025-01-30 02:38:53,575 - datalad.annex - INFO - 92.11%
2025-01-30 02:38:53,575 - datalad.annex - INFO - 92.11%
2025-01-30 02:38:53,675 - datalad.annex - INFO - 93.9%
2025-01-30 02:38:53,675 - datalad.annex - INFO - 93.9%
2025-01-30 02:38:53,776 - datalad.annex - INFO - 95.84%
2025-01-30 02:38:53,776 - datalad.annex - INFO - 95.84%
2025-01-30 02:38:53,876 - datalad.annex - INFO - 97.69%
2025-01-30 02:38:53,876 - datalad.annex - INFO - 97.69%
2025-01-30 02:38:53,989 - datalad.annex - INFO - 99.88%
2025-01-30 02:38:53,989 - datalad.annex - INFO - 99.88%
2025-01-30 02:38:53,993 - datalad.annex - INFO - Finished annex action: {'command': 'get', 'file': 'sub-10/ieeg/sub-10_task-countingDeviants_ieeg.eeg', 'input': ['.'], 'key': 'SHA256E-s132391700--189808c71fa597d3c979dc4fc9db82bc9bedf7f00cbbd62c178b077554ba2a3d.eeg', 'note': 'from s3-PUBLIC...'}
2025-01-30 02:38:53,993 - datalad.annex - INFO - Start annex action: {'command': 'get', 'file': 'sub-10/ieeg/sub-10_task-countingDeviants_ieeg.eeg', 'input': ['.'], 'key': 'SHA256E-s132391700--189808c71fa597d3c979dc4fc9db82bc9bedf7f00cbbd62c178b077554ba2a3d.eeg', 'note': 'from s3-PUBLIC...'}
2025-01-30 02:38:53,993 - datalad.annex - INFO - 100%
2025-01-30 02:38:53,997 - datalad.annex - INFO - Finished annex action: None
2025-01-30 02:38:53,997 - datalad.annex - INFO - sub-10/ieeg/sub-10_task-countingDeviants_ieeg.eeg
2025-01-30 02:38:54,130 - datalad.annex - INFO - Start annex action: {'command': 'get', 'file': 'sub-10/ieeg/sub-10_task-countingDeviants_ieeg.vhdr', 'input': ['.'], 'key': 'SHA256E-s2580--816e4276eaca844fee4e300e5aff8bc866ed17693f5e2a8ebe8ab9f053c1112f.vhdr', 'note': 'from s3-PUBLIC...'}
2025-01-30 02:38:54,130 - datalad.annex - INFO - 100%
2025-01-30 02:38:54,131 - datalad.annex - INFO - Finished annex action: {'command': 'get', 'file': 'sub-10/ieeg/sub-10_task-countingDeviants_ieeg.vhdr', 'input': ['.'], 'key': 'SHA256E-s2580--816e4276eaca844fee4e300e5aff8bc866ed17693f5e2a8ebe8ab9f053c1112f.vhdr', 'note': 'from s3-PUBLIC...'}
2025-01-30 02:38:54,133 - datalad.annex - INFO - sub-10/ieeg/sub-10_task-countingDeviants_ieeg.vhdr
2025-01-30 02:38:54,361 - datalad.annex - INFO - Start annex action: {'command': 'get', 'file': 'sub-10/ieeg/sub-10_task-countingDeviants_ieeg.vmrk', 'input': ['.'], 'key': 'SHA256E-s101411--cfa6d1439836d130f430061619308709932f97a3f229f6cd3bd4aad1d746c41b.vmrk', 'note': 'from s3-PUBLIC...'}
2025-01-30 02:38:54,362 - datalad.annex - INFO - 16.16%
2025-01-30 02:38:54,362 - datalad.annex - INFO - 16.16%
2025-01-30 02:38:54,369 - datalad.annex - INFO - Finished annex action: {'command': 'get', 'file': 'sub-10/ieeg/sub-10_task-countingDeviants_ieeg.vmrk', 'input': ['.'], 'key': 'SHA256E-s101411--cfa6d1439836d130f430061619308709932f97a3f229f6cd3bd4aad1d746c41b.vmrk', 'note': 'from s3-PUBLIC...'}
2025-01-30 02:38:54,369 - datalad.annex - INFO - Start annex action: {'command': 'get', 'file': 'sub-10/ieeg/sub-10_task-countingDeviants_ieeg.vmrk', 'input': ['.'], 'key': 'SHA256E-s101411--cfa6d1439836d130f430061619308709932f97a3f229f6cd3bd4aad1d746c41b.vmrk', 'note': 'from s3-PUBLIC...'}
2025-01-30 02:38:54,369 - datalad.annex - INFO - 100%
2025-01-30 02:38:54,373 - datalad.annex - INFO - Finished annex action: None
2025-01-30 02:38:54,373 - datalad.annex - INFO - Finished annex get
2025-01-30 02:42:38,996 - root - CRITICAL - Fatal error during application startup: [Errno 13] Permission denied: '/Users/janinegraser/PycharmProjects/openneuro_preprocessing_API/openneuro_app/temp/ds005691/.git/annex/objects/QQ/qz/SHA256E-s2162--46860061c7faf6100bc60887e39a62f6267c94d23fd77514ff8d59304eb959c9.vhdr'
Traceback (most recent call last):
  File "/Users/janinegraser/PycharmProjects/openneuro_preprocessing_API/openneuro_app/main.py", line 103, in main
    cleanup_temp()
  File "/Users/janinegraser/PycharmProjects/openneuro_preprocessing_API/openneuro_app/config.py", line 42, in cleanup_temp
    shutil.rmtree(TEMP_DIR)
  File "/Users/janinegraser/miniconda3/lib/python3.12/shutil.py", line 759, in rmtree
    _rmtree_safe_fd(stack, onexc)
  File "/Users/janinegraser/miniconda3/lib/python3.12/shutil.py", line 703, in _rmtree_safe_fd
    onexc(func, path, err)
  File "/Users/janinegraser/miniconda3/lib/python3.12/shutil.py", line 700, in _rmtree_safe_fd
    onexc(os.unlink, fullname, err)
  File "/Users/janinegraser/miniconda3/lib/python3.12/shutil.py", line 698, in _rmtree_safe_fd
    os.unlink(entry.name, dir_fd=topfd)
PermissionError: [Errno 13] Permission denied: '/Users/janinegraser/PycharmProjects/openneuro_preprocessing_API/openneuro_app/temp/ds005691/.git/annex/objects/QQ/qz/SHA256E-s2162--46860061c7faf6100bc60887e39a62f6267c94d23fd77514ff8d59304eb959c9.vhdr'
